{"meta": {"format": 3, "version": "7.11.0", "timestamp": "2025-10-25T02:33:31.562730", "branch_coverage": false, "show_contexts": false}, "files": {"scripts\\automatic_evidence_tracker.py": {"executed_lines": [2, 16, 17, 18, 19, 20, 21, 22, 23, 24, 27, 28, 29, 31, 32, 33, 34, 35, 36, 37, 38, 39, 42, 43, 52, 54, 55, 56, 58, 59, 76, 77, 79, 80, 83, 84, 86, 96, 98, 100, 101, 103, 114, 115, 117, 124, 135, 136, 137, 139, 140, 142, 152, 159, 161, 163, 164, 166, 173, 175, 192, 193, 194, 202, 211, 213, 214, 217], "summary": {"covered_lines": 65, "num_statements": 88, "percent_covered": 73.86363636363636, "percent_covered_display": "74", "missing_lines": 23, "excluded_lines": 0}, "missing_lines": [125, 203, 219, 220, 222, 225, 226, 227, 228, 230, 233, 234, 235, 236, 237, 238, 241, 242, 243, 244, 245, 247, 248], "excluded_lines": [], "functions": {"AutomaticEvidenceTracker.__init__": {"executed_lines": [54, 55, 56], "summary": {"covered_lines": 3, "num_statements": 3, "percent_covered": 100.0, "percent_covered_display": "100", "missing_lines": 0, "excluded_lines": 0}, "missing_lines": [], "excluded_lines": []}, "AutomaticEvidenceTracker.track_task_execution": {"executed_lines": [76, 77, 79, 80, 83, 84, 86, 96, 98, 100, 101, 103, 114, 115], "summary": {"covered_lines": 14, "num_statements": 14, "percent_covered": 100.0, "percent_covered_display": "100", "missing_lines": 0, "excluded_lines": 0}, "missing_lines": [], "excluded_lines": []}, "AutomaticEvidenceTracker.generate_report": {"executed_lines": [124, 135, 136, 137, 139, 140, 142], "summary": {"covered_lines": 7, "num_statements": 8, "percent_covered": 87.5, "percent_covered_display": "88", "missing_lines": 1, "excluded_lines": 0}, "missing_lines": [125], "excluded_lines": []}, "AutomaticEvidenceTracker.export_to_json": {"executed_lines": [159, 161, 163, 164], "summary": {"covered_lines": 4, "num_statements": 4, "percent_covered": 100.0, "percent_covered_display": "100", "missing_lines": 0, "excluded_lines": 0}, "missing_lines": [], "excluded_lines": []}, "AutomaticEvidenceTracker.export_to_obsidian": {"executed_lines": [173, 175, 192, 193, 194, 202, 211, 213, 214], "summary": {"covered_lines": 9, "num_statements": 10, "percent_covered": 90.0, "percent_covered_display": "90", "missing_lines": 1, "excluded_lines": 0}, "missing_lines": [203], "excluded_lines": []}, "": {"executed_lines": [2, 16, 17, 18, 19, 20, 21, 22, 23, 24, 27, 28, 29, 31, 32, 33, 34, 35, 36, 37, 38, 39, 42, 43, 52, 58, 59, 117, 152, 166, 217], "summary": {"covered_lines": 28, "num_statements": 49, "percent_covered": 57.142857142857146, "percent_covered_display": "57", "missing_lines": 21, "excluded_lines": 0}, "missing_lines": [219, 220, 222, 225, 226, 227, 228, 230, 233, 234, 235, 236, 237, 238, 241, 242, 243, 244, 245, 247, 248], "excluded_lines": []}}, "classes": {"TaskExecutionEvent": {"executed_lines": [], "summary": {"covered_lines": 0, "num_statements": 0, "percent_covered": 100.0, "percent_covered_display": "100", "missing_lines": 0, "excluded_lines": 0}, "missing_lines": [], "excluded_lines": []}, "AutomaticEvidenceTracker": {"executed_lines": [54, 55, 56, 76, 77, 79, 80, 83, 84, 86, 96, 98, 100, 101, 103, 114, 115, 124, 135, 136, 137, 139, 140, 142, 159, 161, 163, 164, 173, 175, 192, 193, 194, 202, 211, 213, 214], "summary": {"covered_lines": 37, "num_statements": 39, "percent_covered": 94.87179487179488, "percent_covered_display": "95", "missing_lines": 2, "excluded_lines": 0}, "missing_lines": [125, 203], "excluded_lines": []}, "": {"executed_lines": [2, 16, 17, 18, 19, 20, 21, 22, 23, 24, 27, 28, 29, 31, 32, 33, 34, 35, 36, 37, 38, 39, 42, 43, 52, 58, 59, 117, 152, 166, 217], "summary": {"covered_lines": 28, "num_statements": 49, "percent_covered": 57.142857142857146, "percent_covered_display": "57", "missing_lines": 21, "excluded_lines": 0}, "missing_lines": [219, 220, 222, 225, 226, 227, 228, 230, 233, 234, 235, 236, 237, 238, 241, 242, 243, 244, 245, 247, 248], "excluded_lines": []}}}, "scripts\\check_release_env.py": {"executed_lines": [], "summary": {"covered_lines": 0, "num_statements": 78, "percent_covered": 0.0, "percent_covered_display": "0", "missing_lines": 78, "excluded_lines": 0}, "missing_lines": [12, 14, 15, 16, 17, 19, 20, 21, 24, 25, 28, 29, 30, 31, 32, 35, 36, 37, 39, 40, 41, 42, 43, 46, 47, 48, 49, 50, 51, 52, 53, 56, 57, 58, 60, 61, 62, 63, 65, 66, 75, 76, 77, 82, 83, 84, 89, 92, 93, 95, 96, 97, 98, 99, 101, 102, 103, 104, 105, 106, 107, 109, 110, 111, 113, 115, 116, 117, 119, 121, 122, 123, 124, 125, 127, 128, 131, 132], "excluded_lines": [], "functions": {"run": {"executed_lines": [], "summary": {"covered_lines": 0, "num_statements": 1, "percent_covered": 0.0, "percent_covered_display": "0", "missing_lines": 1, "excluded_lines": 0}, "missing_lines": [25], "excluded_lines": []}, "get_node_version": {"executed_lines": [], "summary": {"covered_lines": 0, "num_statements": 4, "percent_covered": 0.0, "percent_covered_display": "0", "missing_lines": 4, "excluded_lines": 0}, "missing_lines": [29, 30, 31, 32], "excluded_lines": []}, "parse_major": {"executed_lines": [], "summary": {"covered_lines": 0, "num_statements": 7, "percent_covered": 0.0, "percent_covered_display": "0", "missing_lines": 7, "excluded_lines": 0}, "missing_lines": [36, 37, 39, 40, 41, 42, 43], "excluded_lines": []}, "read_expected_node_major": {"executed_lines": [], "summary": {"covered_lines": 0, "num_statements": 7, "percent_covered": 0.0, "percent_covered_display": "0", "missing_lines": 7, "excluded_lines": 0}, "missing_lines": [47, 48, 49, 50, 51, 52, 53], "excluded_lines": []}, "check_semantic_release_deps": {"executed_lines": [], "summary": {"covered_lines": 0, "num_statements": 15, "percent_covered": 0.0, "percent_covered_display": "0", "missing_lines": 15, "excluded_lines": 0}, "missing_lines": [57, 58, 60, 61, 62, 63, 65, 66, 75, 76, 77, 82, 83, 84, 89], "excluded_lines": []}, "main": {"executed_lines": [], "summary": {"covered_lines": 0, "num_statements": 28, "percent_covered": 0.0, "percent_covered_display": "0", "missing_lines": 28, "excluded_lines": 0}, "missing_lines": [93, 95, 96, 97, 98, 99, 101, 102, 103, 104, 105, 106, 107, 109, 110, 111, 113, 115, 116, 117, 119, 121, 122, 123, 124, 125, 127, 128], "excluded_lines": []}, "": {"executed_lines": [], "summary": {"covered_lines": 0, "num_statements": 16, "percent_covered": 0.0, "percent_covered_display": "0", "missing_lines": 16, "excluded_lines": 0}, "missing_lines": [12, 14, 15, 16, 17, 19, 20, 21, 24, 28, 35, 46, 56, 92, 131, 132], "excluded_lines": []}}, "classes": {"": {"executed_lines": [], "summary": {"covered_lines": 0, "num_statements": 78, "percent_covered": 0.0, "percent_covered_display": "0", "missing_lines": 78, "excluded_lines": 0}, "missing_lines": [12, 14, 15, 16, 17, 19, 20, 21, 24, 25, 28, 29, 30, 31, 32, 35, 36, 37, 39, 40, 41, 42, 43, 46, 47, 48, 49, 50, 51, 52, 53, 56, 57, 58, 60, 61, 62, 63, 65, 66, 75, 76, 77, 82, 83, 84, 89, 92, 93, 95, 96, 97, 98, 99, 101, 102, 103, 104, 105, 106, 107, 109, 110, 111, 113, 115, 116, 117, 119, 121, 122, 123, 124, 125, 127, 128, 131, 132], "excluded_lines": []}}}, "scripts\\constitutional_guards.py": {"executed_lines": [2, 16, 17, 18, 19, 22, 23, 24, 26, 27, 30, 31, 32, 34, 35, 36, 37, 38, 41, 42, 44, 47, 48, 57, 58, 69, 70, 71, 73, 74, 85, 86, 87, 89, 90, 103, 104, 106, 108, 114, 115, 120, 122, 123, 135, 152, 153, 154, 156, 157, 162, 167, 168, 178, 180, 181, 182, 184, 185, 186, 188, 193, 194, 209, 219, 227, 228, 229, 232, 233, 234, 237, 238, 239, 241, 242, 243, 255, 266, 267, 268, 271, 292], "summary": {"covered_lines": 78, "num_statements": 101, "percent_covered": 77.22772277227723, "percent_covered_display": "77", "missing_lines": 23, "excluded_lines": 0}, "missing_lines": [164, 165, 249, 251, 252, 282, 283, 284, 287, 288, 289, 294, 296, 297, 300, 301, 304, 305, 308, 312, 313, 315, 316], "excluded_lines": [], "functions": {"ConstitutionalGuard.against_null_or_undefined": {"executed_lines": [69, 70, 71], "summary": {"covered_lines": 3, "num_statements": 3, "percent_covered": 100.0, "percent_covered_display": "100", "missing_lines": 0, "excluded_lines": 0}, "missing_lines": [], "excluded_lines": []}, "ConstitutionalGuard.against_empty_string": {"executed_lines": [85, 86, 87], "summary": {"covered_lines": 3, "num_statements": 3, "percent_covered": 100.0, "percent_covered_display": "100", "missing_lines": 0, "excluded_lines": 0}, "missing_lines": [], "excluded_lines": []}, "ConstitutionalGuard.against_implementation_before_tests": {"executed_lines": [103, 104, 106, 108, 114, 115, 120], "summary": {"covered_lines": 7, "num_statements": 7, "percent_covered": 100.0, "percent_covered_display": "100", "missing_lines": 0, "excluded_lines": 0}, "missing_lines": [], "excluded_lines": []}, "ConstitutionalGuard.against_emoji_in_files": {"executed_lines": [135, 152, 153, 154, 156, 157, 162], "summary": {"covered_lines": 7, "num_statements": 9, "percent_covered": 77.77777777777777, "percent_covered_display": "78", "missing_lines": 2, "excluded_lines": 0}, "missing_lines": [164, 165], "excluded_lines": []}, "ConstitutionalGuard.against_missing_tests": {"executed_lines": [178, 180, 181, 182, 184, 185, 186, 188], "summary": {"covered_lines": 8, "num_statements": 8, "percent_covered": 100.0, "percent_covered_display": "100", "missing_lines": 0, "excluded_lines": 0}, "missing_lines": [], "excluded_lines": []}, "ConstitutionalGuard.against_hardcoded_secrets": {"executed_lines": [209, 219, 227, 228, 229, 232, 233, 234, 237, 238, 239, 241, 242, 243], "summary": {"covered_lines": 14, "num_statements": 17, "percent_covered": 82.3529411764706, "percent_covered_display": "82", "missing_lines": 3, "excluded_lines": 0}, "missing_lines": [249, 251, 252], "excluded_lines": []}, "validate_task_list": {"executed_lines": [266, 267, 268], "summary": {"covered_lines": 3, "num_statements": 3, "percent_covered": 100.0, "percent_covered_display": "100", "missing_lines": 0, "excluded_lines": 0}, "missing_lines": [], "excluded_lines": []}, "validate_file": {"executed_lines": [], "summary": {"covered_lines": 0, "num_statements": 6, "percent_covered": 0.0, "percent_covered_display": "0", "missing_lines": 6, "excluded_lines": 0}, "missing_lines": [282, 283, 284, 287, 288, 289], "excluded_lines": []}, "": {"executed_lines": [2, 16, 17, 18, 19, 22, 23, 24, 26, 27, 30, 31, 32, 34, 35, 36, 37, 38, 41, 42, 44, 47, 48, 57, 58, 73, 74, 89, 90, 122, 123, 167, 168, 193, 194, 255, 271, 292], "summary": {"covered_lines": 33, "num_statements": 45, "percent_covered": 73.33333333333333, "percent_covered_display": "73", "missing_lines": 12, "excluded_lines": 0}, "missing_lines": [294, 296, 297, 300, 301, 304, 305, 308, 312, 313, 315, 316], "excluded_lines": []}}, "classes": {"GuardResult": {"executed_lines": [], "summary": {"covered_lines": 0, "num_statements": 0, "percent_covered": 100.0, "percent_covered_display": "100", "missing_lines": 0, "excluded_lines": 0}, "missing_lines": [], "excluded_lines": []}, "Task": {"executed_lines": [], "summary": {"covered_lines": 0, "num_statements": 0, "percent_covered": 100.0, "percent_covered_display": "100", "missing_lines": 0, "excluded_lines": 0}, "missing_lines": [], "excluded_lines": []}, "ConstitutionalViolationError": {"executed_lines": [], "summary": {"covered_lines": 0, "num_statements": 0, "percent_covered": 100.0, "percent_covered_display": "100", "missing_lines": 0, "excluded_lines": 0}, "missing_lines": [], "excluded_lines": []}, "ConstitutionalGuard": {"executed_lines": [69, 70, 71, 85, 86, 87, 103, 104, 106, 108, 114, 115, 120, 135, 152, 153, 154, 156, 157, 162, 178, 180, 181, 182, 184, 185, 186, 188, 209, 219, 227, 228, 229, 232, 233, 234, 237, 238, 239, 241, 242, 243], "summary": {"covered_lines": 42, "num_statements": 47, "percent_covered": 89.36170212765957, "percent_covered_display": "89", "missing_lines": 5, "excluded_lines": 0}, "missing_lines": [164, 165, 249, 251, 252], "excluded_lines": []}, "": {"executed_lines": [2, 16, 17, 18, 19, 22, 23, 24, 26, 27, 30, 31, 32, 34, 35, 36, 37, 38, 41, 42, 44, 47, 48, 57, 58, 73, 74, 89, 90, 122, 123, 167, 168, 193, 194, 255, 266, 267, 268, 271, 292], "summary": {"covered_lines": 36, "num_statements": 54, "percent_covered": 66.66666666666667, "percent_covered_display": "67", "missing_lines": 18, "excluded_lines": 0}, "missing_lines": [282, 283, 284, 287, 288, 289, 294, 296, 297, 300, 301, 304, 305, 308, 312, 313, 315, 316], "excluded_lines": []}}}, "scripts\\constitutional_validator.py": {"executed_lines": [1, 7, 8, 9, 10, 13, 14, 15, 17, 18, 19, 20, 23, 24, 26, 32, 33, 35, 36, 38, 40, 45, 48, 49, 50, 52, 57, 59, 106, 125, 145, 147, 150, 151, 154, 155, 157, 158, 159, 160, 161, 164, 165, 173, 175, 176, 178, 189, 191, 212, 214, 217, 218, 220, 231, 233, 253, 255, 258, 259, 262, 264, 265, 275, 277, 303, 324, 345, 386, 406], "summary": {"covered_lines": 67, "num_statements": 167, "percent_covered": 40.119760479041915, "percent_covered_display": "40", "missing_lines": 100, "excluded_lines": 0}, "missing_lines": [41, 53, 54, 55, 68, 69, 71, 72, 75, 78, 81, 84, 87, 90, 93, 96, 99, 102, 104, 108, 111, 113, 114, 123, 127, 130, 131, 133, 134, 143, 179, 193, 196, 198, 199, 200, 208, 210, 221, 235, 238, 239, 241, 242, 251, 279, 282, 289, 290, 291, 299, 301, 305, 308, 309, 310, 312, 313, 322, 326, 329, 330, 332, 333, 343, 354, 355, 357, 358, 359, 360, 363, 364, 366, 367, 368, 369, 370, 371, 372, 374, 375, 376, 377, 378, 379, 380, 382, 383, 388, 390, 391, 392, 394, 396, 397, 399, 402, 403, 407], "excluded_lines": [], "functions": {"ConstitutionalValidator.__init__": {"executed_lines": [32, 33, 35, 36], "summary": {"covered_lines": 4, "num_statements": 4, "percent_covered": 100.0, "percent_covered_display": "100", "missing_lines": 0, "excluded_lines": 0}, "missing_lines": [], "excluded_lines": []}, "ConstitutionalValidator._load_constitution": {"executed_lines": [40, 45, 48, 49, 50, 52, 57], "summary": {"covered_lines": 7, "num_statements": 11, "percent_covered": 63.63636363636363, "percent_covered_display": "64", "missing_lines": 4, "excluded_lines": 0}, "missing_lines": [41, 53, 54, 55], "excluded_lines": []}, "ConstitutionalValidator.validate": {"executed_lines": [], "summary": {"covered_lines": 0, "num_statements": 15, "percent_covered": 0.0, "percent_covered_display": "0", "missing_lines": 15, "excluded_lines": 0}, "missing_lines": [68, 69, 71, 72, 75, 78, 81, 84, 87, 90, 93, 96, 99, 102, 104], "excluded_lines": []}, "ConstitutionalValidator._check_library_first": {"executed_lines": [], "summary": {"covered_lines": 0, "num_statements": 5, "percent_covered": 0.0, "percent_covered_display": "0", "missing_lines": 5, "excluded_lines": 0}, "missing_lines": [108, 111, 113, 114, 123], "excluded_lines": []}, "ConstitutionalValidator._check_cli_interface": {"executed_lines": [], "summary": {"covered_lines": 0, "num_statements": 6, "percent_covered": 0.0, "percent_covered_display": "0", "missing_lines": 6, "excluded_lines": 0}, "missing_lines": [127, 130, 131, 133, 134, 143], "excluded_lines": []}, "ConstitutionalValidator._check_test_first": {"executed_lines": [147, 150, 151, 154, 155, 157, 158, 159, 160, 161, 164, 165, 173, 175, 176, 178, 189], "summary": {"covered_lines": 17, "num_statements": 18, "percent_covered": 94.44444444444444, "percent_covered_display": "94", "missing_lines": 1, "excluded_lines": 0}, "missing_lines": [179], "excluded_lines": []}, "ConstitutionalValidator._check_integration_first": {"executed_lines": [], "summary": {"covered_lines": 0, "num_statements": 7, "percent_covered": 0.0, "percent_covered_display": "0", "missing_lines": 7, "excluded_lines": 0}, "missing_lines": [193, 196, 198, 199, 200, 208, 210], "excluded_lines": []}, "ConstitutionalValidator._check_windows_encoding": {"executed_lines": [214, 217, 218, 220, 231], "summary": {"covered_lines": 5, "num_statements": 6, "percent_covered": 83.33333333333333, "percent_covered_display": "83", "missing_lines": 1, "excluded_lines": 0}, "missing_lines": [221], "excluded_lines": []}, "ConstitutionalValidator._check_observability": {"executed_lines": [], "summary": {"covered_lines": 0, "num_statements": 6, "percent_covered": 0.0, "percent_covered_display": "0", "missing_lines": 6, "excluded_lines": 0}, "missing_lines": [235, 238, 239, 241, 242, 251], "excluded_lines": []}, "ConstitutionalValidator._check_simplicity": {"executed_lines": [255, 258, 259, 262, 264, 265, 275], "summary": {"covered_lines": 7, "num_statements": 7, "percent_covered": 100.0, "percent_covered_display": "100", "missing_lines": 0, "excluded_lines": 0}, "missing_lines": [], "excluded_lines": []}, "ConstitutionalValidator._check_anti_abstraction": {"executed_lines": [], "summary": {"covered_lines": 0, "num_statements": 7, "percent_covered": 0.0, "percent_covered_display": "0", "missing_lines": 7, "excluded_lines": 0}, "missing_lines": [279, 282, 289, 290, 291, 299, 301], "excluded_lines": []}, "ConstitutionalValidator._check_sdd": {"executed_lines": [], "summary": {"covered_lines": 0, "num_statements": 7, "percent_covered": 0.0, "percent_covered_display": "0", "missing_lines": 7, "excluded_lines": 0}, "missing_lines": [305, 308, 309, 310, 312, 313, 322], "excluded_lines": []}, "ConstitutionalValidator._check_conventional_commits": {"executed_lines": [], "summary": {"covered_lines": 0, "num_statements": 6, "percent_covered": 0.0, "percent_covered_display": "0", "missing_lines": 6, "excluded_lines": 0}, "missing_lines": [326, 329, 330, 332, 333, 343], "excluded_lines": []}, "ConstitutionalValidator.format_violations": {"executed_lines": [], "summary": {"covered_lines": 0, "num_statements": 24, "percent_covered": 0.0, "percent_covered_display": "0", "missing_lines": 24, "excluded_lines": 0}, "missing_lines": [354, 355, 357, 358, 359, 360, 363, 364, 366, 367, 368, 369, 370, 371, 372, 374, 375, 376, 377, 378, 379, 380, 382, 383], "excluded_lines": []}, "main": {"executed_lines": [], "summary": {"covered_lines": 0, "num_statements": 10, "percent_covered": 0.0, "percent_covered_display": "0", "missing_lines": 10, "excluded_lines": 0}, "missing_lines": [388, 390, 391, 392, 394, 396, 397, 399, 402, 403], "excluded_lines": []}, "": {"executed_lines": [1, 7, 8, 9, 10, 13, 14, 15, 17, 18, 19, 20, 23, 24, 26, 38, 59, 106, 125, 145, 191, 212, 233, 253, 277, 303, 324, 345, 386, 406], "summary": {"covered_lines": 27, "num_statements": 28, "percent_covered": 96.42857142857143, "percent_covered_display": "96", "missing_lines": 1, "excluded_lines": 0}, "missing_lines": [407], "excluded_lines": []}}, "classes": {"ConstitutionalViolation": {"executed_lines": [], "summary": {"covered_lines": 0, "num_statements": 0, "percent_covered": 100.0, "percent_covered_display": "100", "missing_lines": 0, "excluded_lines": 0}, "missing_lines": [], "excluded_lines": []}, "ConstitutionalValidator": {"executed_lines": [32, 33, 35, 36, 40, 45, 48, 49, 50, 52, 57, 147, 150, 151, 154, 155, 157, 158, 159, 160, 161, 164, 165, 173, 175, 176, 178, 189, 214, 217, 218, 220, 231, 255, 258, 259, 262, 264, 265, 275], "summary": {"covered_lines": 40, "num_statements": 129, "percent_covered": 31.007751937984494, "percent_covered_display": "31", "missing_lines": 89, "excluded_lines": 0}, "missing_lines": [41, 53, 54, 55, 68, 69, 71, 72, 75, 78, 81, 84, 87, 90, 93, 96, 99, 102, 104, 108, 111, 113, 114, 123, 127, 130, 131, 133, 134, 143, 179, 193, 196, 198, 199, 200, 208, 210, 221, 235, 238, 239, 241, 242, 251, 279, 282, 289, 290, 291, 299, 301, 305, 308, 309, 310, 312, 313, 322, 326, 329, 330, 332, 333, 343, 354, 355, 357, 358, 359, 360, 363, 364, 366, 367, 368, 369, 370, 371, 372, 374, 375, 376, 377, 378, 379, 380, 382, 383], "excluded_lines": []}, "": {"executed_lines": [1, 7, 8, 9, 10, 13, 14, 15, 17, 18, 19, 20, 23, 24, 26, 38, 59, 106, 125, 145, 191, 212, 233, 253, 277, 303, 324, 345, 386, 406], "summary": {"covered_lines": 27, "num_statements": 38, "percent_covered": 71.05263157894737, "percent_covered_display": "71", "missing_lines": 11, "excluded_lines": 0}, "missing_lines": [388, 390, 391, 392, 394, 396, 397, 399, 402, 403, 407], "excluded_lines": []}}}, "scripts\\context_aware_loader.py": {"executed_lines": [2, 16, 17, 18, 19, 22, 23, 33, 40, 63, 73, 75, 76, 79, 80, 81, 82, 83, 86, 87, 89, 90, 92, 94, 104, 105, 107, 108, 111, 112, 114, 116, 117, 119, 121, 133, 134, 137, 139, 141, 142, 143, 147, 148, 152, 155, 157, 159, 170, 172, 174, 185, 188, 190, 192, 200, 206, 208, 209, 212], "summary": {"covered_lines": 58, "num_statements": 74, "percent_covered": 78.37837837837837, "percent_covered_display": "78", "missing_lines": 16, "excluded_lines": 0}, "missing_lines": [150, 214, 215, 217, 220, 221, 223, 224, 225, 228, 229, 231, 232, 233, 235, 236], "excluded_lines": [], "functions": {"ContextAwareConstitutionalLoader.analyze_file_structure": {"executed_lines": [73, 75, 76, 79, 80, 81, 82, 83, 86, 87, 89, 90, 92], "summary": {"covered_lines": 13, "num_statements": 13, "percent_covered": 100.0, "percent_covered_display": "100", "missing_lines": 0, "excluded_lines": 0}, "missing_lines": [], "excluded_lines": []}, "ContextAwareConstitutionalLoader.analyze_task_description": {"executed_lines": [104, 105, 107, 108, 111, 112, 114, 116, 117, 119], "summary": {"covered_lines": 10, "num_statements": 10, "percent_covered": 100.0, "percent_covered_display": "100", "missing_lines": 0, "excluded_lines": 0}, "missing_lines": [], "excluded_lines": []}, "ContextAwareConstitutionalLoader.analyze_project_context": {"executed_lines": [133, 134, 137, 139, 141, 142, 143, 147, 148, 152, 155, 157], "summary": {"covered_lines": 12, "num_statements": 13, "percent_covered": 92.3076923076923, "percent_covered_display": "92", "missing_lines": 1, "excluded_lines": 0}, "missing_lines": [150], "excluded_lines": []}, "ContextAwareConstitutionalLoader.filter_by_threshold": {"executed_lines": [170, 172], "summary": {"covered_lines": 2, "num_statements": 2, "percent_covered": 100.0, "percent_covered_display": "100", "missing_lines": 0, "excluded_lines": 0}, "missing_lines": [], "excluded_lines": []}, "ContextAwareConstitutionalLoader.recommend_articles": {"executed_lines": [185, 188, 190], "summary": {"covered_lines": 3, "num_statements": 3, "percent_covered": 100.0, "percent_covered_display": "100", "missing_lines": 0, "excluded_lines": 0}, "missing_lines": [], "excluded_lines": []}, "ContextAwareConstitutionalLoader.export_recommendations": {"executed_lines": [200, 206, 208, 209], "summary": {"covered_lines": 4, "num_statements": 4, "percent_covered": 100.0, "percent_covered_display": "100", "missing_lines": 0, "excluded_lines": 0}, "missing_lines": [], "excluded_lines": []}, "": {"executed_lines": [2, 16, 17, 18, 19, 22, 23, 33, 40, 63, 94, 121, 159, 174, 192, 212], "summary": {"covered_lines": 14, "num_statements": 29, "percent_covered": 48.275862068965516, "percent_covered_display": "48", "missing_lines": 15, "excluded_lines": 0}, "missing_lines": [214, 215, 217, 220, 221, 223, 224, 225, 228, 229, 231, 232, 233, 235, 236], "excluded_lines": []}}, "classes": {"ContextAwareConstitutionalLoader": {"executed_lines": [73, 75, 76, 79, 80, 81, 82, 83, 86, 87, 89, 90, 92, 104, 105, 107, 108, 111, 112, 114, 116, 117, 119, 133, 134, 137, 139, 141, 142, 143, 147, 148, 152, 155, 157, 170, 172, 185, 188, 190, 200, 206, 208, 209], "summary": {"covered_lines": 44, "num_statements": 45, "percent_covered": 97.77777777777777, "percent_covered_display": "98", "missing_lines": 1, "excluded_lines": 0}, "missing_lines": [150], "excluded_lines": []}, "": {"executed_lines": [2, 16, 17, 18, 19, 22, 23, 33, 40, 63, 94, 121, 159, 174, 192, 212], "summary": {"covered_lines": 14, "num_statements": 29, "percent_covered": 48.275862068965516, "percent_covered_display": "48", "missing_lines": 15, "excluded_lines": 0}, "missing_lines": [214, 215, 217, 220, 221, 223, 224, 225, 228, 229, 231, 232, 233, 235, 236], "excluded_lines": []}}}, "scripts\\context_compare.py": {"executed_lines": [], "summary": {"covered_lines": 0, "num_statements": 37, "percent_covered": 0.0, "percent_covered_display": "0", "missing_lines": 37, "excluded_lines": 0}, "missing_lines": [11, 13, 14, 15, 16, 18, 20, 21, 28, 29, 30, 31, 32, 33, 34, 35, 36, 38, 44, 47, 48, 49, 50, 57, 60, 61, 62, 63, 65, 66, 67, 68, 69, 71, 74, 75, 77], "excluded_lines": [], "functions": {"load_legacy_snapshot": {"executed_lines": [], "summary": {"covered_lines": 0, "num_statements": 10, "percent_covered": 0.0, "percent_covered_display": "0", "missing_lines": 10, "excluded_lines": 0}, "missing_lines": [29, 30, 31, 32, 33, 34, 35, 36, 38, 44], "excluded_lines": []}, "compare": {"executed_lines": [], "summary": {"covered_lines": 0, "num_statements": 4, "percent_covered": 0.0, "percent_covered_display": "0", "missing_lines": 4, "excluded_lines": 0}, "missing_lines": [48, 49, 50, 57], "excluded_lines": []}, "main": {"executed_lines": [], "summary": {"covered_lines": 0, "num_statements": 9, "percent_covered": 0.0, "percent_covered_display": "0", "missing_lines": 9, "excluded_lines": 0}, "missing_lines": [61, 62, 63, 65, 66, 67, 68, 69, 71], "excluded_lines": []}, "": {"executed_lines": [], "summary": {"covered_lines": 0, "num_statements": 14, "percent_covered": 0.0, "percent_covered_display": "0", "missing_lines": 14, "excluded_lines": 0}, "missing_lines": [11, 13, 14, 15, 16, 18, 20, 21, 28, 47, 60, 74, 75, 77], "excluded_lines": []}}, "classes": {"": {"executed_lines": [], "summary": {"covered_lines": 0, "num_statements": 37, "percent_covered": 0.0, "percent_covered_display": "0", "missing_lines": 37, "excluded_lines": 0}, "missing_lines": [11, 13, 14, 15, 16, 18, 20, 21, 28, 29, 30, 31, 32, 33, 34, 35, 36, 38, 44, 47, 48, 49, 50, 57, 60, 61, 62, 63, 65, 66, 67, 68, 69, 71, 74, 75, 77], "excluded_lines": []}}}, "scripts\\context_provider.py": {"executed_lines": [], "summary": {"covered_lines": 0, "num_statements": 81, "percent_covered": 0.0, "percent_covered_display": "0", "missing_lines": 81, "excluded_lines": 3}, "missing_lines": [14, 16, 17, 18, 19, 20, 21, 22, 24, 25, 26, 29, 36, 37, 38, 39, 42, 43, 44, 48, 49, 50, 51, 54, 55, 56, 58, 59, 60, 61, 62, 63, 64, 65, 66, 67, 70, 71, 72, 74, 77, 82, 83, 86, 87, 88, 91, 92, 93, 94, 95, 96, 97, 98, 101, 102, 103, 108, 110, 111, 116, 117, 118, 119, 120, 121, 123, 124, 125, 127, 128, 129, 130, 131, 132, 133, 135, 136, 138, 141, 142], "excluded_lines": [112, 113, 114], "functions": {"load_master_config": {"executed_lines": [], "summary": {"covered_lines": 0, "num_statements": 6, "percent_covered": 0.0, "percent_covered_display": "0", "missing_lines": 6, "excluded_lines": 0}, "missing_lines": [43, 44, 48, 49, 50, 51], "excluded_lines": []}, "parse_env_file": {"executed_lines": [], "summary": {"covered_lines": 0, "num_statements": 12, "percent_covered": 0.0, "percent_covered_display": "0", "missing_lines": 12, "excluded_lines": 0}, "missing_lines": [55, 56, 58, 59, 60, 61, 62, 63, 64, 65, 66, 67], "excluded_lines": []}, "build_context": {"executed_lines": [], "summary": {"covered_lines": 0, "num_statements": 6, "percent_covered": 0.0, "percent_covered_display": "0", "missing_lines": 6, "excluded_lines": 0}, "missing_lines": [71, 72, 74, 77, 82, 83], "excluded_lines": []}, "print_json": {"executed_lines": [], "summary": {"covered_lines": 0, "num_statements": 2, "percent_covered": 0.0, "percent_covered_display": "0", "missing_lines": 2, "excluded_lines": 0}, "missing_lines": [87, 88], "excluded_lines": []}, "ensure_context_keys": {"executed_lines": [], "summary": {"covered_lines": 0, "num_statements": 7, "percent_covered": 0.0, "percent_covered_display": "0", "missing_lines": 7, "excluded_lines": 0}, "missing_lines": [92, 93, 94, 95, 96, 97, 98], "excluded_lines": []}, "main": {"executed_lines": [], "summary": {"covered_lines": 0, "num_statements": 24, "percent_covered": 0.0, "percent_covered_display": "0", "missing_lines": 24, "excluded_lines": 3}, "missing_lines": [102, 103, 108, 110, 111, 116, 117, 118, 119, 120, 121, 123, 124, 125, 127, 128, 129, 130, 131, 132, 133, 135, 136, 138], "excluded_lines": [112, 113, 114]}, "": {"executed_lines": [], "summary": {"covered_lines": 0, "num_statements": 24, "percent_covered": 0.0, "percent_covered_display": "0", "missing_lines": 24, "excluded_lines": 0}, "missing_lines": [14, 16, 17, 18, 19, 20, 21, 22, 24, 25, 26, 29, 36, 37, 38, 39, 42, 54, 70, 86, 91, 101, 141, 142], "excluded_lines": []}}, "classes": {"ContextBundle": {"executed_lines": [], "summary": {"covered_lines": 0, "num_statements": 0, "percent_covered": 100.0, "percent_covered_display": "100", "missing_lines": 0, "excluded_lines": 0}, "missing_lines": [], "excluded_lines": []}, "": {"executed_lines": [], "summary": {"covered_lines": 0, "num_statements": 81, "percent_covered": 0.0, "percent_covered_display": "0", "missing_lines": 81, "excluded_lines": 3}, "missing_lines": [14, 16, 17, 18, 19, 20, 21, 22, 24, 25, 26, 29, 36, 37, 38, 39, 42, 43, 44, 48, 49, 50, 51, 54, 55, 56, 58, 59, 60, 61, 62, 63, 64, 65, 66, 67, 70, 71, 72, 74, 77, 82, 83, 86, 87, 88, 91, 92, 93, 94, 95, 96, 97, 98, 101, 102, 103, 108, 110, 111, 116, 117, 118, 119, 120, 121, 123, 124, 125, 127, 128, 129, 130, 131, 132, 133, 135, 136, 138, 141, 142], "excluded_lines": [112, 113, 114]}}}, "scripts\\critical_file_detector.py": {"executed_lines": [1, 17, 18, 19, 20, 21, 22, 25, 26, 28, 29, 30, 33, 34, 35, 48, 49, 50, 51, 52, 53, 54, 55, 57, 62, 63, 74, 84, 94, 97, 100, 103, 106, 108, 114, 115, 117, 129, 130, 133, 134, 137, 138, 139, 140, 143, 145, 153, 154, 156, 158, 167, 169, 171, 172, 173, 175, 177, 186, 187, 189, 190, 193, 195, 200, 201, 202, 204, 206, 208, 210, 221, 222, 225, 226, 227, 230, 231, 239, 257, 258, 260, 270, 271, 272, 274, 276, 294, 296, 305, 308, 309, 310, 311, 314, 315, 316, 318, 320, 333, 334, 335, 336, 337, 338, 340, 341, 343, 345, 356, 369, 370, 372, 383, 393, 405, 426], "summary": {"covered_lines": 113, "num_statements": 139, "percent_covered": 81.29496402877697, "percent_covered_display": "81", "missing_lines": 26, "excluded_lines": 0}, "missing_lines": [59, 241, 242, 243, 244, 245, 248, 250, 252, 254, 339, 407, 409, 410, 411, 413, 414, 416, 417, 418, 419, 420, 421, 422, 423, 427], "excluded_lines": [], "functions": {"FileClassification.__str__": {"executed_lines": [], "summary": {"covered_lines": 0, "num_statements": 1, "percent_covered": 0.0, "percent_covered_display": "0", "missing_lines": 1, "excluded_lines": 0}, "missing_lines": [59], "excluded_lines": []}, "CriticalFileDetector.__init__": {"executed_lines": [114, 115], "summary": {"covered_lines": 2, "num_statements": 2, "percent_covered": 100.0, "percent_covered_display": "100", "missing_lines": 0, "excluded_lines": 0}, "missing_lines": [], "excluded_lines": []}, "CriticalFileDetector.classify": {"executed_lines": [129, 130, 133, 134, 137, 138, 139, 140, 143, 145, 153, 154, 156], "summary": {"covered_lines": 13, "num_statements": 13, "percent_covered": 100.0, "percent_covered_display": "100", "missing_lines": 0, "excluded_lines": 0}, "missing_lines": [], "excluded_lines": []}, "CriticalFileDetector._check_pattern_match": {"executed_lines": [167, 169, 171, 172, 173, 175], "summary": {"covered_lines": 6, "num_statements": 6, "percent_covered": 100.0, "percent_covered_display": "100", "missing_lines": 0, "excluded_lines": 0}, "missing_lines": [], "excluded_lines": []}, "CriticalFileDetector._check_critical_imports": {"executed_lines": [186, 187, 189, 190, 193, 195, 200, 201, 202, 204, 206, 208], "summary": {"covered_lines": 12, "num_statements": 12, "percent_covered": 100.0, "percent_covered_display": "100", "missing_lines": 0, "excluded_lines": 0}, "missing_lines": [], "excluded_lines": []}, "CriticalFileDetector._check_git_diff_size": {"executed_lines": [221, 222, 225, 226, 227, 230, 231, 239, 257, 258], "summary": {"covered_lines": 10, "num_statements": 19, "percent_covered": 52.63157894736842, "percent_covered_display": "53", "missing_lines": 9, "excluded_lines": 0}, "missing_lines": [241, 242, 243, 244, 245, 248, 250, 252, 254], "excluded_lines": []}, "CriticalFileDetector._check_core_directory": {"executed_lines": [270, 271, 272, 274], "summary": {"covered_lines": 4, "num_statements": 4, "percent_covered": 100.0, "percent_covered_display": "100", "missing_lines": 0, "excluded_lines": 0}, "missing_lines": [], "excluded_lines": []}, "CriticalFileDetector._calculate_criticality": {"executed_lines": [294], "summary": {"covered_lines": 1, "num_statements": 1, "percent_covered": 100.0, "percent_covered_display": "100", "missing_lines": 0, "excluded_lines": 0}, "missing_lines": [], "excluded_lines": []}, "CriticalFileDetector._is_test_file": {"executed_lines": [305, 308, 309, 310, 311, 314, 315, 316, 318], "summary": {"covered_lines": 9, "num_statements": 9, "percent_covered": 100.0, "percent_covered_display": "100", "missing_lines": 0, "excluded_lines": 0}, "missing_lines": [], "excluded_lines": []}, "CriticalFileDetector._create_deep_classification": {"executed_lines": [333, 334, 335, 336, 337, 338, 340, 341, 343, 345], "summary": {"covered_lines": 10, "num_statements": 11, "percent_covered": 90.9090909090909, "percent_covered_display": "91", "missing_lines": 1, "excluded_lines": 0}, "missing_lines": [339], "excluded_lines": []}, "CriticalFileDetector._create_fast_classification": {"executed_lines": [369, 370, 372], "summary": {"covered_lines": 3, "num_statements": 3, "percent_covered": 100.0, "percent_covered_display": "100", "missing_lines": 0, "excluded_lines": 0}, "missing_lines": [], "excluded_lines": []}, "CriticalFileDetector._create_skip_classification": {"executed_lines": [393], "summary": {"covered_lines": 1, "num_statements": 1, "percent_covered": 100.0, "percent_covered_display": "100", "missing_lines": 0, "excluded_lines": 0}, "missing_lines": [], "excluded_lines": []}, "main": {"executed_lines": [], "summary": {"covered_lines": 0, "num_statements": 14, "percent_covered": 0.0, "percent_covered_display": "0", "missing_lines": 14, "excluded_lines": 0}, "missing_lines": [407, 409, 410, 411, 413, 414, 416, 417, 418, 419, 420, 421, 422, 423], "excluded_lines": []}, "": {"executed_lines": [1, 17, 18, 19, 20, 21, 22, 25, 26, 28, 29, 30, 33, 34, 35, 48, 49, 50, 51, 52, 53, 54, 55, 57, 62, 63, 74, 84, 94, 97, 100, 103, 106, 108, 117, 158, 177, 210, 260, 276, 296, 320, 356, 383, 405, 426], "summary": {"covered_lines": 42, "num_statements": 43, "percent_covered": 97.67441860465117, "percent_covered_display": "98", "missing_lines": 1, "excluded_lines": 0}, "missing_lines": [427], "excluded_lines": []}}, "classes": {"AnalysisMode": {"executed_lines": [], "summary": {"covered_lines": 0, "num_statements": 0, "percent_covered": 100.0, "percent_covered_display": "100", "missing_lines": 0, "excluded_lines": 0}, "missing_lines": [], "excluded_lines": []}, "FileClassification": {"executed_lines": [], "summary": {"covered_lines": 0, "num_statements": 1, "percent_covered": 0.0, "percent_covered_display": "0", "missing_lines": 1, "excluded_lines": 0}, "missing_lines": [59], "excluded_lines": []}, "CriticalFileDetector": {"executed_lines": [114, 115, 129, 130, 133, 134, 137, 138, 139, 140, 143, 145, 153, 154, 156, 167, 169, 171, 172, 173, 175, 186, 187, 189, 190, 193, 195, 200, 201, 202, 204, 206, 208, 221, 222, 225, 226, 227, 230, 231, 239, 257, 258, 270, 271, 272, 274, 294, 305, 308, 309, 310, 311, 314, 315, 316, 318, 333, 334, 335, 336, 337, 338, 340, 341, 343, 345, 369, 370, 372, 393], "summary": {"covered_lines": 71, "num_statements": 81, "percent_covered": 87.65432098765432, "percent_covered_display": "88", "missing_lines": 10, "excluded_lines": 0}, "missing_lines": [241, 242, 243, 244, 245, 248, 250, 252, 254, 339], "excluded_lines": []}, "": {"executed_lines": [1, 17, 18, 19, 20, 21, 22, 25, 26, 28, 29, 30, 33, 34, 35, 48, 49, 50, 51, 52, 53, 54, 55, 57, 62, 63, 74, 84, 94, 97, 100, 103, 106, 108, 117, 158, 177, 210, 260, 276, 296, 320, 356, 383, 405, 426], "summary": {"covered_lines": 42, "num_statements": 57, "percent_covered": 73.6842105263158, "percent_covered_display": "74", "missing_lines": 15, "excluded_lines": 0}, "missing_lines": [407, 409, 410, 411, 413, 414, 416, 417, 418, 419, 420, 421, 422, 423, 427], "excluded_lines": []}}}, "scripts\\dataview_generator.py": {"executed_lines": [], "summary": {"covered_lines": 0, "num_statements": 93, "percent_covered": 0.0, "percent_covered_display": "0", "missing_lines": 93, "excluded_lines": 0}, "missing_lines": [23, 26, 33, 35, 42, 60, 61, 63, 68, 70, 85, 92, 93, 94, 96, 101, 103, 120, 125, 127, 137, 143, 145, 155, 161, 163, 173, 179, 181, 194, 195, 197, 202, 204, 214, 220, 222, 232, 238, 240, 258, 264, 279, 281, 282, 283, 285, 286, 288, 289, 291, 294, 300, 302, 313, 314, 315, 316, 317, 319, 321, 322, 324, 325, 327, 329, 330, 331, 332, 333, 334, 335, 337, 338, 339, 341, 342, 343, 345, 347, 348, 349, 352, 353, 355, 357, 358, 359, 361, 362, 365, 366, 368], "excluded_lines": [], "functions": {"DataviewGenerator.__init__": {"executed_lines": [], "summary": {"covered_lines": 0, "num_statements": 1, "percent_covered": 0.0, "percent_covered_display": "0", "missing_lines": 1, "excluded_lines": 0}, "missing_lines": [35], "excluded_lines": []}, "DataviewGenerator.generate_related_tags_query": {"executed_lines": [], "summary": {"covered_lines": 0, "num_statements": 4, "percent_covered": 0.0, "percent_covered_display": "0", "missing_lines": 4, "excluded_lines": 0}, "missing_lines": [60, 61, 63, 68], "excluded_lines": []}, "DataviewGenerator.generate_dependencies_query": {"executed_lines": [], "summary": {"covered_lines": 0, "num_statements": 6, "percent_covered": 0.0, "percent_covered_display": "0", "missing_lines": 6, "excluded_lines": 0}, "missing_lines": [85, 92, 93, 94, 96, 101], "excluded_lines": []}, "DataviewGenerator.generate_status_query": {"executed_lines": [], "summary": {"covered_lines": 0, "num_statements": 2, "percent_covered": 0.0, "percent_covered_display": "0", "missing_lines": 2, "excluded_lines": 0}, "missing_lines": [120, 125], "excluded_lines": []}, "DataviewGenerator.generate_type_summary_query": {"executed_lines": [], "summary": {"covered_lines": 0, "num_statements": 2, "percent_covered": 0.0, "percent_covered_display": "0", "missing_lines": 2, "excluded_lines": 0}, "missing_lines": [137, 143], "excluded_lines": []}, "DataviewGenerator.generate_id_summary_query": {"executed_lines": [], "summary": {"covered_lines": 0, "num_statements": 2, "percent_covered": 0.0, "percent_covered_display": "0", "missing_lines": 2, "excluded_lines": 0}, "missing_lines": [155, 161], "excluded_lines": []}, "DataviewGenerator.generate_status_summary_query": {"executed_lines": [], "summary": {"covered_lines": 0, "num_statements": 2, "percent_covered": 0.0, "percent_covered_display": "0", "missing_lines": 2, "excluded_lines": 0}, "missing_lines": [173, 179], "excluded_lines": []}, "DataviewGenerator.generate_traceability_chain_query": {"executed_lines": [], "summary": {"covered_lines": 0, "num_statements": 4, "percent_covered": 0.0, "percent_covered_display": "0", "missing_lines": 4, "excluded_lines": 0}, "missing_lines": [194, 195, 197, 202], "excluded_lines": []}, "DataviewGenerator.generate_missing_implementations_query": {"executed_lines": [], "summary": {"covered_lines": 0, "num_statements": 2, "percent_covered": 0.0, "percent_covered_display": "0", "missing_lines": 2, "excluded_lines": 0}, "missing_lines": [214, 220], "excluded_lines": []}, "DataviewGenerator.generate_missing_tests_query": {"executed_lines": [], "summary": {"covered_lines": 0, "num_statements": 2, "percent_covered": 0.0, "percent_covered_display": "0", "missing_lines": 2, "excluded_lines": 0}, "missing_lines": [232, 238], "excluded_lines": []}, "DataviewGenerator.generate_all_queries": {"executed_lines": [], "summary": {"covered_lines": 0, "num_statements": 1, "percent_covered": 0.0, "percent_covered_display": "0", "missing_lines": 1, "excluded_lines": 0}, "missing_lines": [258], "excluded_lines": []}, "DataviewGenerator.format_for_note": {"executed_lines": [], "summary": {"covered_lines": 0, "num_statements": 9, "percent_covered": 0.0, "percent_covered_display": "0", "missing_lines": 9, "excluded_lines": 0}, "missing_lines": [279, 281, 282, 283, 285, 286, 288, 289, 291], "excluded_lines": []}, "main": {"executed_lines": [], "summary": {"covered_lines": 0, "num_statements": 38, "percent_covered": 0.0, "percent_covered_display": "0", "missing_lines": 38, "excluded_lines": 0}, "missing_lines": [300, 302, 313, 314, 315, 316, 317, 319, 321, 322, 324, 325, 327, 329, 330, 331, 332, 333, 334, 335, 337, 338, 339, 341, 342, 343, 345, 347, 348, 349, 352, 353, 355, 357, 358, 359, 361, 362], "excluded_lines": []}, "": {"executed_lines": [], "summary": {"covered_lines": 0, "num_statements": 18, "percent_covered": 0.0, "percent_covered_display": "0", "missing_lines": 18, "excluded_lines": 0}, "missing_lines": [23, 26, 33, 42, 70, 103, 127, 145, 163, 181, 204, 222, 240, 264, 294, 365, 366, 368], "excluded_lines": []}}, "classes": {"DataviewGenerator": {"executed_lines": [], "summary": {"covered_lines": 0, "num_statements": 37, "percent_covered": 0.0, "percent_covered_display": "0", "missing_lines": 37, "excluded_lines": 0}, "missing_lines": [35, 60, 61, 63, 68, 85, 92, 93, 94, 96, 101, 120, 125, 137, 143, 155, 161, 173, 179, 194, 195, 197, 202, 214, 220, 232, 238, 258, 279, 281, 282, 283, 285, 286, 288, 289, 291], "excluded_lines": []}, "": {"executed_lines": [], "summary": {"covered_lines": 0, "num_statements": 56, "percent_covered": 0.0, "percent_covered_display": "0", "missing_lines": 56, "excluded_lines": 0}, "missing_lines": [23, 26, 33, 42, 70, 103, 127, 145, 163, 181, 204, 222, 240, 264, 294, 300, 302, 313, 314, 315, 316, 317, 319, 321, 322, 324, 325, 327, 329, 330, 331, 332, 333, 334, 335, 337, 338, 339, 341, 342, 343, 345, 347, 348, 349, 352, 353, 355, 357, 358, 359, 361, 362, 365, 366, 368], "excluded_lines": []}}}, "scripts\\deep_analyzer.py": {"executed_lines": [1, 24, 25, 26, 27, 28, 29, 30, 33, 35, 40, 43, 44, 45, 58, 59, 60, 61, 62, 63, 64, 65, 67, 68, 70, 77, 78, 80, 88, 89, 101, 102, 103, 105, 115, 117, 118, 119, 121, 122, 125, 128, 131, 133, 135, 147, 149, 150, 152, 154, 155, 164, 166, 178, 180, 181, 183, 184, 186, 188, 189, 190, 191, 202, 204, 218, 220, 221, 223, 224, 225, 227, 228, 238, 239, 240, 252, 254, 257, 258, 259, 260, 261, 263, 274, 276, 278, 279, 281, 284, 285, 287, 289, 305, 308, 317, 318, 319, 320, 329, 331, 346, 349, 356, 357, 358, 359, 368, 371, 372, 384, 397, 398, 399, 402, 403, 404, 406, 412, 414, 433, 436, 439, 440, 441, 443, 444, 452, 453, 466, 467, 468, 469, 472, 479, 481, 492, 516, 543, 546, 547, 550, 551, 554, 555, 558, 559, 562, 565, 622], "summary": {"covered_lines": 146, "num_statements": 196, "percent_covered": 74.48979591836735, "percent_covered_display": "74", "missing_lines": 50, "excluded_lines": 0}, "missing_lines": [36, 38, 282, 407, 408, 410, 454, 455, 456, 457, 458, 459, 460, 461, 462, 463, 514, 567, 569, 570, 571, 573, 575, 576, 577, 580, 586, 587, 590, 591, 592, 593, 594, 597, 598, 599, 600, 603, 604, 605, 608, 609, 610, 613, 614, 615, 617, 618, 619, 623], "excluded_lines": [], "functions": {"DeepAnalysisResult.passed": {"executed_lines": [70], "summary": {"covered_lines": 1, "num_statements": 1, "percent_covered": 100.0, "percent_covered_display": "100", "missing_lines": 0, "excluded_lines": 0}, "missing_lines": [], "excluded_lines": []}, "DeepAnalysisResult.total_issues": {"executed_lines": [80], "summary": {"covered_lines": 1, "num_statements": 1, "percent_covered": 100.0, "percent_covered_display": "100", "missing_lines": 0, "excluded_lines": 0}, "missing_lines": [], "excluded_lines": []}, "SimpleSolidChecker.check_solid": {"executed_lines": [115, 117, 118, 119, 121, 122, 125, 128, 131, 133], "summary": {"covered_lines": 10, "num_statements": 10, "percent_covered": 100.0, "percent_covered_display": "100", "missing_lines": 0, "excluded_lines": 0}, "missing_lines": [], "excluded_lines": []}, "SimpleSolidChecker._check_srp": {"executed_lines": [147, 149, 150, 152, 154, 155, 164], "summary": {"covered_lines": 7, "num_statements": 7, "percent_covered": 100.0, "percent_covered_display": "100", "missing_lines": 0, "excluded_lines": 0}, "missing_lines": [], "excluded_lines": []}, "SimpleSolidChecker._check_dip": {"executed_lines": [178, 180, 181, 183, 184, 186, 188, 189, 190, 191, 202], "summary": {"covered_lines": 11, "num_statements": 11, "percent_covered": 100.0, "percent_covered_display": "100", "missing_lines": 0, "excluded_lines": 0}, "missing_lines": [], "excluded_lines": []}, "SimpleSolidChecker._check_complexity": {"executed_lines": [218, 220, 221, 223, 224, 225, 227, 228, 238, 239, 240, 252], "summary": {"covered_lines": 12, "num_statements": 12, "percent_covered": 100.0, "percent_covered_display": "100", "missing_lines": 0, "excluded_lines": 0}, "missing_lines": [], "excluded_lines": []}, "SimpleSolidChecker._get_end_line": {"executed_lines": [257, 258, 259, 260, 261], "summary": {"covered_lines": 5, "num_statements": 5, "percent_covered": 100.0, "percent_covered_display": "100", "missing_lines": 0, "excluded_lines": 0}, "missing_lines": [], "excluded_lines": []}, "SimpleSolidChecker._calculate_cyclomatic_complexity": {"executed_lines": [274, 276, 278, 279, 281, 284, 285, 287], "summary": {"covered_lines": 8, "num_statements": 9, "percent_covered": 88.88888888888889, "percent_covered_display": "89", "missing_lines": 1, "excluded_lines": 0}, "missing_lines": [282], "excluded_lines": []}, "SimpleSolidChecker.check_security": {"executed_lines": [305, 308, 317, 318, 319, 320, 329], "summary": {"covered_lines": 7, "num_statements": 7, "percent_covered": 100.0, "percent_covered_display": "100", "missing_lines": 0, "excluded_lines": 0}, "missing_lines": [], "excluded_lines": []}, "SimpleSolidChecker.check_hallucination": {"executed_lines": [346, 349, 356, 357, 358, 359, 368], "summary": {"covered_lines": 7, "num_statements": 7, "percent_covered": 100.0, "percent_covered_display": "100", "missing_lines": 0, "excluded_lines": 0}, "missing_lines": [], "excluded_lines": []}, "DeepAnalyzer.__init__": {"executed_lines": [397, 398, 399, 402, 403, 404, 406, 412], "summary": {"covered_lines": 8, "num_statements": 11, "percent_covered": 72.72727272727273, "percent_covered_display": "73", "missing_lines": 3, "excluded_lines": 0}, "missing_lines": [407, 408, 410], "excluded_lines": []}, "DeepAnalyzer.analyze": {"executed_lines": [433, 436, 439, 440, 441, 443, 444, 452, 453, 466, 467, 468, 469, 472, 479, 481], "summary": {"covered_lines": 16, "num_statements": 26, "percent_covered": 61.53846153846154, "percent_covered_display": "62", "missing_lines": 10, "excluded_lines": 0}, "missing_lines": [454, 455, 456, 457, 458, 459, 460, 461, 462, 463], "excluded_lines": []}, "DeepAnalyzer._call_mcp_sequential": {"executed_lines": [], "summary": {"covered_lines": 0, "num_statements": 1, "percent_covered": 0.0, "percent_covered_display": "0", "missing_lines": 1, "excluded_lines": 0}, "missing_lines": [514], "excluded_lines": []}, "DeepAnalyzer._calculate_quality_score": {"executed_lines": [543, 546, 547, 550, 551, 554, 555, 558, 559, 562], "summary": {"covered_lines": 10, "num_statements": 10, "percent_covered": 100.0, "percent_covered_display": "100", "missing_lines": 0, "excluded_lines": 0}, "missing_lines": [], "excluded_lines": []}, "main": {"executed_lines": [], "summary": {"covered_lines": 0, "num_statements": 32, "percent_covered": 0.0, "percent_covered_display": "0", "missing_lines": 32, "excluded_lines": 0}, "missing_lines": [567, 569, 570, 571, 573, 575, 576, 577, 580, 586, 587, 590, 591, 592, 593, 594, 597, 598, 599, 600, 603, 604, 605, 608, 609, 610, 613, 614, 615, 617, 618, 619], "excluded_lines": []}, "": {"executed_lines": [1, 24, 25, 26, 27, 28, 29, 30, 33, 35, 40, 43, 44, 45, 58, 59, 60, 61, 62, 63, 64, 65, 67, 68, 77, 78, 88, 89, 101, 102, 103, 105, 135, 166, 204, 254, 263, 289, 331, 371, 372, 384, 414, 492, 516, 565, 622], "summary": {"covered_lines": 43, "num_statements": 46, "percent_covered": 93.47826086956522, "percent_covered_display": "93", "missing_lines": 3, "excluded_lines": 0}, "missing_lines": [36, 38, 623], "excluded_lines": []}}, "classes": {"DeepAnalysisResult": {"executed_lines": [70, 80], "summary": {"covered_lines": 2, "num_statements": 2, "percent_covered": 100.0, "percent_covered_display": "100", "missing_lines": 0, "excluded_lines": 0}, "missing_lines": [], "excluded_lines": []}, "SimpleSolidChecker": {"executed_lines": [115, 117, 118, 119, 121, 122, 125, 128, 131, 133, 147, 149, 150, 152, 154, 155, 164, 178, 180, 181, 183, 184, 186, 188, 189, 190, 191, 202, 218, 220, 221, 223, 224, 225, 227, 228, 238, 239, 240, 252, 257, 258, 259, 260, 261, 274, 276, 278, 279, 281, 284, 285, 287, 305, 308, 317, 318, 319, 320, 329, 346, 349, 356, 357, 358, 359, 368], "summary": {"covered_lines": 67, "num_statements": 68, "percent_covered": 98.52941176470588, "percent_covered_display": "99", "missing_lines": 1, "excluded_lines": 0}, "missing_lines": [282], "excluded_lines": []}, "DeepAnalyzer": {"executed_lines": [397, 398, 399, 402, 403, 404, 406, 412, 433, 436, 439, 440, 441, 443, 444, 452, 453, 466, 467, 468, 469, 472, 479, 481, 543, 546, 547, 550, 551, 554, 555, 558, 559, 562], "summary": {"covered_lines": 34, "num_statements": 48, "percent_covered": 70.83333333333333, "percent_covered_display": "71", "missing_lines": 14, "excluded_lines": 0}, "missing_lines": [407, 408, 410, 454, 455, 456, 457, 458, 459, 460, 461, 462, 463, 514], "excluded_lines": []}, "": {"executed_lines": [1, 24, 25, 26, 27, 28, 29, 30, 33, 35, 40, 43, 44, 45, 58, 59, 60, 61, 62, 63, 64, 65, 67, 68, 77, 78, 88, 89, 101, 102, 103, 105, 135, 166, 204, 254, 263, 289, 331, 371, 372, 384, 414, 492, 516, 565, 622], "summary": {"covered_lines": 43, "num_statements": 78, "percent_covered": 55.12820512820513, "percent_covered_display": "55", "missing_lines": 35, "excluded_lines": 0}, "missing_lines": [36, 38, 567, 569, 570, 571, 573, 575, 576, 577, 580, 586, 587, 590, 591, 592, 593, 594, 597, 598, 599, 600, 603, 604, 605, 608, 609, 610, 613, 614, 615, 617, 618, 619, 623], "excluded_lines": []}}}, "scripts\\demo_executor.py": {"executed_lines": [], "summary": {"covered_lines": 0, "num_statements": 5, "percent_covered": 0.0, "percent_covered_display": "0", "missing_lines": 5, "excluded_lines": 0}, "missing_lines": [16, 25, 28, 29, 30], "excluded_lines": [], "functions": {"execute_task": {"executed_lines": [], "summary": {"covered_lines": 0, "num_statements": 1, "percent_covered": 0.0, "percent_covered_display": "0", "missing_lines": 1, "excluded_lines": 0}, "missing_lines": [25], "excluded_lines": []}, "": {"executed_lines": [], "summary": {"covered_lines": 0, "num_statements": 4, "percent_covered": 0.0, "percent_covered_display": "0", "missing_lines": 4, "excluded_lines": 0}, "missing_lines": [16, 28, 29, 30], "excluded_lines": []}}, "classes": {"": {"executed_lines": [], "summary": {"covered_lines": 0, "num_statements": 5, "percent_covered": 0.0, "percent_covered_display": "0", "missing_lines": 5, "excluded_lines": 0}, "missing_lines": [16, 25, 28, 29, 30], "excluded_lines": []}}}, "scripts\\dev_assistant.py": {"executed_lines": [1, 40, 41, 42, 43, 44, 45, 46, 47, 48, 49, 50, 51, 52, 55, 56, 63, 64, 67, 68, 69, 76, 77, 78, 80, 81, 82, 83, 84, 85, 86, 88, 89, 90, 92, 93, 95, 97, 98, 99, 100, 102, 109, 111, 112, 114, 115, 116, 117, 119, 120, 122, 123, 125, 126, 128, 131, 135, 138, 141, 144, 147, 148, 150, 153, 156, 157, 164, 171, 172, 173, 175, 186, 187, 188, 191, 195, 197, 198, 201, 202, 204, 205, 206, 209, 226, 227, 228, 230, 231, 233, 234, 236, 237, 239, 267, 268, 270, 271, 273, 274, 276, 277, 280, 284, 285, 286, 288, 291, 292, 293, 295, 296, 297, 298, 299, 301, 303, 306, 307, 308, 310, 311, 312, 313, 314, 316, 317, 319, 322, 323, 324, 326, 327, 328, 329, 330, 333, 334, 341, 349, 350, 351, 353, 363, 366, 367, 376, 378, 379, 381, 383, 391, 394, 396, 403, 404, 405, 406, 436, 446, 447, 449, 450, 452, 453, 454, 461, 463, 465, 466, 467, 474, 475, 485, 493, 494, 495, 496, 499, 500, 501, 504, 505, 508, 510, 517, 518, 519, 520, 522, 524, 525, 526, 527, 528, 529, 534, 536, 538, 541, 543, 544, 545, 548, 549, 550, 551, 552, 556, 576, 578, 582, 583, 585, 598, 599, 600, 602, 604, 615, 616, 618, 619, 621, 624, 627, 629, 631, 632, 638, 639, 644, 651, 652, 653, 654, 655, 656, 659, 660, 661, 663, 664, 665, 666, 667, 668, 669, 670, 675, 682, 692, 693, 694, 695, 697, 699, 709, 716, 717, 720, 721, 728, 735, 736, 737, 739, 749, 751, 752, 753, 755, 756, 757, 760, 761, 764, 765, 772, 781, 782, 783, 784, 786, 793, 794, 796, 799, 800, 803, 804, 806, 807, 809, 816, 819, 821, 824, 825, 828, 829, 842, 864, 865, 866, 867, 868, 869, 870, 871, 873, 879, 881, 882, 884, 885, 886, 887, 889, 891, 893, 908, 910, 912, 913, 914, 915, 917, 920, 921, 922, 925, 930, 931, 936, 937, 942, 964, 965, 968, 969, 970, 971, 972, 975, 976, 977, 989, 990, 993, 994, 997, 1026, 1029, 1030, 1031, 1034, 1035, 1036, 1048, 1050, 1058, 1061, 1066, 1067, 1077, 1078, 1081, 1082, 1090, 1111, 1119, 1120, 1121, 1122, 1124, 1127, 1130, 1131, 1134, 1135, 1138, 1139, 1140, 1141, 1142, 1143, 1149, 1150, 1151, 1152, 1153, 1158, 1159, 1171, 1172, 1186, 1195, 1198, 1200, 1210, 1211, 1214, 1215, 1216, 1217, 1219, 1221, 1223, 1224, 1226, 1237, 1246, 1247, 1248, 1251, 1252, 1253, 1254, 1255, 1256, 1257, 1260, 1262, 1263, 1266, 1269, 1270, 1271, 1272, 1274, 1276, 1279, 1280, 1281, 1284, 1285, 1288, 1289, 1290, 1294, 1300, 1303, 1304, 1307, 1308, 1309, 1312, 1313, 1316, 1317, 1320, 1323, 1507], "summary": {"covered_lines": 443, "num_statements": 630, "percent_covered": 70.31746031746032, "percent_covered_display": "70", "missing_lines": 187, "excluded_lines": 0}, "missing_lines": [57, 58, 59, 60, 61, 70, 72, 73, 129, 132, 136, 139, 142, 145, 149, 151, 192, 193, 281, 414, 415, 416, 417, 425, 426, 427, 428, 469, 470, 471, 530, 531, 532, 539, 553, 554, 641, 642, 672, 673, 683, 817, 822, 926, 927, 939, 940, 985, 986, 998, 1001, 1003, 1004, 1007, 1009, 1010, 1011, 1012, 1014, 1015, 1016, 1017, 1019, 1020, 1023, 1044, 1045, 1062, 1063, 1069, 1070, 1072, 1073, 1112, 1113, 1114, 1115, 1116, 1117, 1145, 1146, 1154, 1155, 1160, 1161, 1163, 1164, 1165, 1166, 1167, 1168, 1173, 1174, 1175, 1180, 1183, 1184, 1234, 1235, 1258, 1259, 1273, 1291, 1292, 1301, 1318, 1330, 1332, 1351, 1357, 1363, 1369, 1374, 1380, 1385, 1390, 1395, 1401, 1404, 1405, 1406, 1407, 1409, 1410, 1411, 1413, 1414, 1416, 1417, 1418, 1419, 1420, 1421, 1422, 1423, 1424, 1425, 1426, 1427, 1428, 1431, 1432, 1433, 1435, 1436, 1437, 1438, 1440, 1441, 1443, 1444, 1445, 1446, 1447, 1448, 1449, 1450, 1451, 1452, 1453, 1454, 1456, 1458, 1459, 1462, 1463, 1464, 1467, 1468, 1469, 1470, 1471, 1472, 1473, 1474, 1475, 1477, 1480, 1492, 1497, 1499, 1500, 1501, 1502, 1503, 1504, 1508], "excluded_lines": [], "functions": {"AssistantConfig.__post_init__": {"executed_lines": [97, 98, 99, 100], "summary": {"covered_lines": 4, "num_statements": 4, "percent_covered": 100.0, "percent_covered_display": "100", "missing_lines": 0, "excluded_lines": 0}, "missing_lines": [], "excluded_lines": []}, "AssistantConfig.validate": {"executed_lines": [109, 111, 112, 114, 115, 116, 117, 119, 120, 122, 123, 125, 126, 128, 131, 135, 138, 141, 144, 147, 148, 150, 153], "summary": {"covered_lines": 23, "num_statements": 31, "percent_covered": 74.19354838709677, "percent_covered_display": "74", "missing_lines": 8, "excluded_lines": 0}, "missing_lines": [129, 132, 136, 139, 142, 145, 149, 151], "excluded_lines": []}, "ConfigLoader.__init__": {"executed_lines": [171, 172, 173], "summary": {"covered_lines": 3, "num_statements": 3, "percent_covered": 100.0, "percent_covered_display": "100", "missing_lines": 0, "excluded_lines": 0}, "missing_lines": [], "excluded_lines": []}, "ConfigLoader.load": {"executed_lines": [186, 187, 188, 191, 195, 197, 198, 201, 202, 204, 205, 206, 209, 226, 227, 228, 230, 231, 233, 234, 236, 237], "summary": {"covered_lines": 22, "num_statements": 24, "percent_covered": 91.66666666666667, "percent_covered_display": "92", "missing_lines": 2, "excluded_lines": 0}, "missing_lines": [192, 193], "excluded_lines": []}, "ConfigLoader.merge_with_cli_args": {"executed_lines": [267, 268, 270, 271, 273, 274, 276, 277, 280, 284, 285, 286, 288], "summary": {"covered_lines": 13, "num_statements": 14, "percent_covered": 92.85714285714286, "percent_covered_display": "93", "missing_lines": 1, "excluded_lines": 0}, "missing_lines": [281], "excluded_lines": []}, "RuffViolation.__str__": {"executed_lines": [303], "summary": {"covered_lines": 1, "num_statements": 1, "percent_covered": 100.0, "percent_covered_display": "100", "missing_lines": 0, "excluded_lines": 0}, "missing_lines": [], "excluded_lines": []}, "VerificationResult.violation_count": {"executed_lines": [319], "summary": {"covered_lines": 1, "num_statements": 1, "percent_covered": 100.0, "percent_covered_display": "100", "missing_lines": 0, "excluded_lines": 0}, "missing_lines": [], "excluded_lines": []}, "RuffVerifier.__init__": {"executed_lines": [349, 350, 351], "summary": {"covered_lines": 3, "num_statements": 3, "percent_covered": 100.0, "percent_covered_display": "100", "missing_lines": 0, "excluded_lines": 0}, "missing_lines": [], "excluded_lines": []}, "RuffVerifier.verify_file": {"executed_lines": [363, 366, 367, 376, 378, 379, 381, 383, 391, 394, 396, 403, 404, 405, 406], "summary": {"covered_lines": 15, "num_statements": 23, "percent_covered": 65.21739130434783, "percent_covered_display": "65", "missing_lines": 8, "excluded_lines": 0}, "missing_lines": [414, 415, 416, 417, 425, 426, 427, 428], "excluded_lines": []}, "RuffVerifier._parse_ruff_output": {"executed_lines": [446, 447, 449, 450, 452, 453, 454, 461, 463, 465, 466, 467], "summary": {"covered_lines": 12, "num_statements": 15, "percent_covered": 80.0, "percent_covered_display": "80", "missing_lines": 3, "excluded_lines": 0}, "missing_lines": [469, 470, 471], "excluded_lines": []}, "EvidenceLogger.__init__": {"executed_lines": [493, 494, 495, 496, 499, 500, 501, 504, 505, 508], "summary": {"covered_lines": 10, "num_statements": 10, "percent_covered": 100.0, "percent_covered_display": "100", "missing_lines": 0, "excluded_lines": 0}, "missing_lines": [], "excluded_lines": []}, "EvidenceLogger._create_daily_directory": {"executed_lines": [517, 518, 519, 520], "summary": {"covered_lines": 4, "num_statements": 4, "percent_covered": 100.0, "percent_covered_display": "100", "missing_lines": 0, "excluded_lines": 0}, "missing_lines": [], "excluded_lines": []}, "EvidenceLogger._load_existing_evidence": {"executed_lines": [524, 525, 526, 527, 528, 529, 534], "summary": {"covered_lines": 7, "num_statements": 10, "percent_covered": 70.0, "percent_covered_display": "70", "missing_lines": 3, "excluded_lines": 0}, "missing_lines": [530, 531, 532], "excluded_lines": []}, "EvidenceLogger._rotate_logs": {"executed_lines": [538, 541, 543, 544, 545, 548, 549, 550, 551, 552], "summary": {"covered_lines": 10, "num_statements": 13, "percent_covered": 76.92307692307692, "percent_covered_display": "77", "missing_lines": 3, "excluded_lines": 0}, "missing_lines": [539, 553, 554], "excluded_lines": []}, "EvidenceLogger.log_verification": {"executed_lines": [576, 578, 582, 583, 585, 598, 599, 600, 602, 604, 615, 616, 618, 619, 621, 624, 627], "summary": {"covered_lines": 17, "num_statements": 17, "percent_covered": 100.0, "percent_covered_display": "100", "missing_lines": 0, "excluded_lines": 0}, "missing_lines": [], "excluded_lines": []}, "EvidenceLogger._write_json_evidence": {"executed_lines": [631, 632, 638, 639], "summary": {"covered_lines": 4, "num_statements": 6, "percent_covered": 66.66666666666667, "percent_covered_display": "67", "missing_lines": 2, "excluded_lines": 0}, "missing_lines": [641, 642], "excluded_lines": []}, "EvidenceLogger._append_text_log": {"executed_lines": [651, 652, 653, 654, 655, 656, 659, 660, 661, 663, 664, 665, 666, 667, 668, 669, 670], "summary": {"covered_lines": 17, "num_statements": 19, "percent_covered": 89.47368421052632, "percent_covered_display": "89", "missing_lines": 2, "excluded_lines": 0}, "missing_lines": [672, 673], "excluded_lines": []}, "EvidenceLogger._generate_summary": {"executed_lines": [682, 692, 693, 694, 695, 697, 699], "summary": {"covered_lines": 7, "num_statements": 8, "percent_covered": 87.5, "percent_covered_display": "88", "missing_lines": 1, "excluded_lines": 0}, "missing_lines": [683], "excluded_lines": []}, "EvidenceLogger.get_summary": {"executed_lines": [716, 717], "summary": {"covered_lines": 2, "num_statements": 2, "percent_covered": 100.0, "percent_covered_display": "100", "missing_lines": 0, "excluded_lines": 0}, "missing_lines": [], "excluded_lines": []}, "FileChangeDebouncer.__init__": {"executed_lines": [735, 736, 737], "summary": {"covered_lines": 3, "num_statements": 3, "percent_covered": 100.0, "percent_covered_display": "100", "missing_lines": 0, "excluded_lines": 0}, "missing_lines": [], "excluded_lines": []}, "FileChangeDebouncer.should_process": {"executed_lines": [749, 751, 752, 753, 755, 756, 757, 760, 761], "summary": {"covered_lines": 9, "num_statements": 9, "percent_covered": 100.0, "percent_covered_display": "100", "missing_lines": 0, "excluded_lines": 0}, "missing_lines": [], "excluded_lines": []}, "PythonFileHandler.__init__": {"executed_lines": [781, 782, 783, 784], "summary": {"covered_lines": 4, "num_statements": 4, "percent_covered": 100.0, "percent_covered_display": "100", "missing_lines": 0, "excluded_lines": 0}, "missing_lines": [], "excluded_lines": []}, "PythonFileHandler.on_modified": {"executed_lines": [793, 794, 796, 799, 800, 803, 804, 806, 807], "summary": {"covered_lines": 9, "num_statements": 9, "percent_covered": 100.0, "percent_covered_display": "100", "missing_lines": 0, "excluded_lines": 0}, "missing_lines": [], "excluded_lines": []}, "PythonFileHandler.on_created": {"executed_lines": [816, 819, 821, 824, 825], "summary": {"covered_lines": 5, "num_statements": 7, "percent_covered": 71.42857142857143, "percent_covered_display": "71", "missing_lines": 2, "excluded_lines": 0}, "missing_lines": [817, 822], "excluded_lines": []}, "FileChangeProcessor.__init__": {"executed_lines": [864, 865, 866, 867, 868, 869, 870, 871], "summary": {"covered_lines": 8, "num_statements": 8, "percent_covered": 100.0, "percent_covered_display": "100", "missing_lines": 0, "excluded_lines": 0}, "missing_lines": [], "excluded_lines": []}, "FileChangeProcessor.run": {"executed_lines": [879, 881, 882, 884, 885, 886, 887, 889, 891], "summary": {"covered_lines": 9, "num_statements": 9, "percent_covered": 100.0, "percent_covered_display": "100", "missing_lines": 0, "excluded_lines": 0}, "missing_lines": [], "excluded_lines": []}, "FileChangeProcessor._process_change": {"executed_lines": [908, 910, 912, 913, 914, 915, 917, 920, 921, 922, 925, 930, 931, 936, 937], "summary": {"covered_lines": 15, "num_statements": 19, "percent_covered": 78.94736842105263, "percent_covered_display": "79", "missing_lines": 4, "excluded_lines": 0}, "missing_lines": [926, 927, 939, 940], "excluded_lines": []}, "FileChangeProcessor._run_verification": {"executed_lines": [964, 965, 968, 969, 970, 971, 972, 975, 976, 977, 989, 990, 993, 994, 997, 1026, 1029, 1030, 1031, 1034, 1035, 1036, 1048], "summary": {"covered_lines": 23, "num_statements": 43, "percent_covered": 53.48837209302326, "percent_covered_display": "53", "missing_lines": 20, "excluded_lines": 0}, "missing_lines": [985, 986, 998, 1001, 1003, 1004, 1007, 1009, 1010, 1011, 1012, 1014, 1015, 1016, 1017, 1019, 1020, 1023, 1044, 1045], "excluded_lines": []}, "FileChangeProcessor._report_verification_result": {"executed_lines": [1058, 1061, 1066, 1067, 1077, 1078], "summary": {"covered_lines": 6, "num_statements": 12, "percent_covered": 50.0, "percent_covered_display": "50", "missing_lines": 6, "excluded_lines": 0}, "missing_lines": [1062, 1063, 1069, 1070, 1072, 1073], "excluded_lines": []}, "DevAssistant.__init__": {"executed_lines": [1111, 1119, 1120, 1121, 1122, 1124, 1127, 1130, 1131, 1134, 1135, 1138, 1139, 1140, 1141, 1142, 1143, 1149, 1150, 1151, 1152, 1153, 1158, 1159, 1171, 1172, 1186, 1195, 1198], "summary": {"covered_lines": 29, "num_statements": 53, "percent_covered": 54.716981132075475, "percent_covered_display": "55", "missing_lines": 24, "excluded_lines": 0}, "missing_lines": [1112, 1113, 1114, 1115, 1116, 1117, 1145, 1146, 1154, 1155, 1160, 1161, 1163, 1164, 1165, 1166, 1167, 1168, 1173, 1174, 1175, 1180, 1183, 1184], "excluded_lines": []}, "DevAssistant._setup_logging": {"executed_lines": [1210, 1211, 1214, 1215, 1216, 1217, 1219], "summary": {"covered_lines": 7, "num_statements": 7, "percent_covered": 100.0, "percent_covered_display": "100", "missing_lines": 0, "excluded_lines": 0}, "missing_lines": [], "excluded_lines": []}, "DevAssistant._register_signals": {"executed_lines": [1223, 1224], "summary": {"covered_lines": 2, "num_statements": 2, "percent_covered": 100.0, "percent_covered_display": "100", "missing_lines": 0, "excluded_lines": 0}, "missing_lines": [], "excluded_lines": []}, "DevAssistant._handle_shutdown": {"executed_lines": [], "summary": {"covered_lines": 0, "num_statements": 2, "percent_covered": 0.0, "percent_covered_display": "0", "missing_lines": 2, "excluded_lines": 0}, "missing_lines": [1234, 1235], "excluded_lines": []}, "DevAssistant.start": {"executed_lines": [1246, 1247, 1248, 1251, 1252, 1253, 1254, 1255, 1256, 1257, 1260, 1262, 1263, 1266, 1269, 1270, 1271, 1272, 1274, 1276, 1279, 1280, 1281, 1284, 1285, 1288, 1289, 1290], "summary": {"covered_lines": 28, "num_statements": 33, "percent_covered": 84.84848484848484, "percent_covered_display": "85", "missing_lines": 5, "excluded_lines": 0}, "missing_lines": [1258, 1259, 1273, 1291, 1292], "excluded_lines": []}, "DevAssistant.stop": {"executed_lines": [1300, 1303, 1304, 1307, 1308, 1309, 1312, 1313, 1316, 1317, 1320], "summary": {"covered_lines": 11, "num_statements": 13, "percent_covered": 84.61538461538461, "percent_covered_display": "85", "missing_lines": 2, "excluded_lines": 0}, "missing_lines": [1301, 1318], "excluded_lines": []}, "main": {"executed_lines": [], "summary": {"covered_lines": 0, "num_statements": 80, "percent_covered": 0.0, "percent_covered_display": "0", "missing_lines": 80, "excluded_lines": 0}, "missing_lines": [1330, 1332, 1351, 1357, 1363, 1369, 1374, 1380, 1385, 1390, 1395, 1401, 1404, 1405, 1406, 1407, 1409, 1410, 1411, 1413, 1414, 1416, 1417, 1418, 1419, 1420, 1421, 1422, 1423, 1424, 1425, 1426, 1427, 1428, 1431, 1432, 1433, 1435, 1436, 1437, 1438, 1440, 1441, 1443, 1444, 1445, 1446, 1447, 1448, 1449, 1450, 1451, 1452, 1453, 1454, 1456, 1458, 1459, 1462, 1463, 1464, 1467, 1468, 1469, 1470, 1471, 1472, 1473, 1474, 1475, 1477, 1480, 1492, 1497, 1499, 1500, 1501, 1502, 1503, 1504], "excluded_lines": []}, "": {"executed_lines": [1, 40, 41, 42, 43, 44, 45, 46, 47, 48, 49, 50, 51, 52, 55, 56, 63, 64, 67, 68, 69, 76, 77, 78, 80, 81, 82, 83, 84, 85, 86, 88, 89, 90, 92, 93, 95, 102, 156, 157, 164, 175, 239, 291, 292, 293, 295, 296, 297, 298, 299, 301, 306, 307, 308, 310, 311, 312, 313, 314, 316, 317, 322, 323, 324, 326, 327, 328, 329, 330, 333, 334, 341, 353, 436, 474, 475, 485, 510, 522, 536, 556, 629, 644, 675, 709, 720, 721, 728, 739, 764, 765, 772, 786, 809, 828, 829, 842, 873, 893, 942, 1050, 1081, 1082, 1090, 1200, 1221, 1226, 1237, 1294, 1323, 1507], "summary": {"covered_lines": 100, "num_statements": 109, "percent_covered": 91.74311926605505, "percent_covered_display": "92", "missing_lines": 9, "excluded_lines": 0}, "missing_lines": [57, 58, 59, 60, 61, 70, 72, 73, 1508], "excluded_lines": []}}, "classes": {"AssistantConfig": {"executed_lines": [97, 98, 99, 100, 109, 111, 112, 114, 115, 116, 117, 119, 120, 122, 123, 125, 126, 128, 131, 135, 138, 141, 144, 147, 148, 150, 153], "summary": {"covered_lines": 27, "num_statements": 35, "percent_covered": 77.14285714285714, "percent_covered_display": "77", "missing_lines": 8, "excluded_lines": 0}, "missing_lines": [129, 132, 136, 139, 142, 145, 149, 151], "excluded_lines": []}, "ConfigLoader": {"executed_lines": [171, 172, 173, 186, 187, 188, 191, 195, 197, 198, 201, 202, 204, 205, 206, 209, 226, 227, 228, 230, 231, 233, 234, 236, 237, 267, 268, 270, 271, 273, 274, 276, 277, 280, 284, 285, 286, 288], "summary": {"covered_lines": 38, "num_statements": 41, "percent_covered": 92.6829268292683, "percent_covered_display": "93", "missing_lines": 3, "excluded_lines": 0}, "missing_lines": [192, 193, 281], "excluded_lines": []}, "RuffViolation": {"executed_lines": [303], "summary": {"covered_lines": 1, "num_statements": 1, "percent_covered": 100.0, "percent_covered_display": "100", "missing_lines": 0, "excluded_lines": 0}, "missing_lines": [], "excluded_lines": []}, "VerificationResult": {"executed_lines": [319], "summary": {"covered_lines": 1, "num_statements": 1, "percent_covered": 100.0, "percent_covered_display": "100", "missing_lines": 0, "excluded_lines": 0}, "missing_lines": [], "excluded_lines": []}, "VerificationEvent": {"executed_lines": [], "summary": {"covered_lines": 0, "num_statements": 0, "percent_covered": 100.0, "percent_covered_display": "100", "missing_lines": 0, "excluded_lines": 0}, "missing_lines": [], "excluded_lines": []}, "RuffVerifier": {"executed_lines": [349, 350, 351, 363, 366, 367, 376, 378, 379, 381, 383, 391, 394, 396, 403, 404, 405, 406, 446, 447, 449, 450, 452, 453, 454, 461, 463, 465, 466, 467], "summary": {"covered_lines": 30, "num_statements": 41, "percent_covered": 73.17073170731707, "percent_covered_display": "73", "missing_lines": 11, "excluded_lines": 0}, "missing_lines": [414, 415, 416, 417, 425, 426, 427, 428, 469, 470, 471], "excluded_lines": []}, "EvidenceLogger": {"executed_lines": [493, 494, 495, 496, 499, 500, 501, 504, 505, 508, 517, 518, 519, 520, 524, 525, 526, 527, 528, 529, 534, 538, 541, 543, 544, 545, 548, 549, 550, 551, 552, 576, 578, 582, 583, 585, 598, 599, 600, 602, 604, 615, 616, 618, 619, 621, 624, 627, 631, 632, 638, 639, 651, 652, 653, 654, 655, 656, 659, 660, 661, 663, 664, 665, 666, 667, 668, 669, 670, 682, 692, 693, 694, 695, 697, 699, 716, 717], "summary": {"covered_lines": 78, "num_statements": 89, "percent_covered": 87.64044943820225, "percent_covered_display": "88", "missing_lines": 11, "excluded_lines": 0}, "missing_lines": [530, 531, 532, 539, 553, 554, 641, 642, 672, 673, 683], "excluded_lines": []}, "FileChangeDebouncer": {"executed_lines": [735, 736, 737, 749, 751, 752, 753, 755, 756, 757, 760, 761], "summary": {"covered_lines": 12, "num_statements": 12, "percent_covered": 100.0, "percent_covered_display": "100", "missing_lines": 0, "excluded_lines": 0}, "missing_lines": [], "excluded_lines": []}, "PythonFileHandler": {"executed_lines": [781, 782, 783, 784, 793, 794, 796, 799, 800, 803, 804, 806, 807, 816, 819, 821, 824, 825], "summary": {"covered_lines": 18, "num_statements": 20, "percent_covered": 90.0, "percent_covered_display": "90", "missing_lines": 2, "excluded_lines": 0}, "missing_lines": [817, 822], "excluded_lines": []}, "FileChangeProcessor": {"executed_lines": [864, 865, 866, 867, 868, 869, 870, 871, 879, 881, 882, 884, 885, 886, 887, 889, 891, 908, 910, 912, 913, 914, 915, 917, 920, 921, 922, 925, 930, 931, 936, 937, 964, 965, 968, 969, 970, 971, 972, 975, 976, 977, 989, 990, 993, 994, 997, 1026, 1029, 1030, 1031, 1034, 1035, 1036, 1048, 1058, 1061, 1066, 1067, 1077, 1078], "summary": {"covered_lines": 61, "num_statements": 91, "percent_covered": 67.03296703296704, "percent_covered_display": "67", "missing_lines": 30, "excluded_lines": 0}, "missing_lines": [926, 927, 939, 940, 985, 986, 998, 1001, 1003, 1004, 1007, 1009, 1010, 1011, 1012, 1014, 1015, 1016, 1017, 1019, 1020, 1023, 1044, 1045, 1062, 1063, 1069, 1070, 1072, 1073], "excluded_lines": []}, "DevAssistant": {"executed_lines": [1111, 1119, 1120, 1121, 1122, 1124, 1127, 1130, 1131, 1134, 1135, 1138, 1139, 1140, 1141, 1142, 1143, 1149, 1150, 1151, 1152, 1153, 1158, 1159, 1171, 1172, 1186, 1195, 1198, 1210, 1211, 1214, 1215, 1216, 1217, 1219, 1223, 1224, 1246, 1247, 1248, 1251, 1252, 1253, 1254, 1255, 1256, 1257, 1260, 1262, 1263, 1266, 1269, 1270, 1271, 1272, 1274, 1276, 1279, 1280, 1281, 1284, 1285, 1288, 1289, 1290, 1300, 1303, 1304, 1307, 1308, 1309, 1312, 1313, 1316, 1317, 1320], "summary": {"covered_lines": 77, "num_statements": 110, "percent_covered": 70.0, "percent_covered_display": "70", "missing_lines": 33, "excluded_lines": 0}, "missing_lines": [1112, 1113, 1114, 1115, 1116, 1117, 1145, 1146, 1154, 1155, 1160, 1161, 1163, 1164, 1165, 1166, 1167, 1168, 1173, 1174, 1175, 1180, 1183, 1184, 1234, 1235, 1258, 1259, 1273, 1291, 1292, 1301, 1318], "excluded_lines": []}, "": {"executed_lines": [1, 40, 41, 42, 43, 44, 45, 46, 47, 48, 49, 50, 51, 52, 55, 56, 63, 64, 67, 68, 69, 76, 77, 78, 80, 81, 82, 83, 84, 85, 86, 88, 89, 90, 92, 93, 95, 102, 156, 157, 164, 175, 239, 291, 292, 293, 295, 296, 297, 298, 299, 301, 306, 307, 308, 310, 311, 312, 313, 314, 316, 317, 322, 323, 324, 326, 327, 328, 329, 330, 333, 334, 341, 353, 436, 474, 475, 485, 510, 522, 536, 556, 629, 644, 675, 709, 720, 721, 728, 739, 764, 765, 772, 786, 809, 828, 829, 842, 873, 893, 942, 1050, 1081, 1082, 1090, 1200, 1221, 1226, 1237, 1294, 1323, 1507], "summary": {"covered_lines": 100, "num_statements": 189, "percent_covered": 52.91005291005291, "percent_covered_display": "53", "missing_lines": 89, "excluded_lines": 0}, "missing_lines": [57, 58, 59, 60, 61, 70, 72, 73, 1330, 1332, 1351, 1357, 1363, 1369, 1374, 1380, 1385, 1390, 1395, 1401, 1404, 1405, 1406, 1407, 1409, 1410, 1411, 1413, 1414, 1416, 1417, 1418, 1419, 1420, 1421, 1422, 1423, 1424, 1425, 1426, 1427, 1428, 1431, 1432, 1433, 1435, 1436, 1437, 1438, 1440, 1441, 1443, 1444, 1445, 1446, 1447, 1448, 1449, 1450, 1451, 1452, 1453, 1454, 1456, 1458, 1459, 1462, 1463, 1464, 1467, 1468, 1469, 1470, 1471, 1472, 1473, 1474, 1475, 1477, 1480, 1492, 1497, 1499, 1500, 1501, 1502, 1503, 1504, 1508], "excluded_lines": []}}}, "scripts\\dev_rules_cli.py": {"executed_lines": [2, 25, 26, 29, 31, 32, 33, 34, 35, 38, 39, 40, 45, 53, 54, 56, 59, 60, 61, 62, 92, 93, 94, 99, 102, 103, 104, 106, 108, 112, 114, 118, 120, 121, 123, 125, 127, 128, 129, 130, 131, 135, 143, 144, 146, 149, 150, 151, 154, 155, 162, 164, 165, 167, 168, 176, 178, 179, 180, 181, 182, 183, 190, 191, 204, 205, 207, 209, 215, 216, 218, 219, 221, 222, 223, 224, 225, 226, 227, 229, 230, 231, 232, 233, 241, 242, 247, 248, 313, 314, 385, 386, 422, 452, 464], "summary": {"covered_lines": 94, "num_statements": 243, "percent_covered": 38.68312757201646, "percent_covered_display": "39", "missing_lines": 149, "excluded_lines": 0}, "missing_lines": [69, 71, 72, 73, 74, 75, 77, 78, 80, 82, 83, 85, 86, 87, 88, 89, 109, 110, 115, 116, 132, 133, 185, 186, 187, 193, 194, 196, 197, 198, 199, 200, 201, 244, 250, 251, 253, 255, 256, 257, 260, 262, 263, 264, 265, 266, 267, 270, 271, 272, 273, 275, 276, 277, 278, 280, 281, 282, 283, 285, 292, 293, 296, 297, 298, 299, 300, 302, 303, 304, 305, 308, 309, 310, 316, 317, 319, 321, 322, 323, 326, 328, 329, 330, 333, 334, 335, 337, 339, 340, 341, 342, 344, 345, 347, 348, 349, 350, 352, 353, 360, 361, 364, 365, 366, 367, 369, 370, 371, 374, 375, 376, 377, 394, 396, 398, 399, 400, 401, 403, 404, 406, 407, 408, 409, 410, 411, 412, 413, 414, 429, 431, 432, 435, 436, 437, 440, 441, 442, 444, 454, 455, 456, 457, 458, 459, 460, 461, 465], "excluded_lines": [], "functions": {"cli": {"executed_lines": [45], "summary": {"covered_lines": 1, "num_statements": 1, "percent_covered": 100.0, "percent_covered_display": "100", "missing_lines": 0, "excluded_lines": 0}, "missing_lines": [], "excluded_lines": []}, "task": {"executed_lines": [56], "summary": {"covered_lines": 1, "num_statements": 1, "percent_covered": 100.0, "percent_covered_display": "100", "missing_lines": 0, "excluded_lines": 0}, "missing_lines": [], "excluded_lines": []}, "run": {"executed_lines": [], "summary": {"covered_lines": 0, "num_statements": 16, "percent_covered": 0.0, "percent_covered_display": "0", "missing_lines": 16, "excluded_lines": 0}, "missing_lines": [69, 71, 72, 73, 74, 75, 77, 78, 80, 82, 83, 85, 86, 87, 88, 89], "excluded_lines": []}, "plan": {"executed_lines": [99], "summary": {"covered_lines": 1, "num_statements": 1, "percent_covered": 100.0, "percent_covered_display": "100", "missing_lines": 0, "excluded_lines": 0}, "missing_lines": [], "excluded_lines": []}, "list_tasks": {"executed_lines": [106, 108, 112, 114, 118, 120, 121, 123, 125, 127, 128, 129, 130, 131, 135], "summary": {"covered_lines": 15, "num_statements": 21, "percent_covered": 71.42857142857143, "percent_covered_display": "71", "missing_lines": 6, "excluded_lines": 0}, "missing_lines": [109, 110, 115, 116, 132, 133], "excluded_lines": []}, "prompt": {"executed_lines": [146], "summary": {"covered_lines": 1, "num_statements": 1, "percent_covered": 100.0, "percent_covered_display": "100", "missing_lines": 0, "excluded_lines": 0}, "missing_lines": [], "excluded_lines": []}, "compress": {"executed_lines": [162, 164, 165, 167, 168, 176, 178, 179, 180, 181, 182, 183], "summary": {"covered_lines": 12, "num_statements": 15, "percent_covered": 80.0, "percent_covered_display": "80", "missing_lines": 3, "excluded_lines": 0}, "missing_lines": [185, 186, 187], "excluded_lines": []}, "info": {"executed_lines": [], "summary": {"covered_lines": 0, "num_statements": 8, "percent_covered": 0.0, "percent_covered_display": "0", "missing_lines": 8, "excluded_lines": 0}, "missing_lines": [193, 194, 196, 197, 198, 199, 200, 201], "excluded_lines": []}, "demo": {"executed_lines": [207, 209, 215, 216, 218, 219, 221, 222, 223, 224, 225, 226, 227, 229, 230, 231, 232, 233], "summary": {"covered_lines": 18, "num_statements": 18, "percent_covered": 100.0, "percent_covered_display": "100", "missing_lines": 0, "excluded_lines": 0}, "missing_lines": [], "excluded_lines": []}, "stats": {"executed_lines": [], "summary": {"covered_lines": 0, "num_statements": 1, "percent_covered": 0.0, "percent_covered_display": "0", "missing_lines": 1, "excluded_lines": 0}, "missing_lines": [244], "excluded_lines": []}, "stats_compression": {"executed_lines": [], "summary": {"covered_lines": 0, "num_statements": 40, "percent_covered": 0.0, "percent_covered_display": "0", "missing_lines": 40, "excluded_lines": 0}, "missing_lines": [250, 251, 253, 255, 256, 257, 260, 262, 263, 264, 265, 266, 267, 270, 271, 272, 273, 275, 276, 277, 278, 280, 281, 282, 283, 285, 292, 293, 296, 297, 298, 299, 300, 302, 303, 304, 305, 308, 309, 310], "excluded_lines": []}, "stats_tasks": {"executed_lines": [], "summary": {"covered_lines": 0, "num_statements": 39, "percent_covered": 0.0, "percent_covered_display": "0", "missing_lines": 39, "excluded_lines": 0}, "missing_lines": [316, 317, 319, 321, 322, 323, 326, 328, 329, 330, 333, 334, 335, 337, 339, 340, 341, 342, 344, 345, 347, 348, 349, 350, 352, 353, 360, 361, 364, 365, 366, 367, 369, 370, 371, 374, 375, 376, 377], "excluded_lines": []}, "dashboard": {"executed_lines": [], "summary": {"covered_lines": 0, "num_statements": 17, "percent_covered": 0.0, "percent_covered_display": "0", "missing_lines": 17, "excluded_lines": 0}, "missing_lines": [394, 396, 398, 399, 400, 401, 403, 404, 406, 407, 408, 409, 410, 411, 412, 413, 414], "excluded_lines": []}, "find_task_file": {"executed_lines": [], "summary": {"covered_lines": 0, "num_statements": 10, "percent_covered": 0.0, "percent_covered_display": "0", "missing_lines": 10, "excluded_lines": 0}, "missing_lines": [429, 431, 432, 435, 436, 437, 440, 441, 442, 444], "excluded_lines": []}, "main": {"executed_lines": [], "summary": {"covered_lines": 0, "num_statements": 8, "percent_covered": 0.0, "percent_covered_display": "0", "missing_lines": 8, "excluded_lines": 0}, "missing_lines": [454, 455, 456, 457, 458, 459, 460, 461], "excluded_lines": []}, "": {"executed_lines": [2, 25, 26, 29, 31, 32, 33, 34, 35, 38, 39, 40, 53, 54, 59, 60, 61, 62, 92, 93, 94, 102, 103, 104, 143, 144, 149, 150, 151, 154, 155, 190, 191, 204, 205, 24
[...]
tatements": 3, "percent_covered": 100.0, "percent_covered_display": "100", "missing_lines": 0, "excluded_lines": 0}, "missing_lines": [], "excluded_lines": []}, "VerificationCache._serialize_result": {"executed_lines": [410], "summary": {"covered_lines": 1, "num_statements": 1, "percent_covered": 100.0, "percent_covered_display": "100", "missing_lines": 0, "excluded_lines": 0}, "missing_lines": [], "excluded_lines": []}, "VerificationCache._deserialize_result": {"executed_lines": [436, 438], "summary": {"covered_lines": 2, "num_statements": 2, "percent_covered": 100.0, "percent_covered_display": "100", "missing_lines": 0, "excluded_lines": 0}, "missing_lines": [], "excluded_lines": []}, "VerificationCache._ensure_cache_dir": {"executed_lines": [451, 452], "summary": {"covered_lines": 2, "num_statements": 4, "percent_covered": 50.0, "percent_covered_display": "50", "missing_lines": 2, "excluded_lines": 0}, "missing_lines": [453, 454], "excluded_lines": []}, "VerificationCache._load_cache": {"executed_lines": [464, 465, 466, 468, 469, 470, 473, 474, 475, 476, 477, 478, 482, 484, 485, 486], "summary": {"covered_lines": 16, "num_statements": 20, "percent_covered": 80.0, "percent_covered_display": "80", "missing_lines": 4, "excluded_lines": 0}, "missing_lines": [479, 480, 488, 489], "excluded_lines": []}, "VerificationCache._save_cache": {"executed_lines": [497, 499, 502, 504, 505, 508, 510], "summary": {"covered_lines": 7, "num_statements": 9, "percent_covered": 77.77777777777777, "percent_covered_display": "78", "missing_lines": 2, "excluded_lines": 0}, "missing_lines": [512, 513], "excluded_lines": []}, "main": {"executed_lines": [], "summary": {"covered_lines": 0, "num_statements": 15, "percent_covered": 0.0, "percent_covered_display": "0", "missing_lines": 15, "excluded_lines": 0}, "missing_lines": [518, 521, 524, 525, 527, 529, 530, 533, 535, 536, 538, 541, 549, 550, 552], "excluded_lines": []}, "": {"executed_lines": [1, 34, 35, 36, 37, 38, 39, 40, 41, 42, 44, 47, 48, 49, 51, 52, 53, 54, 55, 58, 59, 60, 62, 63, 64, 65, 66, 68, 69, 74, 75, 76, 86, 87, 88, 89, 90, 93, 94, 108, 147, 212, 258, 273, 283, 292, 311, 353, 370, 386, 401, 427, 446, 456, 491, 516, 555], "summary": {"covered_lines": 52, "num_statements": 53, "percent_covered": 98.11320754716981, "percent_covered_display": "98", "missing_lines": 1, "excluded_lines": 0}, "missing_lines": [556], "excluded_lines": []}}, "classes": {"RuffViolation": {"executed_lines": [], "summary": {"covered_lines": 0, "num_statements": 0, "percent_covered": 100.0, "percent_covered_display": "100", "missing_lines": 0, "excluded_lines": 0}, "missing_lines": [], "excluded_lines": []}, "VerificationResult": {"executed_lines": [71], "summary": {"covered_lines": 1, "num_statements": 1, "percent_covered": 100.0, "percent_covered_display": "100", "missing_lines": 0, "excluded_lines": 0}, "missing_lines": [], "excluded_lines": []}, "CacheEntry": {"executed_lines": [], "summary": {"covered_lines": 0, "num_statements": 0, "percent_covered": 100.0, "percent_covered_display": "100", "missing_lines": 0, "excluded_lines": 0}, "missing_lines": [], "excluded_lines": []}, "VerificationCache": {"executed_lines": [121, 122, 123, 126, 130, 134, 137, 140, 143, 145, 163, 165, 166, 167, 170, 171, 175, 176, 178, 179, 180, 183, 184, 189, 190, 193, 194, 196, 197, 200, 201, 204, 206, 210, 226, 228, 229, 234, 237, 246, 247, 248, 251, 254, 256, 266, 267, 268, 269, 270, 271, 278, 279, 280, 281, 289, 290, 298, 299, 301, 324, 326, 327, 328, 331, 332, 333, 335, 338, 341, 342, 345, 347, 349, 350, 351, 362, 363, 364, 365, 366, 368, 379, 380, 381, 382, 392, 394, 395, 410, 436, 438, 451, 452, 464, 465, 466, 468, 469, 470, 473, 474, 475, 476, 477, 478, 482, 484, 485, 486, 497, 499, 502, 504, 505, 508, 510], "summary": {"covered_lines": 117, "num_statements": 130, "percent_covered": 90.0, "percent_covered_display": "90", "missing_lines": 13, "excluded_lines": 0}, "missing_lines": [172, 230, 231, 383, 384, 453, 454, 479, 480, 488, 489, 512, 513], "excluded_lines": []}, "": {"executed_lines": [1, 34, 35, 36, 37, 38, 39, 40, 41, 42, 44, 47, 48, 49, 51, 52, 53, 54, 55, 58, 59, 60, 62, 63, 64, 65, 66, 68, 69, 74, 75, 76, 86, 87, 88, 89, 90, 93, 94, 108, 147, 212, 258, 273, 283, 292, 311, 353, 370, 386, 401, 427, 446, 456, 491, 516, 555], "summary": {"covered_lines": 52, "num_statements": 68, "percent_covered": 76.47058823529412, "percent_covered_display": "76", "missing_lines": 16, "excluded_lines": 0}, "missing_lines": [518, 521, 524, 525, 527, 529, 530, 533, 535, 536, 538, 541, 549, 550, 552, 556], "excluded_lines": []}}}, "scripts\\verify_with_gemini.py": {"executed_lines": [], "summary": {"covered_lines": 0, "num_statements": 49, "percent_covered": 0.0, "percent_covered_display": "0", "missing_lines": 49, "excluded_lines": 0}, "missing_lines": [6, 7, 8, 11, 13, 14, 15, 16, 19, 21, 22, 25, 26, 35, 36, 37, 40, 146, 147, 148, 150, 151, 152, 155, 156, 157, 159, 160, 161, 162, 163, 165, 167, 168, 169, 172, 174, 175, 176, 179, 180, 181, 182, 183, 184, 185, 187, 190, 191], "excluded_lines": [], "functions": {"read_file": {"executed_lines": [], "summary": {"covered_lines": 0, "num_statements": 4, "percent_covered": 0.0, "percent_covered_display": "0", "missing_lines": 4, "excluded_lines": 0}, "missing_lines": [13, 14, 15, 16], "excluded_lines": []}, "analyze_with_gemini": {"executed_lines": [], "summary": {"covered_lines": 0, "num_statements": 26, "percent_covered": 0.0, "percent_covered_display": "0", "missing_lines": 26, "excluded_lines": 0}, "missing_lines": [21, 22, 25, 26, 35, 36, 37, 40, 146, 147, 148, 150, 151, 152, 155, 156, 157, 159, 160, 161, 162, 163, 165, 167, 168, 169], "excluded_lines": []}, "main": {"executed_lines": [], "summary": {"covered_lines": 0, "num_statements": 11, "percent_covered": 0.0, "percent_covered_display": "0", "missing_lines": 11, "excluded_lines": 0}, "missing_lines": [174, 175, 176, 179, 180, 181, 182, 183, 184, 185, 187], "excluded_lines": []}, "": {"executed_lines": [], "summary": {"covered_lines": 0, "num_statements": 8, "percent_covered": 0.0, "percent_covered_display": "0", "missing_lines": 8, "excluded_lines": 0}, "missing_lines": [6, 7, 8, 11, 19, 172, 190, 191], "excluded_lines": []}}, "classes": {"": {"executed_lines": [], "summary": {"covered_lines": 0, "num_statements": 49, "percent_covered": 0.0, "percent_covered_display": "0", "missing_lines": 49, "excluded_lines": 0}, "missing_lines": [6, 7, 8, 11, 13, 14, 15, 16, 19, 21, 22, 25, 26, 35, 36, 37, 40, 146, 147, 148, 150, 151, 152, 155, 156, 157, 159, 160, 161, 162, 163, 165, 167, 168, 169, 172, 174, 175, 176, 179, 180, 181, 182, 183, 184, 185, 187, 190, 191], "excluded_lines": []}}}, "scripts\\view_logs.py": {"executed_lines": [], "summary": {"covered_lines": 0, "num_statements": 151, "percent_covered": 0.0, "percent_covered_display": "0", "missing_lines": 151, "excluded_lines": 0}, "missing_lines": [20, 21, 22, 23, 24, 25, 28, 31, 32, 34, 36, 38, 39, 41, 43, 45, 47, 48, 50, 51, 53, 54, 55, 56, 62, 63, 65, 67, 69, 71, 72, 73, 74, 75, 81, 82, 84, 86, 88, 90, 91, 92, 93, 94, 95, 102, 103, 105, 107, 109, 111, 112, 114, 117, 119, 120, 121, 122, 123, 124, 127, 129, 130, 131, 132, 134, 135, 136, 138, 141, 143, 144, 145, 146, 148, 149, 150, 152, 153, 154, 155, 156, 158, 161, 163, 164, 165, 166, 168, 169, 170, 172, 175, 177, 178, 179, 180, 181, 182, 185, 186, 187, 188, 191, 193, 196, 198, 201, 202, 203, 204, 206, 208, 209, 210, 211, 213, 214, 215, 217, 219, 220, 221, 222, 224, 226, 227, 228, 229, 231, 233, 234, 235, 236, 238, 242, 243, 246, 247, 248, 251, 252, 253, 256, 257, 258, 261, 262, 263, 266, 267], "excluded_lines": [], "functions": {"LogViewer.__init__": {"executed_lines": [], "summary": {"covered_lines": 0, "num_statements": 1, "percent_covered": 0.0, "percent_covered_display": "0", "missing_lines": 1, "excluded_lines": 0}, "missing_lines": [32], "excluded_lines": []}, "LogViewer.view_dev_assistant_logs": {"executed_lines": [], "summary": {"covered_lines": 0, "num_statements": 4, "percent_covered": 0.0, "percent_covered_display": "0", "missing_lines": 4, "excluded_lines": 0}, "missing_lines": [36, 38, 39, 41], "excluded_lines": []}, "LogViewer.view_evidence_logs": {"executed_lines": [], "summary": {"covered_lines": 0, "num_statements": 12, "percent_covered": 0.0, "percent_covered_display": "0", "missing_lines": 12, "excluded_lines": 0}, "missing_lines": [45, 47, 48, 50, 51, 53, 54, 55, 56, 62, 63, 65], "excluded_lines": []}, "LogViewer.view_compression_reports": {"executed_lines": [], "summary": {"covered_lines": 0, "num_statements": 9, "percent_covered": 0.0, "percent_covered_display": "0", "missing_lines": 9, "excluded_lines": 0}, "missing_lines": [69, 71, 72, 73, 74, 75, 81, 82, 84], "excluded_lines": []}, "LogViewer.view_task_states": {"executed_lines": [], "summary": {"covered_lines": 0, "num_statements": 10, "percent_covered": 0.0, "percent_covered_display": "0", "missing_lines": 10, "excluded_lines": 0}, "missing_lines": [88, 90, 91, 92, 93, 94, 95, 102, 103, 105], "excluded_lines": []}, "LogViewer.view_stats": {"executed_lines": [], "summary": {"covered_lines": 0, "num_statements": 4, "percent_covered": 0.0, "percent_covered_display": "0", "missing_lines": 4, "excluded_lines": 0}, "missing_lines": [109, 111, 112, 114], "excluded_lines": []}, "format_dev_assistant_logs": {"executed_lines": [], "summary": {"covered_lines": 0, "num_statements": 6, "percent_covered": 0.0, "percent_covered_display": "0", "missing_lines": 6, "excluded_lines": 0}, "missing_lines": [119, 120, 121, 122, 123, 124], "excluded_lines": []}, "format_evidence_logs": {"executed_lines": [], "summary": {"covered_lines": 0, "num_statements": 8, "percent_covered": 0.0, "percent_covered_display": "0", "missing_lines": 8, "excluded_lines": 0}, "missing_lines": [129, 130, 131, 132, 134, 135, 136, 138], "excluded_lines": []}, "format_compression_reports": {"executed_lines": [], "summary": {"covered_lines": 0, "num_statements": 13, "percent_covered": 0.0, "percent_covered_display": "0", "missing_lines": 13, "excluded_lines": 0}, "missing_lines": [143, 144, 145, 146, 148, 149, 150, 152, 153, 154, 155, 156, 158], "excluded_lines": []}, "format_task_states": {"executed_lines": [], "summary": {"covered_lines": 0, "num_statements": 8, "percent_covered": 0.0, "percent_covered_display": "0", "missing_lines": 8, "excluded_lines": 0}, "missing_lines": [163, 164, 165, 166, 168, 169, 170, 172], "excluded_lines": []}, "format_stats": {"executed_lines": [], "summary": {"covered_lines": 0, "num_statements": 6, "percent_covered": 0.0, "percent_covered_display": "0", "missing_lines": 6, "excluded_lines": 0}, "missing_lines": [177, 178, 179, 180, 181, 182], "excluded_lines": []}, "main": {"executed_lines": [], "summary": {"covered_lines": 0, "num_statements": 49, "percent_covered": 0.0, "percent_covered_display": "0", "missing_lines": 49, "excluded_lines": 0}, "missing_lines": [186, 187, 188, 191, 193, 196, 198, 201, 202, 203, 204, 206, 208, 209, 210, 211, 213, 214, 215, 217, 219, 220, 221, 222, 224, 226, 227, 228, 229, 231, 233, 234, 235, 236, 238, 242, 243, 246, 247, 248, 251, 252, 253, 256, 257, 258, 261, 262, 263], "excluded_lines": []}, "": {"executed_lines": [], "summary": {"covered_lines": 0, "num_statements": 21, "percent_covered": 0.0, "percent_covered_display": "0", "missing_lines": 21, "excluded_lines": 0}, "missing_lines": [20, 21, 22, 23, 24, 25, 28, 31, 34, 43, 67, 86, 107, 117, 127, 141, 161, 175, 185, 266, 267], "excluded_lines": []}}, "classes": {"LogViewer": {"executed_lines": [], "summary": {"covered_lines": 0, "num_statements": 40, "percent_covered": 0.0, "percent_covered_display": "0", "missing_lines": 40, "excluded_lines": 0}, "missing_lines": [32, 36, 38, 39, 41, 45, 47, 48, 50, 51, 53, 54, 55, 56, 62, 63, 65, 69, 71, 72, 73, 74, 75, 81, 82, 84, 88, 90, 91, 92, 93, 94, 95, 102, 103, 105, 109, 111, 112, 114], "excluded_lines": []}, "": {"executed_lines": [], "summary": {"covered_lines": 0, "num_statements": 111, "percent_covered": 0.0, "percent_covered_display": "0", "missing_lines": 111, "excluded_lines": 0}, "missing_lines": [20, 21, 22, 23, 24, 25, 28, 31, 34, 43, 67, 86, 107, 117, 119, 120, 121, 122, 123, 124, 127, 129, 130, 131, 132, 134, 135, 136, 138, 141, 143, 144, 145, 146, 148, 149, 150, 152, 153, 154, 155, 156, 158, 161, 163, 164, 165, 166, 168, 169, 170, 172, 175, 177, 178, 179, 180, 181, 182, 185, 186, 187, 188, 191, 193, 196, 198, 201, 202, 203, 204, 206, 208, 209, 210, 211, 213, 214, 215, 217, 219, 220, 221, 222, 224, 226, 227, 228, 229, 231, 233, 234, 235, 236, 238, 242, 243, 246, 247, 248, 251, 252, 253, 256, 257, 258, 261, 262, 263, 266, 267], "excluded_lines": []}}}, "scripts\\worker_pool.py": {"executed_lines": [2, 32, 33, 34, 35, 36, 37, 38, 39, 41, 44, 45, 47, 48, 49, 52, 53, 54, 56, 57, 58, 60, 62, 63, 64, 67, 68, 79, 92, 93, 94, 95, 96, 97, 98, 101, 102, 103, 104, 106, 108, 110, 111, 112, 114, 115, 117, 118, 123, 124, 126, 128, 138, 139, 140, 142, 148, 150, 151, 152, 153, 154, 155, 156, 158, 169, 172, 178, 179, 180, 181, 182, 187, 196, 197, 199, 200, 203, 204, 205, 206, 210, 211, 215, 216, 217, 218, 220, 226, 227, 228, 230, 240, 242, 243, 245, 246, 248, 251, 252, 253, 255, 256, 258, 259, 263, 264, 267, 269, 271, 273, 275, 284, 285, 287, 288, 289, 290, 291, 292, 302, 303, 313, 328, 333, 334, 342, 399], "summary": {"covered_lines": 123, "num_statements": 167, "percent_covered": 73.65269461077844, "percent_covered_display": "74", "missing_lines": 44, "excluded_lines": 0}, "missing_lines": [170, 183, 184, 185, 207, 208, 212, 213, 295, 296, 297, 298, 299, 345, 348, 349, 351, 357, 359, 360, 361, 364, 365, 367, 370, 371, 372, 375, 376, 379, 380, 381, 382, 383, 384, 385, 388, 391, 392, 393, 394, 395, 396, 400], "excluded_lines": [], "functions": {"WorkItem.__lt__": {"executed_lines": [62, 63, 64], "summary": {"covered_lines": 3, "num_statements": 3, "percent_covered": 100.0, "percent_covered_display": "100", "missing_lines": 0, "excluded_lines": 0}, "missing_lines": [], "excluded_lines": []}, "WorkerPool.__init__": {"executed_lines": [92, 93, 94, 95, 96, 97, 98, 101, 102, 103, 104, 106], "summary": {"covered_lines": 12, "num_statements": 12, "percent_covered": 100.0, "percent_covered_display": "100", "missing_lines": 0, "excluded_lines": 0}, "missing_lines": [], "excluded_lines": []}, "WorkerPool.start": {"executed_lines": [110, 111, 112, 114, 115, 117, 118, 123, 124, 126], "summary": {"covered_lines": 10, "num_statements": 10, "percent_covered": 100.0, "percent_covered_display": "100", "missing_lines": 0, "excluded_lines": 0}, "missing_lines": [], "excluded_lines": []}, "WorkerPool.submit": {"executed_lines": [138, 139, 140, 142, 148, 150, 151, 152, 153, 154, 155, 156], "summary": {"covered_lines": 12, "num_statements": 12, "percent_covered": 100.0, "percent_covered_display": "100", "missing_lines": 0, "excluded_lines": 0}, "missing_lines": [], "excluded_lines": []}, "WorkerPool.submit_blocking": {"executed_lines": [169, 172, 178, 179, 180, 181, 182], "summary": {"covered_lines": 7, "num_statements": 11, "percent_covered": 63.63636363636363, "percent_covered_display": "64", "missing_lines": 4, "excluded_lines": 0}, "missing_lines": [170, 183, 184, 185], "excluded_lines": []}, "WorkerPool.shutdown": {"executed_lines": [196, 197, 199, 200, 203, 204, 205, 206, 210, 211, 215, 216, 217, 218], "summary": {"covered_lines": 14, "num_statements": 18, "percent_covered": 77.77777777777777, "percent_covered_display": "78", "missing_lines": 4, "excluded_lines": 0}, "missing_lines": [207, 208, 212, 213], "excluded_lines": []}, "WorkerPool.get_stats": {"executed_lines": [226, 227, 228, 230], "summary": {"covered_lines": 4, "num_statements": 4, "percent_covered": 100.0, "percent_covered_display": "100", "missing_lines": 0, "excluded_lines": 0}, "missing_lines": [], "excluded_lines": []}, "WorkerPool._worker_loop": {"executed_lines": [242, 243, 245, 246, 248, 251, 252, 253, 255, 256, 258, 259, 263, 264, 267, 269, 271, 273], "summary": {"covered_lines": 18, "num_statements": 18, "percent_covered": 100.0, "percent_covered_display": "100", "missing_lines": 0, "excluded_lines": 0}, "missing_lines": [], "excluded_lines": []}, "WorkerPool.wait_completion": {"executed_lines": [284, 285, 287, 288, 289, 290, 291, 292], "summary": {"covered_lines": 8, "num_statements": 13, "percent_covered": 61.53846153846154, "percent_covered_display": "62", "missing_lines": 5, "excluded_lines": 0}, "missing_lines": [295, 296, 297, 298, 299], "excluded_lines": []}, "AdaptiveWorkerPool.__init__": {"executed_lines": [328, 333, 334], "summary": {"covered_lines": 3, "num_statements": 3, "percent_covered": 100.0, "percent_covered_display": "100", "missing_lines": 0, "excluded_lines": 0}, "missing_lines": [], "excluded_lines": []}, "demo": {"executed_lines": [], "summary": {"covered_lines": 0, "num_statements": 28, "percent_covered": 0.0, "percent_covered_display": "0", "missing_lines": 28, "excluded_lines": 0}, "missing_lines": [345, 351, 357, 359, 360, 361, 364, 365, 367, 370, 371, 372, 375, 376, 379, 380, 381, 382, 383, 384, 385, 388, 391, 392, 393, 394, 395, 396], "excluded_lines": []}, "demo.mock_worker": {"executed_lines": [], "summary": {"covered_lines": 0, "num_statements": 2, "percent_covered": 0.0, "percent_covered_display": "0", "missing_lines": 2, "excluded_lines": 0}, "missing_lines": [348, 349], "excluded_lines": []}, "": {"executed_lines": [2, 32, 33, 34, 35, 36, 37, 38, 39, 41, 44, 45, 47, 48, 49, 52, 53, 54, 56, 57, 58, 60, 67, 68, 79, 108, 128, 158, 187, 220, 240, 275, 302, 303, 313, 342, 399], "summary": {"covered_lines": 32, "num_statements": 33, "percent_covered": 96.96969696969697, "percent_covered_display": "97", "missing_lines": 1, "excluded_lines": 0}, "missing_lines": [400], "excluded_lines": []}}, "classes": {"Priority": {"executed_lines": [], "summary": {"covered_lines": 0, "num_statements": 0, "percent_covered": 100.0, "percent_covered_display": "100", "missing_lines": 0, "excluded_lines": 0}, "missing_lines": [], "excluded_lines": []}, "WorkItem": {"executed_lines": [62, 63, 64], "summary": {"covered_lines": 3, "num_statements": 3, "percent_covered": 100.0, "percent_covered_display": "100", "missing_lines": 0, "excluded_lines": 0}, "missing_lines": [], "excluded_lines": []}, "WorkerPool": {"executed_lines": [92, 93, 94, 95, 96, 97, 98, 101, 102, 103, 104, 106, 110, 111, 112, 114, 115, 117, 118, 123, 124, 126, 138, 139, 140, 142, 148, 150, 151, 152, 153, 154, 155, 156, 169, 172, 178, 179, 180, 181, 182, 196, 197, 199, 200, 203, 204, 205, 206, 210, 211, 215, 216, 217, 218, 226, 227, 228, 230, 242, 243, 245, 246, 248, 251, 252, 253, 255, 256, 258, 259, 263, 264, 267, 269, 271, 273, 284, 285, 287, 288, 289, 290, 291, 292], "summary": {"covered_lines": 85, "num_statements": 98, "percent_covered": 86.73469387755102, "percent_covered_display": "87", "missing_lines": 13, "excluded_lines": 0}, "missing_lines": [170, 183, 184, 185, 207, 208, 212, 213, 295, 296, 297, 298, 299], "excluded_lines": []}, "AdaptiveWorkerPool": {"executed_lines": [328, 333, 334], "summary": {"covered_lines": 3, "num_statements": 3, "percent_covered": 100.0, "percent_covered_display": "100", "missing_lines": 0, "excluded_lines": 0}, "missing_lines": [], "excluded_lines": []}, "": {"executed_lines": [2, 32, 33, 34, 35, 36, 37, 38, 39, 41, 44, 45, 47, 48, 49, 52, 53, 54, 56, 57, 58, 60, 67, 68, 79, 108, 128, 158, 187, 220, 240, 275, 302, 303, 313, 342, 399], "summary": {"covered_lines": 32, "num_statements": 63, "percent_covered": 50.79365079365079, "percent_covered_display": "51", "missing_lines": 31, "excluded_lines": 0}, "missing_lines": [345, 348, 349, 351, 357, 359, 360, 361, 364, 365, 367, 370, 371, 372, 375, 376, 379, 380, 381, 382, 383, 384, 385, 388, 391, 392, 393, 394, 395, 396, 400], "excluded_lines": []}}}}, "totals": {"covered_lines": 2965, "num_statements": 7191, "percent_covered": 41.232095675149495, "percent_covered_display": "41", "missing_lines": 4226, "excluded_lines": 9}}
