{"meta": {"format": 3, "version": "7.11.0", "timestamp": "2025-10-31T02:44:03.556117", "branch_coverage": false, "show_contexts": false}, "files": {"scripts\\agent_auto_init.py": {"executed_lines": [], "summary": {"covered_lines": 0, "num_statements": 141, "percent_covered": 0.0, "percent_covered_display": "0", "missing_lines": 141, "excluded_lines": 0}, "missing_lines": [8, 9, 10, 11, 12, 15, 18, 20, 21, 22, 23, 25, 28, 29, 30, 31, 32, 33, 36, 37, 38, 39, 40, 41, 44, 46, 48, 49, 50, 51, 52, 54, 56, 57, 58, 59, 61, 62, 64, 65, 68, 69, 70, 73, 74, 76, 77, 78, 79, 80, 83, 84, 85, 86, 87, 88, 90, 91, 93, 95, 97, 98, 101, 103, 104, 106, 107, 108, 110, 112, 114, 115, 123, 124, 126, 127, 128, 129, 131, 133, 135, 136, 138, 139, 140, 141, 142, 143, 145, 146, 147, 149, 151, 152, 154, 155, 156, 157, 159, 160, 161, 162, 164, 165, 166, 167, 169, 171, 173, 176, 177, 178, 179, 182, 183, 184, 185, 186, 188, 190, 191, 193, 197, 199, 200, 203, 205, 206, 209, 211, 212, 216, 217, 219, 220, 223, 225, 228, 229, 231, 233], "excluded_lines": [], "functions": {"AgentAutoInit.__init__": {"executed_lines": [], "summary": {"covered_lines": 0, "num_statements": 4, "percent_covered": 0.0, "percent_covered_display": "0", "missing_lines": 4, "excluded_lines": 0}, "missing_lines": [20, 21, 22, 23], "excluded_lines": []}, "AgentAutoInit.detect_agent": {"executed_lines": [], "summary": {"covered_lines": 0, "num_statements": 13, "percent_covered": 0.0, "percent_covered_display": "0", "missing_lines": 13, "excluded_lines": 0}, "missing_lines": [28, 29, 30, 31, 32, 33, 36, 37, 38, 39, 40, 41, 44], "excluded_lines": []}, "AgentAutoInit.display_banner": {"executed_lines": [], "summary": {"covered_lines": 0, "num_statements": 5, "percent_covered": 0.0, "percent_covered_display": "0", "missing_lines": 5, "excluded_lines": 0}, "missing_lines": [48, 49, 50, 51, 52], "excluded_lines": []}, "AgentAutoInit.read_handoff_report": {"executed_lines": [], "summary": {"covered_lines": 0, "num_statements": 26, "percent_covered": 0.0, "percent_covered_display": "0", "missing_lines": 26, "excluded_lines": 0}, "missing_lines": [56, 57, 58, 59, 61, 62, 64, 65, 68, 69, 70, 73, 74, 76, 77, 78, 79, 80, 83, 84, 85, 86, 87, 88, 90, 91], "excluded_lines": []}, "AgentAutoInit.sync_context": {"executed_lines": [], "summary": {"covered_lines": 0, "num_statements": 9, "percent_covered": 0.0, "percent_covered_display": "0", "missing_lines": 9, "excluded_lines": 0}, "missing_lines": [95, 97, 98, 101, 103, 104, 106, 107, 108], "excluded_lines": []}, "AgentAutoInit.update_agent_board": {"executed_lines": [], "summary": {"covered_lines": 0, "num_statements": 9, "percent_covered": 0.0, "percent_covered_display": "0", "missing_lines": 9, "excluded_lines": 0}, "missing_lines": [112, 114, 115, 123, 124, 126, 127, 128, 129], "excluded_lines": []}, "AgentAutoInit.check_uncommitted_changes": {"executed_lines": [], "summary": {"covered_lines": 0, "num_statements": 12, "percent_covered": 0.0, "percent_covered_display": "0", "missing_lines": 12, "excluded_lines": 0}, "missing_lines": [133, 135, 136, 138, 139, 140, 141, 142, 143, 145, 146, 147], "excluded_lines": []}, "AgentAutoInit.show_quick_commands": {"executed_lines": [], "summary": {"covered_lines": 0, "num_statements": 15, "percent_covered": 0.0, "percent_covered_display": "0", "missing_lines": 15, "excluded_lines": 0}, "missing_lines": [151, 152, 154, 155, 156, 157, 159, 160, 161, 162, 164, 165, 166, 167, 169], "excluded_lines": []}, "AgentAutoInit.run": {"executed_lines": [], "summary": {"covered_lines": 0, "num_statements": 14, "percent_covered": 0.0, "percent_covered_display": "0", "missing_lines": 14, "excluded_lines": 0}, "missing_lines": [173, 176, 177, 178, 179, 182, 183, 184, 185, 186, 188, 190, 191, 193], "excluded_lines": []}, "claude_init": {"executed_lines": [], "summary": {"covered_lines": 0, "num_statements": 2, "percent_covered": 0.0, "percent_covered_display": "0", "missing_lines": 2, "excluded_lines": 0}, "missing_lines": [199, 200], "excluded_lines": []}, "codex_init": {"executed_lines": [], "summary": {"covered_lines": 0, "num_statements": 2, "percent_covered": 0.0, "percent_covered_display": "0", "missing_lines": 2, "excluded_lines": 0}, "missing_lines": [205, 206], "excluded_lines": []}, "gemini_init": {"executed_lines": [], "summary": {"covered_lines": 0, "num_statements": 2, "percent_covered": 0.0, "percent_covered_display": "0", "missing_lines": 2, "excluded_lines": 0}, "missing_lines": [211, 212], "excluded_lines": []}, "": {"executed_lines": [], "summary": {"covered_lines": 0, "num_statements": 28, "percent_covered": 0.0, "percent_covered_display": "0", "missing_lines": 28, "excluded_lines": 0}, "missing_lines": [8, 9, 10, 11, 12, 15, 18, 25, 46, 54, 93, 110, 131, 149, 171, 197, 203, 209, 216, 217, 219, 220, 223, 225, 228, 229, 231, 233], "excluded_lines": []}}, "classes": {"AgentAutoInit": {"executed_lines": [], "summary": {"covered_lines": 0, "num_statements": 107, "percent_covered": 0.0, "percent_covered_display": "0", "missing_lines": 107, "excluded_lines": 0}, "missing_lines": [20, 21, 22, 23, 28, 29, 30, 31, 32, 33, 36, 37, 38, 39, 40, 41, 44, 48, 49, 50, 51, 52, 56, 57, 58, 59, 61, 62, 64, 65, 68, 69, 70, 73, 74, 76, 77, 78, 79, 80, 83, 84, 85, 86, 87, 88, 90, 91, 95, 97, 98, 101, 103, 104, 106, 107, 108, 112, 114, 115, 123, 124, 126, 127, 128, 129, 133, 135, 136, 138, 139, 140, 141, 142, 143, 145, 146, 147, 151, 152, 154, 155, 156, 157, 159, 160, 161, 162, 164, 165, 166, 167, 169, 173, 176, 177, 178, 179, 182, 183, 184, 185, 186, 188, 190, 191, 193], "excluded_lines": []}, "": {"executed_lines": [], "summary": {"covered_lines": 0, "num_statements": 34, "percent_covered": 0.0, "percent_covered_display": "0", "missing_lines": 34, "excluded_lines": 0}, "missing_lines": [8, 9, 10, 11, 12, 15, 18, 25, 46, 54, 93, 110, 131, 149, 171, 197, 199, 200, 203, 205, 206, 209, 211, 212, 216, 217, 219, 220, 223, 225, 228, 229, 231, 233], "excluded_lines": []}}}, "scripts\\agent_sync.py": {"executed_lines": [1, 3, 5, 6, 7, 8, 9, 10, 12, 13, 14, 17, 21, 43, 50, 64, 71, 72, 80, 81, 118, 122, 151, 159, 172], "summary": {"covered_lines": 24, "num_statements": 117, "percent_covered": 20.512820512820515, "percent_covered_display": "21", "missing_lines": 93, "excluded_lines": 0}, "missing_lines": [18, 22, 23, 24, 25, 26, 27, 29, 31, 32, 33, 34, 35, 36, 37, 38, 39, 40, 45, 46, 47, 52, 53, 54, 55, 56, 57, 58, 59, 60, 61, 65, 66, 67, 68, 73, 74, 75, 76, 77, 82, 83, 84, 85, 86, 87, 88, 90, 92, 94, 95, 96, 97, 99, 100, 102, 103, 104, 105, 107, 109, 111, 112, 113, 114, 115, 119, 124, 125, 126, 128, 130, 131, 132, 133, 135, 136, 137, 139, 140, 148, 152, 153, 154, 155, 156, 161, 162, 163, 164, 167, 168, 169], "excluded_lines": [], "functions": {"_default_state": {"executed_lines": [], "summary": {"covered_lines": 0, "num_statements": 1, "percent_covered": 0.0, "percent_covered_display": "0", "missing_lines": 1, "excluded_lines": 0}, "missing_lines": [18], "excluded_lines": []}, "_load_raw_state": {"executed_lines": [], "summary": {"covered_lines": 0, "num_statements": 17, "percent_covered": 0.0, "percent_covered_display": "0", "missing_lines": 17, "excluded_lines": 0}, "missing_lines": [22, 23, 24, 25, 26, 27, 29, 31, 32, 33, 34, 35, 36, 37, 38, 39, 40], "excluded_lines": []}, "get_active_locks": {"executed_lines": [], "summary": {"covered_lines": 0, "num_statements": 3, "percent_covered": 0.0, "percent_covered_display": "0", "missing_lines": 3, "excluded_lines": 0}, "missing_lines": [45, 46, 47], "excluded_lines": []}, "detect_conflicts": {"executed_lines": [], "summary": {"covered_lines": 0, "num_statements": 10, "percent_covered": 0.0, "percent_covered_display": "0", "missing_lines": 10, "excluded_lines": 0}, "missing_lines": [52, 53, 54, 55, 56, 57, 58, 59, 60, 61], "excluded_lines": []}, "_atomic_write_state": {"executed_lines": [], "summary": {"covered_lines": 0, "num_statements": 4, "percent_covered": 0.0, "percent_covered_display": "0", "missing_lines": 4, "excluded_lines": 0}, "missing_lines": [65, 66, 67, 68], "excluded_lines": []}, "_locked_state": {"executed_lines": [], "summary": {"covered_lines": 0, "num_statements": 5, "percent_covered": 0.0, "percent_covered_display": "0", "missing_lines": 5, "excluded_lines": 0}, "missing_lines": [73, 74, 75, 76, 77], "excluded_lines": []}, "_file_lock": {"executed_lines": [], "summary": {"covered_lines": 0, "num_statements": 26, "percent_covered": 0.0, "percent_covered_display": "0", "missing_lines": 26, "excluded_lines": 0}, "missing_lines": [82, 83, 84, 85, 86, 87, 88, 90, 92, 94, 95, 96, 97, 99, 100, 102, 103, 104, 105, 107, 109, 111, 112, 113, 114, 115], "excluded_lines": []}, "_normalize_path": {"executed_lines": [], "summary": {"covered_lines": 0, "num_statements": 1, "percent_covered": 0.0, "percent_covered_display": "0", "missing_lines": 1, "excluded_lines": 0}, "missing_lines": [119], "excluded_lines": []}, "acquire_lock": {"executed_lines": [], "summary": {"covered_lines": 0, "num_statements": 14, "percent_covered": 0.0, "percent_covered_display": "0", "missing_lines": 14, "excluded_lines": 0}, "missing_lines": [124, 125, 126, 128, 130, 131, 132, 133, 135, 136, 137, 139, 140, 148], "excluded_lines": []}, "_conflicting_locks": {"executed_lines": [], "summary": {"covered_lines": 0, "num_statements": 5, "percent_covered": 0.0, "percent_covered_display": "0", "missing_lines": 5, "excluded_lines": 0}, "missing_lines": [152, 153, 154, 155, 156], "excluded_lines": []}, "release_lock": {"executed_lines": [], "summary": {"covered_lines": 0, "num_statements": 7, "percent_covered": 0.0, "percent_covered_display": "0", "missing_lines": 7, "excluded_lines": 0}, "missing_lines": [161, 162, 163, 164, 167, 168, 169], "excluded_lines": []}, "": {"executed_lines": [1, 3, 5, 6, 7, 8, 9, 10, 12, 13, 14, 17, 21, 43, 50, 64, 71, 72, 80, 81, 118, 122, 151, 159, 172], "summary": {"covered_lines": 24, "num_statements": 24, "percent_covered": 100.0, "percent_covered_display": "100", "missing_lines": 0, "excluded_lines": 0}, "missing_lines": [], "excluded_lines": []}}, "classes": {"": {"executed_lines": [1, 3, 5, 6, 7, 8, 9, 10, 12, 13, 14, 17, 21, 43, 50, 64, 71, 72, 80, 81, 118, 122, 151, 159, 172], "summary": {"covered_lines": 24, "num_statements": 117, "percent_covered": 20.512820512820515, "percent_covered_display": "21", "missing_lines": 93, "excluded_lines": 0}, "missing_lines": [18, 22, 23, 24, 25, 26, 27, 29, 31, 32, 33, 34, 35, 36, 37, 38, 39, 40, 45, 46, 47, 52, 53, 54, 55, 56, 57, 58, 59, 60, 61, 65, 66, 67, 68, 73, 74, 75, 76, 77, 82, 83, 84, 85, 86, 87, 88, 90, 92, 94, 95, 96, 97, 99, 100, 102, 103, 104, 105, 107, 109, 111, 112, 113, 114, 115, 119, 124, 125, 126, 128, 130, 131, 132, 133, 135, 136, 137, 139, 140, 148, 152, 153, 154, 155, 156, 161, 162, 163, 164, 167, 168, 169], "excluded_lines": []}}}, "scripts\\agent_sync_status.py": {"executed_lines": [], "summary": {"covered_lines": 0, "num_statements": 51, "percent_covered": 0.0, "percent_covered_display": "0", "missing_lines": 51, "excluded_lines": 0}, "missing_lines": [4, 6, 7, 9, 12, 13, 14, 15, 16, 17, 20, 21, 22, 23, 24, 26, 27, 28, 29, 31, 32, 33, 34, 37, 38, 39, 40, 41, 43, 44, 45, 48, 49, 50, 51, 52, 53, 54, 57, 58, 59, 61, 62, 63, 65, 66, 67, 68, 69, 72, 73], "excluded_lines": [], "functions": {"format_lock": {"executed_lines": [], "summary": {"covered_lines": 0, "num_statements": 5, "percent_covered": 0.0, "percent_covered_display": "0", "missing_lines": 5, "excluded_lines": 0}, "missing_lines": [13, 14, 15, 16, 17], "excluded_lines": []}, "print_active_locks": {"executed_lines": [], "summary": {"covered_lines": 0, "num_statements": 12, "percent_covered": 0.0, "percent_covered_display": "0", "missing_lines": 12, "excluded_lines": 0}, "missing_lines": [21, 22, 23, 24, 26, 27, 28, 29, 31, 32, 33, 34], "excluded_lines": []}, "check_conflicts": {"executed_lines": [], "summary": {"covered_lines": 0, "num_statements": 7, "percent_covered": 0.0, "percent_covered_display": "0", "missing_lines": 7, "excluded_lines": 0}, "missing_lines": [38, 39, 40, 41, 43, 44, 45], "excluded_lines": []}, "build_parser": {"executed_lines": [], "summary": {"covered_lines": 0, "num_statements": 6, "percent_covered": 0.0, "percent_covered_display": "0", "missing_lines": 6, "excluded_lines": 0}, "missing_lines": [49, 50, 51, 52, 53, 54], "excluded_lines": []}, "main": {"executed_lines": [], "summary": {"covered_lines": 0, "num_statements": 10, "percent_covered": 0.0, "percent_covered_display": "0", "missing_lines": 10, "excluded_lines": 0}, "missing_lines": [58, 59, 61, 62, 63, 65, 66, 67, 68, 69], "excluded_lines": []}, "": {"executed_lines": [], "summary": {"covered_lines": 0, "num_statements": 11, "percent_covered": 0.0, "percent_covered_display": "0", "missing_lines": 11, "excluded_lines": 0}, "missing_lines": [4, 6, 7, 9, 12, 20, 37, 48, 57, 72, 73], "excluded_lines": []}}, "classes": {"": {"executed_lines": [], "summary": {"covered_lines": 0, "num_statements": 51, "percent_covered": 0.0, "percent_covered_display": "0", "missing_lines": 51, "excluded_lines": 0}, "missing_lines": [4, 6, 7, 9, 12, 13, 14, 15, 16, 17, 20, 21, 22, 23, 24, 26, 27, 28, 29, 31, 32, 33, 34, 37, 38, 39, 40, 41, 43, 44, 45, 48, 49, 50, 51, 52, 53, 54, 57, 58, 59, 61, 62, 63, 65, 66, 67, 68, 69, 72, 73], "excluded_lines": []}}}, "scripts\\analyze_commit_message.py": {"executed_lines": [], "summary": {"covered_lines": 0, "num_statements": 49, "percent_covered": 0.0, "percent_covered_display": "0", "missing_lines": 49, "excluded_lines": 0}, "missing_lines": [9, 10, 11, 12, 15, 17, 18, 21, 23, 25, 33, 35, 36, 38, 45, 48, 50, 51, 53, 55, 56, 57, 58, 60, 61, 62, 63, 64, 65, 66, 67, 68, 70, 71, 72, 73, 74, 75, 77, 78, 81, 84, 87, 88, 91, 94, 96, 99, 100], "excluded_lines": [], "functions": {"get_last_commit_message": {"executed_lines": [], "summary": {"covered_lines": 0, "num_statements": 2, "percent_covered": 0.0, "percent_covered_display": "0", "missing_lines": 2, "excluded_lines": 0}, "missing_lines": [17, 18], "excluded_lines": []}, "analyze_message": {"executed_lines": [], "summary": {"covered_lines": 0, "num_statements": 7, "percent_covered": 0.0, "percent_covered_display": "0", "missing_lines": 7, "excluded_lines": 0}, "missing_lines": [23, 25, 33, 35, 36, 38, 45], "excluded_lines": []}, "print_feedback": {"executed_lines": [], "summary": {"covered_lines": 0, "num_statements": 24, "percent_covered": 0.0, "percent_covered_display": "0", "missing_lines": 24, "excluded_lines": 0}, "missing_lines": [50, 51, 53, 55, 56, 57, 58, 60, 61, 62, 63, 64, 65, 66, 67, 68, 70, 71, 72, 73, 74, 75, 77, 78], "excluded_lines": []}, "main": {"executed_lines": [], "summary": {"covered_lines": 0, "num_statements": 6, "percent_covered": 0.0, "percent_covered_display": "0", "missing_lines": 6, "excluded_lines": 0}, "missing_lines": [84, 87, 88, 91, 94, 96], "excluded_lines": []}, "": {"executed_lines": [], "summary": {"covered_lines": 0, "num_statements": 10, "percent_covered": 0.0, "percent_covered_display": "0", "missing_lines": 10, "excluded_lines": 0}, "missing_lines": [9, 10, 11, 12, 15, 21, 48, 81, 99, 100], "excluded_lines": []}}, "classes": {"": {"executed_lines": [], "summary": {"covered_lines": 0, "num_statements": 49, "percent_covered": 0.0, "percent_covered_display": "0", "missing_lines": 49, "excluded_lines": 0}, "missing_lines": [9, 10, 11, 12, 15, 17, 18, 21, 23, 25, 33, 35, 36, 38, 45, 48, 50, 51, 53, 55, 56, 57, 58, 60, 61, 62, 63, 64, 65, 66, 67, 68, 70, 71, 72, 73, 74, 75, 77, 78, 81, 84, 87, 88, 91, 94, 96, 99, 100], "excluded_lines": []}}}, "scripts\\auto_context_tracker.py": {"executed_lines": [], "summary": {"covered_lines": 0, "num_statements": 156, "percent_covered": 0.0, "percent_covered_display": "0", "missing_lines": 156, "excluded_lines": 0}, "missing_lines": [7, 8, 9, 10, 11, 12, 13, 14, 15, 18, 21, 22, 23, 25, 26, 27, 28, 29, 30, 32, 34, 35, 36, 37, 38, 39, 40, 42, 44, 45, 54, 56, 58, 59, 68, 70, 72, 73, 82, 84, 86, 89, 90, 91, 92, 93, 94, 97, 98, 101, 102, 103, 104, 106, 108, 110, 121, 123, 125, 128, 129, 130, 131, 132, 135, 148, 149, 152, 155, 156, 157, 159, 161, 164, 165, 166, 169, 171, 172, 173, 175, 176, 177, 180, 183, 184, 185, 186, 187, 189, 191, 192, 193, 194, 195, 197, 199, 200, 201, 202, 204, 206, 208, 209, 210, 211, 212, 213, 214, 217, 218, 219, 220, 222, 226, 228, 229, 230, 234, 237, 238, 239, 240, 241, 242, 243, 244, 245, 246, 248, 250, 253, 254, 256, 257, 258, 259, 260, 261, 263, 265, 266, 268, 270, 271, 272, 273, 274, 275, 276, 277, 278, 279, 280, 282, 283], "excluded_lines": [], "functions": {"ContextTracker.__init__": {"executed_lines": [], "summary": {"covered_lines": 0, "num_statements": 8, "percent_covered": 0.0, "percent_covered_display": "0", "missing_lines": 8, "excluded_lines": 0}, "missing_lines": [22, 23, 25, 26, 27, 28, 29, 30], "excluded_lines": []}, "ContextTracker.detect_agent": {"executed_lines": [], "summary": {"covered_lines": 0, "num_statements": 7, "percent_covered": 0.0, "percent_covered_display": "0", "missing_lines": 7, "excluded_lines": 0}, "missing_lines": [34, 35, 36, 37, 38, 39, 40], "excluded_lines": []}, "ContextTracker.track_file_change": {"executed_lines": [], "summary": {"covered_lines": 0, "num_statements": 3, "percent_covered": 0.0, "percent_covered_display": "0", "missing_lines": 3, "excluded_lines": 0}, "missing_lines": [44, 45, 54], "excluded_lines": []}, "ContextTracker.track_command": {"executed_lines": [], "summary": {"covered_lines": 0, "num_statements": 3, "percent_covered": 0.0, "percent_covered_display": "0", "missing_lines": 3, "excluded_lines": 0}, "missing_lines": [58, 59, 68], "excluded_lines": []}, "ContextTracker.track_test": {"executed_lines": [], "summary": {"covered_lines": 0, "num_statements": 3, "percent_covered": 0.0, "percent_covered_display": "0", "missing_lines": 3, "excluded_lines": 0}, "missing_lines": [72, 73, 82], "excluded_lines": []}, "ContextTracker.generate_summary": {"executed_lines": [], "summary": {"covered_lines": 0, "num_statements": 14, "percent_covered": 0.0, "percent_covered_display": "0", "missing_lines": 14, "excluded_lines": 0}, "missing_lines": [86, 89, 90, 91, 92, 93, 94, 97, 98, 101, 102, 103, 104, 106], "excluded_lines": []}, "ContextTracker.save_context": {"executed_lines": [], "summary": {"covered_lines": 0, "num_statements": 2, "percent_covered": 0.0, "percent_covered_display": "0", "missing_lines": 2, "excluded_lines": 0}, "missing_lines": [110, 121], "excluded_lines": []}, "ContextTracker.auto_create_handoff": {"executed_lines": [], "summary": {"covered_lines": 0, "num_statements": 9, "percent_covered": 0.0, "percent_covered_display": "0", "missing_lines": 9, "excluded_lines": 0}, "missing_lines": [125, 128, 129, 130, 131, 132, 135, 148, 149], "excluded_lines": []}, "AutoContextFileWatcher.__init__": {"executed_lines": [], "summary": {"covered_lines": 0, "num_statements": 2, "percent_covered": 0.0, "percent_covered_display": "0", "missing_lines": 2, "excluded_lines": 0}, "missing_lines": [156, 157], "excluded_lines": []}, "AutoContextFileWatcher.should_track": {"executed_lines": [], "summary": {"covered_lines": 0, "num_statements": 5, "percent_covered": 0.0, "percent_covered_display": "0", "missing_lines": 5, "excluded_lines": 0}, "missing_lines": [161, 164, 165, 166, 169], "excluded_lines": []}, "AutoContextFileWatcher.on_modified": {"executed_lines": [], "summary": {"covered_lines": 0, "num_statements": 2, "percent_covered": 0.0, "percent_covered_display": "0", "missing_lines": 2, "excluded_lines": 0}, "missing_lines": [172, 173], "excluded_lines": []}, "AutoContextFileWatcher.on_created": {"executed_lines": [], "summary": {"covered_lines": 0, "num_statements": 2, "percent_covered": 0.0, "percent_covered_display": "0", "missing_lines": 2, "excluded_lines": 0}, "missing_lines": [176, 177], "excluded_lines": []}, "AutoContextManager.__init__": {"executed_lines": [], "summary": {"covered_lines": 0, "num_statements": 4, "percent_covered": 0.0, "percent_covered_display": "0", "missing_lines": 4, "excluded_lines": 0}, "missing_lines": [184, 185, 186, 187], "excluded_lines": []}, "AutoContextManager.start_watching": {"executed_lines": [], "summary": {"covered_lines": 0, "num_statements": 5, "percent_covered": 0.0, "percent_covered_display": "0", "missing_lines": 5, "excluded_lines": 0}, "missing_lines": [191, 192, 193, 194, 195], "excluded_lines": []}, "AutoContextManager.check_auto_handoff": {"executed_lines": [], "summary": {"covered_lines": 0, "num_statements": 4, "percent_covered": 0.0, "percent_covered_display": "0", "missing_lines": 4, "excluded_lines": 0}, "missing_lines": [199, 200, 201, 202], "excluded_lines": []}, "AutoContextManager.run": {"executed_lines": [], "summary": {"covered_lines": 0, "num_statements": 13, "percent_covered": 0.0, "percent_covered_display": "0", "missing_lines": 13, "excluded_lines": 0}, "missing_lines": [206, 208, 209, 210, 211, 212, 213, 214, 217, 218, 219, 220, 222], "excluded_lines": []}, "track_command": {"executed_lines": [], "summary": {"covered_lines": 0, "num_statements": 3, "percent_covered": 0.0, "percent_covered_display": "0", "missing_lines": 3, "excluded_lines": 0}, "missing_lines": [228, 229, 230], "excluded_lines": []}, "track_test": {"executed_lines": [], "summary": {"covered_lines": 0, "num_statements": 2, "percent_covered": 0.0, "percent_covered_display": "0", "missing_lines": 2, "excluded_lines": 0}, "missing_lines": [237, 250], "excluded_lines": []}, "track_test.decorator": {"executed_lines": [], "summary": {"covered_lines": 0, "num_statements": 2, "percent_covered": 0.0, "percent_covered_display": "0", "missing_lines": 2, "excluded_lines": 0}, "missing_lines": [238, 248], "excluded_lines": []}, "track_test.decorator.wrapper": {"executed_lines": [], "summary": {"covered_lines": 0, "num_statements": 8, "percent_covered": 0.0, "percent_covered_display": "0", "missing_lines": 8, "excluded_lines": 0}, "missing_lines": [239, 240, 241, 242, 243, 244, 245, 246], "excluded_lines": []}, "": {"executed_lines": [], "summary": {"covered_lines": 0, "num_statements": 55, "percent_covered": 0.0, "percent_covered_display": "0", "missing_lines": 55, "excluded_lines": 0}, "missing_lines": [7, 8, 9, 10, 11, 12, 13, 14, 15, 18, 21, 32, 42, 56, 70, 84, 108, 123, 152, 155, 159, 171, 175, 180, 183, 189, 197, 204, 226, 234, 253, 254, 256, 257, 258, 259, 260, 261, 263, 265, 266, 268, 270, 271, 272, 273, 274, 275, 276, 277, 278, 279, 280, 282, 283], "excluded_lines": []}}, "classes": {"ContextTracker": {"executed_lines": [], "summary": {"covered_lines": 0, "num_statements": 49, "percent_covered": 0.0, "percent_covered_display": "0", "missing_lines": 49, "excluded_lines": 0}, "missing_lines": [22, 23, 25, 26, 27, 28, 29, 30, 34, 35, 36, 37, 38, 39, 40, 44, 45, 54, 58, 59, 68, 72, 73, 82, 86, 89, 90, 91, 92, 93, 94, 97, 98, 101, 102, 103, 104, 106, 110, 121, 125, 128, 129, 130, 131, 132, 135, 148, 149], "excluded_lines": []}, "AutoContextFileWatcher": {"executed_lines": [], "summary": {"covered_lines": 0, "num_statements": 11, "percent_covered": 0.0, "percent_covered_display": "0", "missing_lines": 11, "excluded_lines": 0}, "missing_lines": [156, 157, 161, 164, 165, 166, 169, 172, 173, 176, 177], "excluded_lines": []}, "AutoContextManager": {"executed_lines": [], "summary": {"covered_lines": 0, "num_statements": 26, "percent_covered": 0.0, "percent_covered_display": "0", "missing_lines": 26, "excluded_lines": 0}, "missing_lines": [184, 185, 186, 187, 191, 192, 193, 194, 195, 199, 200, 201, 202, 206, 208, 209, 210, 211, 212, 213, 214, 217, 218, 219, 220, 222], "excluded_lines": []}, "": {"executed_lines": [], "summary": {"covered_lines": 0, "num_statements": 70, "percent_covered": 0.0, "percent_covered_display": "0", "missing_lines": 70, "excluded_lines": 0}, "missing_lines": [7, 8, 9, 10, 11, 12, 13, 14, 15, 18, 21, 32, 42, 56, 70, 84, 108, 123, 152, 155, 159, 171, 175, 180, 183, 189, 197, 204, 226, 228, 229, 230, 234, 237, 238, 239, 240, 241, 242, 243, 244, 245, 246, 248, 250, 253, 254, 256, 257, 258, 259, 260, 261, 263, 265, 266, 268, 270, 271, 272, 273, 274, 275, 276, 277, 278, 279, 280, 282, 283], "excluded_lines": []}}}, "scripts\\auto_handoff.py": {"executed_lines": [], "summary": {"covered_lines": 0, "num_statements": 100, "percent_covered": 0.0, "percent_covered_display": "0", "missing_lines": 100, "excluded_lines": 0}, "missing_lines": [7, 8, 9, 10, 11, 12, 15, 18, 19, 20, 22, 23, 24, 27, 30, 32, 33, 35, 37, 38, 39, 40, 41, 42, 43, 45, 47, 48, 49, 51, 53, 59, 61, 63, 64, 65, 66, 67, 68, 69, 71, 73, 74, 76, 77, 80, 81, 82, 85, 87, 88, 89, 90, 91, 92, 93, 96, 97, 98, 99, 102, 115, 116, 117, 120, 122, 124, 128, 131, 134, 135, 136, 139, 141, 142, 145, 147, 149, 150, 151, 153, 166, 167, 171, 174, 175, 176, 177, 178, 179, 180, 183, 186, 187, 188, 189, 190, 191, 192, 194], "excluded_lines": [], "functions": {"AutoHandoff.__init__": {"executed_lines": [], "summary": {"covered_lines": 0, "num_statements": 9, "percent_covered": 0.0, "percent_covered_display": "0", "missing_lines": 9, "excluded_lines": 0}, "missing_lines": [19, 20, 22, 23, 24, 27, 30, 32, 33], "excluded_lines": []}, "AutoHandoff.detect_agent": {"executed_lines": [], "summary": {"covered_lines": 0, "num_statements": 7, "percent_covered": 0.0, "percent_covered_display": "0", "missing_lines": 7, "excluded_lines": 0}, "missing_lines": [37, 38, 39, 40, 41, 42, 43], "excluded_lines": []}, "AutoHandoff.add_work": {"executed_lines": [], "summary": {"covered_lines": 0, "num_statements": 3, "percent_covered": 0.0, "percent_covered_display": "0", "missing_lines": 3, "excluded_lines": 0}, "missing_lines": [47, 48, 49], "excluded_lines": []}, "AutoHandoff.save_session": {"executed_lines": [], "summary": {"covered_lines": 0, "num_statements": 2, "percent_covered": 0.0, "percent_covered_display": "0", "missing_lines": 2, "excluded_lines": 0}, "missing_lines": [53, 59], "excluded_lines": []}, "AutoHandoff.load_session": {"executed_lines": [], "summary": {"covered_lines": 0, "num_statements": 7, "percent_covered": 0.0, "percent_covered_display": "0", "missing_lines": 7, "excluded_lines": 0}, "missing_lines": [63, 64, 65, 66, 67, 68, 69], "excluded_lines": []}, "AutoHandoff.on_exit": {"executed_lines": [], "summary": {"covered_lines": 0, "num_statements": 26, "percent_covered": 0.0, "percent_covered_display": "0", "missing_lines": 26, "excluded_lines": 0}, "missing_lines": [73, 74, 76, 77, 80, 81, 82, 85, 87, 88, 89, 90, 91, 92, 93, 96, 97, 98, 99, 102, 115, 116, 117, 120, 122, 124], "excluded_lines": []}, "init_auto_handoff": {"executed_lines": [], "summary": {"covered_lines": 0, "num_statements": 3, "percent_covered": 0.0, "percent_covered_display": "0", "missing_lines": 3, "excluded_lines": 0}, "missing_lines": [134, 135, 136], "excluded_lines": []}, "track": {"executed_lines": [], "summary": {"covered_lines": 0, "num_statements": 2, "percent_covered": 0.0, "percent_covered_display": "0", "missing_lines": 2, "excluded_lines": 0}, "missing_lines": [141, 142], "excluded_lines": []}, "manual_handoff": {"executed_lines": [], "summary": {"covered_lines": 0, "num_statements": 7, "percent_covered": 0.0, "percent_covered_display": "0", "missing_lines": 7, "excluded_lines": 0}, "missing_lines": [147, 149, 150, 151, 153, 166, 167], "excluded_lines": []}, "": {"executed_lines": [], "summary": {"covered_lines": 0, "num_statements": 34, "percent_covered": 0.0, "percent_covered_display": "0", "missing_lines": 34, "excluded_lines": 0}, "missing_lines": [7, 8, 9, 10, 11, 12, 15, 18, 35, 45, 51, 61, 71, 128, 131, 139, 145, 171, 174, 175, 176, 177, 178, 179, 180, 183, 186, 187, 188, 189, 190, 191, 192, 194], "excluded_lines": []}}, "classes": {"AutoHandoff": {"executed_lines": [], "summary": {"covered_lines": 0, "num_statements": 54, "percent_covered": 0.0, "percent_covered_display": "0", "missing_lines": 54, "excluded_lines": 0}, "missing_lines": [19, 20, 22, 23, 24, 27, 30, 32, 33, 37, 38, 39, 40, 41, 42, 43, 47, 48, 49, 53, 59, 63, 64, 65, 66, 67, 68, 69, 73, 74, 76, 77, 80, 81, 82, 85, 87, 88, 89, 90, 91, 92, 93, 96, 97, 98, 99, 102, 115, 116, 117, 120, 122, 124], "excluded_lines": []}, "": {"executed_lines": [], "summary": {"covered_lines": 0, "num_statements": 46, "percent_covered": 0.0, "percent_covered_display": "0", "missing_lines": 46, "excluded_lines": 0}, "missing_lines": [7, 8, 9, 10, 11, 12, 15, 18, 35, 45, 51, 61, 71, 128, 131, 134, 135, 136, 139, 141, 142, 145, 147, 149, 150, 151, 153, 166, 167, 171, 174, 175, 176, 177, 178, 179, 180, 183, 186, 187, 188, 189, 190, 191, 192, 194], "excluded_lines": []}}}, "scripts\\auto_setup.py": {"executed_lines": [], "summary": {"covered_lines": 0, "num_statements": 119, "percent_covered": 0.0, "percent_covered_display": "0", "missing_lines": 119, "excluded_lines": 0}, "missing_lines": [6, 7, 8, 9, 12, 15, 17, 18, 19, 21, 23, 24, 25, 26, 29, 32, 35, 38, 41, 44, 46, 47, 48, 49, 51, 53, 56, 57, 58, 59, 61, 64, 65, 66, 67, 68, 70, 72, 74, 86, 87, 89, 91, 93, 96, 152, 165, 179, 191, 203, 211, 212, 213, 214, 215, 217, 219, 221, 249, 250, 251, 253, 256, 270, 271, 272, 273, 275, 276, 278, 280, 282, 284, 286, 287, 288, 289, 290, 291, 293, 294, 295, 296, 297, 298, 300, 302, 304, 307, 308, 309, 310, 312, 313, 314, 316, 318, 319, 320, 321, 322, 323, 324, 325, 326, 327, 328, 329, 330, 331, 332, 333, 334, 335, 336, 337, 340, 341, 342], "excluded_lines": [], "functions": {"AutoSetup.__init__": {"executed_lines": [], "summary": {"covered_lines": 0, "num_statements": 3, "percent_covered": 0.0, "percent_covered_display": "0", "missing_lines": 3, "excluded_lines": 0}, "missing_lines": [17, 18, 19], "excluded_lines": []}, "AutoSetup.run": {"executed_lines": [], "summary": {"covered_lines": 0, "num_statements": 14, "percent_covered": 0.0, "percent_covered_display": "0", "missing_lines": 14, "excluded_lines": 0}, "missing_lines": [23, 24, 25, 26, 29, 32, 35, 38, 41, 44, 46, 47, 48, 49], "excluded_lines": []}, "AutoSetup.check_environment": {"executed_lines": [], "summary": {"covered_lines": 0, "num_statements": 11, "percent_covered": 0.0, "percent_covered_display": "0", "missing_lines": 11, "excluded_lines": 0}, "missing_lines": [53, 56, 57, 58, 59, 61, 64, 65, 66, 67, 68], "excluded_lines": []}, "AutoSetup.create_directories": {"executed_lines": [], "summary": {"covered_lines": 0, "num_statements": 5, "percent_covered": 0.0, "percent_covered_display": "0", "missing_lines": 5, "excluded_lines": 0}, "missing_lines": [72, 74, 86, 87, 89], "excluded_lines": []}, "AutoSetup.create_agent_configs": {"executed_lines": [], "summary": {"covered_lines": 0, "num_statements": 12, "percent_covered": 0.0, "percent_covered_display": "0", "missing_lines": 12, "excluded_lines": 0}, "missing_lines": [93, 96, 152, 165, 179, 191, 203, 211, 212, 213, 214, 215], "excluded_lines": []}, "AutoSetup.setup_environment": {"executed_lines": [], "summary": {"covered_lines": 0, "num_statements": 14, "percent_covered": 0.0, "percent_covered_display": "0", "missing_lines": 14, "excluded_lines": 0}, "missing_lines": [219, 221, 249, 250, 251, 253, 256, 270, 271, 272, 273, 275, 276, 278], "excluded_lines": []}, "AutoSetup.check_dependencies": {"executed_lines": [], "summary": {"covered_lines": 0, "num_statements": 15, "percent_covered": 0.0, "percent_covered_display": "0", "missing_lines": 15, "excluded_lines": 0}, "missing_lines": [282, 284, 286, 287, 288, 289, 290, 291, 293, 294, 295, 296, 297, 298, 300], "excluded_lines": []}, "AutoSetup.run_initial_tests": {"executed_lines": [], "summary": {"covered_lines": 0, "num_statements": 8, "percent_covered": 0.0, "percent_covered_display": "0", "missing_lines": 8, "excluded_lines": 0}, "missing_lines": [304, 307, 308, 309, 310, 312, 313, 314], "excluded_lines": []}, "AutoSetup.print_next_steps": {"executed_lines": [], "summary": {"covered_lines": 0, "num_statements": 20, "percent_covered": 0.0, "percent_covered_display": "0", "missing_lines": 20, "excluded_lines": 0}, "missing_lines": [318, 319, 320, 321, 322, 323, 324, 325, 326, 327, 328, 329, 330, 331, 332, 333, 334, 335, 336, 337], "excluded_lines": []}, "": {"executed_lines": [], "summary": {"covered_lines": 0, "num_statements": 17, "percent_covered": 0.0, "percent_covered_display": "0", "missing_lines": 17, "excluded_lines": 0}, "missing_lines": [6, 7, 8, 9, 12, 15, 21, 51, 70, 91, 217, 280, 302, 316, 340, 341, 342], "excluded_lines": []}}, "classes": {"AutoSetup": {"executed_lines": [], "summary": {"covered_lines": 0, "num_statements": 102, "percent_covered": 0.0, "percent_covered_display": "0", "missing_lines": 102, "excluded_lines": 0}, "missing_lines": [17, 18, 19, 23, 24, 25, 26, 29, 32, 35, 38, 41, 44, 46, 47, 48, 49, 53, 56, 57, 58, 59, 61, 64, 65, 66, 67, 68, 72, 74, 86, 87, 89, 93, 96, 152, 165, 179, 191, 203, 211, 212, 213, 214, 215, 219, 221, 249, 250, 251, 253, 256, 270, 271, 272, 273, 275, 276, 278, 282, 284, 286, 287, 288, 289, 290, 291, 293, 294, 295, 296, 297, 298, 300, 304, 307, 308, 309, 310, 312, 313, 314, 318, 319, 320, 321, 322, 323, 324, 325, 326, 327, 328, 329, 330, 331, 332, 333, 334, 335, 336, 337], "excluded_lines": []}, "": {"executed_lines": [], "summary": {"covered_lines": 0, "num_statements": 17, "percent_covered": 0.0, "percent_covered_display": "0", "missing_lines": 17, "excluded_lines": 0}, "missing_lines": [6, 7, 8, 9, 12, 15, 21, 51, 70, 91, 217, 280, 302, 316, 340, 341, 342], "excluded_lines": []}}}, "scripts\\auto_sync_obsidian.py": {"executed_lines": [3, 21, 22, 23, 24, 25, 26, 27, 30, 73, 111, 131, 158, 236, 289, 321], "summary": {"covered_lines": 15, "num_statements": 145, "percent_covered": 10.344827586206897, "percent_covered_display": "10", "missing_lines": 130, "excluded_lines": 0}, "missing_lines": [32, 34, 37, 40, 43, 46, 49, 52, 55, 57, 65, 67, 68, 69, 70, 79, 80, 82, 83, 85, 86, 89, 90, 93, 94, 97, 98, 101, 102, 105, 106, 108, 113, 115, 116, 117, 118, 119, 120, 121, 122, 123, 124, 125, 126, 128, 133, 135, 138, 139, 140, 141, 142, 144, 145, 146, 147, 148, 149, 150, 151, 152, 153, 155, 160, 161, 162, 165, 166, 167, 169, 182, 183, 185, 186, 188, 219, 220, 222, 223, 225, 233, 238, 240, 241, 243, 244, 245, 248, 249, 251, 252, 253, 256, 259, 260, 262, 263, 264, 268, 269, 270, 272, 275, 276, 277, 279, 281, 282, 284, 285, 286, 292, 293, 296, 298, 299, 300, 301, 304, 306, 307, 308, 309, 311, 312, 313, 316, 318, 322], "excluded_lines": [], "functions": {"get_last_commit_info": {"executed_lines": [], "summary": {"covered_lines": 0, "num_statements": 15, "percent_covered": 0.0, "percent_covered_display": "0", "missing_lines": 15, "excluded_lines": 0}, "missing_lines": [32, 34, 37, 40, 43, 46, 49, 52, 55, 57, 65, 67, 68, 69, 70], "excluded_lines": []}, "should_sync": {"executed_lines": [], "summary": {"covered_lines": 0, "num_statements": 17, "percent_covered": 0.0, "percent_covered_display": "0", "missing_lines": 17, "excluded_lines": 0}, "missing_lines": [79, 80, 82, 83, 85, 86, 89, 90, 93, 94, 97, 98, 101, 102, 105, 106, 108], "excluded_lines": []}, "categorize_work": {"executed_lines": [], "summary": {"covered_lines": 0, "num_statements": 14, "percent_covered": 0.0, "percent_covered_display": "0", "missing_lines": 14, "excluded_lines": 0}, "missing_lines": [113, 115, 116, 117, 118, 119, 120, 121, 122, 123, 124, 125, 126, 128], "excluded_lines": []}, "extract_key_changes": {"executed_lines": [], "summary": {"covered_lines": 0, "num_statements": 18, "percent_covered": 0.0, "percent_covered_display": "0", "missing_lines": 18, "excluded_lines": 0}, "missing_lines": [133, 135, 138, 139, 140, 141, 142, 144, 145, 146, 147, 148, 149, 150, 151, 152, 153, 155], "excluded_lines": []}, "generate_devlog_content": {"executed_lines": [], "summary": {"covered_lines": 0, "num_statements": 18, "percent_covered": 0.0, "percent_covered_display": "0", "missing_lines": 18, "excluded_lines": 0}, "missing_lines": [160, 161, 162, 165, 166, 167, 169, 182, 183, 185, 186, 188, 219, 220, 222, 223, 225, 233], "excluded_lines": []}, "sync_to_obsidian": {"executed_lines": [], "summary": {"covered_lines": 0, "num_statements": 30, "percent_covered": 0.0, "percent_covered_display": "0", "missing_lines": 30, "excluded_lines": 0}, "missing_lines": [238, 240, 241, 243, 244, 245, 248, 249, 251, 252, 253, 256, 259, 260, 262, 263, 264, 268, 269, 270, 272, 275, 276, 277, 279, 281, 282, 284, 285, 286], "excluded_lines": []}, "main": {"executed_lines": [], "summary": {"covered_lines": 0, "num_statements": 17, "percent_covered": 0.0, "percent_covered_display": "0", "missing_lines": 17, "excluded_lines": 0}, "missing_lines": [292, 293, 296, 298, 299, 300, 301, 304, 306, 307, 308, 309, 311, 312, 313, 316, 318], "excluded_lines": []}, "": {"executed_lines": [3, 21, 22, 23, 24, 25, 26, 27, 30, 73, 111, 131, 158, 236, 289, 321], "summary": {"covered_lines": 15, "num_statements": 16, "percent_covered": 93.75, "percent_covered_display": "94", "missing_lines": 1, "excluded_lines": 0}, "missing_lines": [322], "excluded_lines": []}}, "classes": {"": {"executed_lines": [3, 21, 22, 23, 24, 25, 26, 27, 30, 73, 111, 131, 158, 236, 289, 321], "summary": {"covered_lines": 15, "num_statements": 145, "percent_covered": 10.344827586206897, "percent_covered_display": "10", "missing_lines": 130, "excluded_lines": 0}, "missing_lines": [32, 34, 37, 40, 43, 46, 49, 52, 55, 57, 65, 67, 68, 69, 70, 79, 80, 82, 83, 85, 86, 89, 90, 93, 94, 97, 98, 101, 102, 105, 106, 108, 113, 115, 116, 117, 118, 119, 120, 121, 122, 123, 124, 125, 126, 128, 133, 135, 138, 139, 140, 141, 142, 144, 145, 146, 147, 148, 149, 150, 151, 152, 153, 155, 160, 161, 162, 165, 166, 167, 169, 182, 183, 185, 186, 188, 219, 220, 222, 223, 225, 233, 238, 240, 241, 243, 244, 245, 248, 249, 251, 252, 253, 256, 259, 260, 262, 263, 264, 268, 269, 270, 272, 275, 276, 277, 279, 281, 282, 284, 285, 286, 292, 293, 296, 298, 299, 300, 301, 304, 306, 307, 308, 309, 311, 312, 313, 316, 318, 322], "excluded_lines": []}}}, "scripts\\automatic_evidence_tracker.py": {"executed_lines": [2, 16, 17, 18, 19, 20, 21, 22, 23, 24, 27, 28, 29, 31, 32, 33, 34, 35, 36, 37, 38, 39, 42, 43, 52, 58, 59, 117, 152, 166, 217], "summary": {"covered_lines": 28, "num_statements": 88, "percent_covered": 31.818181818181817, "percent_covered_display": "32", "missing_lines": 60, "excluded_lines": 0}, "missing_lines": [54, 55, 56, 76, 77, 79, 80, 83, 84, 86, 96, 98, 100, 101, 103, 114, 115, 124, 125, 135, 136, 137, 139, 140, 142, 159, 161, 163, 164, 173, 175, 192, 193, 194, 202, 203, 211, 213, 214, 219, 220, 222, 225, 226, 227, 228, 230, 233, 234, 235, 236, 237, 238, 241, 242, 243, 244, 245, 247, 248], "excluded_lines": [], "functions": {"AutomaticEvidenceTracker.__init__": {"executed_lines": [], "summary": {"covered_lines": 0, "num_statements": 3, "percent_covered": 0.0, "percent_covered_display": "0", "missing_lines": 3, "excluded_lines": 0}, "missing_lines": [54, 55, 56], "excluded_lines": []}, "AutomaticEvidenceTracker.track_task_execution": {"executed_lines": [], "summary": {"covered_lines": 0, "num_statements": 14, "percent_covered": 0.0, "percent_covered_display": "0", "missing_lines": 14, "excluded_lines": 0}, "missing_lines": [76, 77, 79, 80, 83, 84, 86, 96, 98, 100, 101, 103, 114, 115], "excluded_lines": []}, "AutomaticEvidenceTracker.generate_report": {"executed_lines": [], "summary": {"covered_lines": 0, "num_statements": 8, "percent_covered": 0.0, "percent_covered_display": "0", "missing_lines": 8, "excluded_lines": 0}, "missing_lines": [124, 125, 135, 136, 137, 139, 140, 142], "excluded_lines": []}, "AutomaticEvidenceTracker.export_to_json": {"executed_lines": [], "summary": {"covered_lines": 0, "num_statements": 4, "percent_covered": 0.0, "percent_covered_display": "0", "missing_lines": 4, "excluded_lines": 0}, "missing_lines": [159, 161, 163, 164], "excluded_lines": []}, "AutomaticEvidenceTracker.export_to_obsidian": {"executed_lines": [], "summary": {"covered_lines": 0, "num_statements": 10, "percent_covered": 0.0, "percent_covered_display": "0", "missing_lines": 10, "excluded_lines": 0}, "missing_lines": [173, 175, 192, 193, 194, 202, 203, 211, 213, 214], "excluded_lines": []}, "": {"executed_lines": [2, 16, 17, 18, 19, 20, 21, 22, 23, 24, 27, 28, 29, 31, 32, 33, 34, 35, 36, 37, 38, 39, 42, 43, 52, 58, 59, 117, 152, 166, 217], "summary": {"covered_lines": 28, "num_statements": 49, "percent_covered": 57.142857142857146, "percent_covered_display": "57", "missing_lines": 21, "excluded_lines": 0}, "missing_lines": [219, 220, 222, 225, 226, 227, 228, 230, 233, 234, 235, 236, 237, 238, 241, 242, 243, 244, 245, 247, 248], "excluded_lines": []}}, "classes": {"TaskExecutionEvent": {"executed_lines": [], "summary": {"covered_lines": 0, "num_statements": 0, "percent_covered": 100.0, "percent_covered_display": "100", "missing_lines": 0, "excluded_lines": 0}, "missing_lines": [], "excluded_lines": []}, "AutomaticEvidenceTracker": {"executed_lines": [], "summary": {"covered_lines": 0, "num_statements": 39, "percent_covered": 0.0, "percent_covered_display": "0", "missing_lines": 39, "excluded_lines": 0}, "missing_lines": [54, 55, 56, 76, 77, 79, 80, 83, 84, 86, 96, 98, 100, 101, 103, 114, 115, 124, 125, 135, 136, 137, 139, 140, 142, 159, 161, 163, 164, 173, 175, 192, 193, 194, 202, 203, 211, 213, 214], "excluded_lines": []}, "": {"executed_lines": [2, 16, 17, 18, 19, 20, 21, 22, 23, 24, 27, 28, 29, 31, 32, 33, 34, 35, 36, 37, 38, 39, 42, 43, 52, 58, 59, 117, 152, 166, 217], "summary": {"covered_lines": 28, "num_statements": 49, "percent_covered": 57.142857142857146, "percent_covered_display": "57", "missing_lines": 21, "excluded_lines": 0}, "missing_lines": [219, 220, 222, 225, 226, 227, 228, 230, 233, 234, 235, 236, 237, 238, 241, 242, 243, 244, 245, 247, 248], "excluded_lines": []}}}, "scripts\\check_release_env.py": {"executed_lines": [], "summary": {"covered_lines": 0, "num_statements": 78, "percent_covered": 0.0, "percent_covered_display": "0", "missing_lines": 78, "excluded_lines": 0}, "missing_lines": [12, 14, 15, 16, 17, 19, 20, 21, 24, 25, 28, 29, 30, 31, 32, 35, 36, 37, 39, 40, 41, 42, 43, 46, 47, 48, 49, 50, 51, 52, 53, 56, 57, 58, 60, 61, 62, 63, 65, 66, 75, 76, 77, 82, 83, 84, 89, 92, 93, 95, 96, 97, 98, 99, 101, 102, 103, 104, 105, 106, 107, 109, 110, 111, 113, 115, 116, 117, 119, 121, 122, 123, 124, 125, 127, 128, 131, 132], "excluded_lines": [], "functions": {"run": {"executed_lines": [], "summary": {"covered_lines": 0, "num_statements": 1, "percent_covered": 0.0, "percent_covered_display": "0", "missing_lines": 1, "excluded_lines": 0}, "missing_lines": [25], "excluded_lines": []}, "get_node_version": {"executed_lines": [], "summary": {"covered_lines": 0, "num_statements": 4, "percent_covered": 0.0, "percent_covered_display": "0", "missing_lines": 4, "excluded_lines": 0}, "missing_lines": [29, 30, 31, 32], "excluded_lines": []}, "parse_major": {"executed_lines": [], "summary": {"covered_lines": 0, "num_statements": 7, "percent_covered": 0.0, "percent_covered_display": "0", "missing_lines": 7, "excluded_lines": 0}, "missing_lines": [36, 37, 39, 40, 41, 42, 43], "excluded_lines": []}, "read_expected_node_major": {"executed_lines": [], "summary": {"covered_lines": 0, "num_statements": 7, "percent_covered": 0.0, "percent_covered_display": "0", "missing_lines": 7, "excluded_lines": 0}, "missing_lines": [47, 48, 49, 50, 51, 52, 53], "excluded_lines": []}, "check_semantic_release_deps": {"executed_lines": [], "summary": {"covered_lines": 0, "num_statements": 15, "percent_covered": 0.0, "percent_covered_display": "0", "missing_lines": 15, "excluded_lines": 0}, "missing_lines": [57, 58, 60, 61, 62, 63, 65, 66, 75, 76, 77, 82, 83, 84, 89], "excluded_lines": []}, "main": {"executed_lines": [], "summary": {"covered_lines": 0, "num_statements": 28, "percent_covered": 0.0, "percent_covered_display": "0", "missing_lines": 28, "excluded_lines": 0}, "missing_lines": [93, 95, 96, 97, 98, 99, 101, 102, 103, 104, 105, 106, 107, 109, 110, 111, 113, 115, 116, 117, 119, 121, 122, 123, 124, 125, 127, 128], "excluded_lines": []}, "": {"executed_lines": [], "summary": {"covered_lines": 0, "num_statements": 16, "percent_covered": 0.0, "percent_covered_display": "0", "missing_lines": 16, "excluded_lines": 0}, "missing_lines": [12, 14, 15, 16, 17, 19, 20, 21, 24, 28, 35, 46, 56, 92, 131, 132], "excluded_lines": []}}, "classes": {"": {"executed_lines": [], "summary": {"covered_lines": 0, "num_statements": 78, "percent_covered": 0.0, "percent_covered_display": "0", "missing_lines": 78, "excluded_lines": 0}, "missing_lines": [12, 14, 15, 16, 17, 19, 20, 21, 24, 25, 28, 29, 30, 31, 32, 35, 36, 37, 39, 40, 41, 42, 43, 46, 47, 48, 49, 50, 51, 52, 53, 56, 57, 58, 60, 61, 62, 63, 65, 66, 75, 76, 77, 82, 83, 84, 89, 92, 93, 95, 96, 97, 98, 99, 101, 102, 103, 104, 105, 106, 107, 109, 110, 111, 113, 115, 116, 117, 119, 121, 122, 123, 124, 125, 127, 128, 131, 132], "excluded_lines": []}}}, "scripts\\clean_and_restart_sessions.py": {"executed_lines": [], "summary": {"covered_lines": 0, "num_statements": 85, "percent_covered": 0.0, "percent_covered_display": "0", "missing_lines": 85, "excluded_lines": 0}, "missing_lines": [7, 8, 9, 12, 15, 16, 18, 19, 20, 22, 23, 24, 25, 28, 29, 31, 33, 34, 35, 37, 40, 41, 42, 43, 44, 45, 48, 49, 50, 51, 52, 53, 54, 57, 58, 59, 60, 61, 62, 63, 65, 66, 67, 68, 69, 70, 71, 74, 77, 78, 79, 81, 82, 85, 88, 89, 92, 93, 94, 97, 99, 100, 103, 105, 107, 108, 109, 112, 116, 119, 121, 122, 123, 124, 125, 126, 127, 128, 130, 131, 133, 136, 137, 139, 140], "excluded_lines": [], "functions": {"clean_sessions": {"executed_lines": [], "summary": {"covered_lines": 0, "num_statements": 43, "percent_covered": 0.0, "percent_covered_display": "0", "missing_lines": 43, "excluded_lines": 0}, "missing_lines": [15, 16, 18, 19, 20, 22, 23, 24, 25, 28, 29, 31, 33, 34, 35, 37, 40, 41, 42, 43, 44, 45, 48, 49, 50, 51, 52, 53, 54, 57, 58, 59, 60, 61, 62, 63, 65, 66, 67, 68, 69, 70, 71], "excluded_lines": []}, "test_new_session": {"executed_lines": [], "summary": {"covered_lines": 0, "num_statements": 19, "percent_covered": 0.0, "percent_covered_display": "0", "missing_lines": 19, "excluded_lines": 0}, "missing_lines": [77, 78, 79, 81, 82, 85, 88, 89, 92, 93, 94, 97, 99, 100, 103, 105, 107, 108, 109], "excluded_lines": []}, "main": {"executed_lines": [], "summary": {"covered_lines": 0, "num_statements": 13, "percent_covered": 0.0, "percent_covered_display": "0", "missing_lines": 13, "excluded_lines": 0}, "missing_lines": [116, 119, 121, 122, 123, 124, 125, 126, 127, 128, 130, 131, 133], "excluded_lines": []}, "": {"executed_lines": [], "summary": {"covered_lines": 0, "num_statements": 10, "percent_covered": 0.0, "percent_covered_display": "0", "missing_lines": 10, "excluded_lines": 0}, "missing_lines": [7, 8, 9, 12, 74, 112, 136, 137, 139, 140], "excluded_lines": []}}, "classes": {"": {"executed_lines": [], "summary": {"covered_lines": 0, "num_statements": 85, "percent_covered": 0.0, "percent_covered_display": "0", "missing_lines": 85, "excluded_lines": 0}, "missing_lines": [7, 8, 9, 12, 15, 16, 18, 19, 20, 22, 23, 24, 25, 28, 29, 31, 33, 34, 35, 37, 40, 41, 42, 43, 44, 45, 48, 49, 50, 51, 52, 53, 54, 57, 58, 59, 60, 61, 62, 63, 65, 66, 67, 68, 69, 70, 71, 74, 77, 78, 79, 81, 82, 85, 88, 89, 92, 93, 94, 97, 99, 100, 103, 105, 107, 108, 109, 112, 116, 119, 121, 122, 123, 124, 125, 126, 127, 128, 130, 131, 133, 136, 137, 139, 140], "excluded_lines": []}}}, "scripts\\code_review_assistant.py": {"executed_lines": [], "summary": {"covered_lines": 0, "num_statements": 259, "percent_covered": 0.0, "percent_covered_display": "0", "missing_lines": 259, "excluded_lines": 0}, "missing_lines": [24, 25, 26, 27, 28, 29, 30, 31, 32, 35, 36, 38, 39, 40, 41, 42, 43, 44, 47, 48, 50, 51, 52, 53, 54, 55, 56, 57, 60, 64, 81, 90, 99, 101, 102, 109, 112, 113, 116, 117, 118, 119, 122, 125, 127, 129, 135, 137, 139, 145, 147, 150, 151, 153, 156, 159, 160, 161, 164, 165, 166, 167, 168, 171, 173, 175, 181, 183, 185, 186, 187, 188, 189, 190, 191, 193, 195, 197, 199, 200, 210, 211, 221, 222, 231, 233, 234, 236, 237, 239, 240, 242, 243, 244, 255, 256, 257, 258, 259, 260, 261, 262, 263, 264, 265, 266, 268, 269, 279, 280, 282, 284, 285, 286, 287, 288, 297, 299, 300, 303, 304, 314, 315, 324, 326, 328, 329, 331, 332, 333, 336, 337, 338, 340, 350, 352, 355, 356, 357, 360, 361, 364, 367, 369, 371, 373, 379, 382, 383, 385, 390, 399, 401, 402, 403, 404, 406, 409, 410, 412, 413, 414, 415, 418, 419, 420, 421, 422, 423, 425, 428, 430, 441, 443, 446, 447, 448, 449, 450, 453, 454, 456, 457, 459, 460, 462, 463, 464, 465, 468, 469, 471, 472, 474, 477, 479, 480, 483, 484, 485, 486, 487, 488, 489, 490, 493, 494, 495, 496, 499, 500, 501, 502, 503, 506, 507, 509, 510, 511, 513, 514, 515, 516, 517, 518, 520, 521, 522, 523, 525, 526, 528, 531, 532, 533, 534, 536, 538, 541, 543, 545, 546, 547, 548, 549, 551, 554, 555, 558, 561, 562, 563, 564, 566, 569, 570, 571, 574, 575], "excluded_lines": [], "functions": {"CodeReviewAssistant.__init__": {"executed_lines": [], "summary": {"covered_lines": 0, "num_statements": 2, "percent_covered": 0.0, "percent_covered_display": "0", "missing_lines": 2, "excluded_lines": 0}, "missing_lines": [101, 102], "excluded_lines": []}, "CodeReviewAssistant.review_commit": {"executed_lines": [], "summary": {"covered_lines": 0, "num_statements": 8, "percent_covered": 0.0, "percent_covered_display": "0", "missing_lines": 8, "excluded_lines": 0}, "missing_lines": [112, 113, 116, 117, 118, 119, 122, 125], "excluded_lines": []}, "CodeReviewAssistant._get_commit_hash": {"executed_lines": [], "summary": {"covered_lines": 0, "num_statements": 2, "percent_covered": 0.0, "percent_covered_display": "0", "missing_lines": 2, "excluded_lines": 0}, "missing_lines": [129, 135], "excluded_lines": []}, "CodeReviewAssistant._get_changed_files": {"executed_lines": [], "summary": {"covered_lines": 0, "num_statements": 2, "percent_covered": 0.0, "percent_covered_display": "0", "missing_lines": 2, "excluded_lines": 0}, "missing_lines": [139, 145], "excluded_lines": []}, "CodeReviewAssistant._should_review_file": {"executed_lines": [], "summary": {"covered_lines": 0, "num_statements": 2, "percent_covered": 0.0, "percent_covered_display": "0", "missing_lines": 2, "excluded_lines": 0}, "missing_lines": [150, 151], "excluded_lines": []}, "CodeReviewAssistant._review_file": {"executed_lines": [], "summary": {"covered_lines": 0, "num_statements": 10, "percent_covered": 0.0, "percent_covered_display": "0", "missing_lines": 10, "excluded_lines": 0}, "missing_lines": [156, 159, 160, 161, 164, 165, 166, 167, 168, 171], "excluded_lines": []}, "CodeReviewAssistant._get_file_diff": {"executed_lines": [], "summary": {"covered_lines": 0, "num_statements": 2, "percent_covered": 0.0, "percent_covered_display": "0", "missing_lines": 2, "excluded_lines": 0}, "missing_lines": [175, 181], "excluded_lines": []}, "CodeReviewAssistant._get_file_content": {"executed_lines": [], "summary": {"covered_lines": 0, "num_statements": 7, "percent_covered": 0.0, "percent_covered_display": "0", "missing_lines": 7, "excluded_lines": 0}, "missing_lines": [185, 186, 187, 188, 189, 190, 191], "excluded_lines": []}, "CodeReviewAssistant._check_code_quality": {"executed_lines": [], "summary": {"covered_lines": 0, "num_statements": 8, "percent_covered": 0.0, "percent_covered_display": "0", "missing_lines": 8, "excluded_lines": 0}, "missing_lines": [195, 197, 199, 200, 210, 211, 221, 222], "excluded_lines": []}, "CodeReviewAssistant._check_solid_principles": {"executed_lines": [], "summary": {"covered_lines": 0, "num_statements": 25, "percent_covered": 0.0, "percent_covered_display": "0", "missing_lines": 25, "excluded_lines": 0}, "missing_lines": [233, 234, 236, 237, 239, 240, 242, 243, 244, 255, 256, 257, 258, 259, 260, 261, 262, 263, 264, 265, 266, 268, 269, 279, 280], "excluded_lines": []}, "CodeReviewAssistant._check_security": {"executed_lines": [], "summary": {"covered_lines": 0, "num_statements": 5, "percent_covered": 0.0, "percent_covered_display": "0", "missing_lines": 5, "excluded_lines": 0}, "missing_lines": [284, 285, 286, 287, 288], "excluded_lines": []}, "CodeReviewAssistant._check_performance": {"executed_lines": [], "summary": {"covered_lines": 0, "num_statements": 6, "percent_covered": 0.0, "percent_covered_display": "0", "missing_lines": 6, "excluded_lines": 0}, "missing_lines": [299, 300, 303, 304, 314, 315], "excluded_lines": []}, "CodeReviewAssistant._check_windows_compatibility": {"executed_lines": [], "summary": {"covered_lines": 0, "num_statements": 10, "percent_covered": 0.0, "percent_covered_display": "0", "missing_lines": 10, "excluded_lines": 0}, "missing_lines": [326, 328, 329, 331, 332, 333, 336, 337, 338, 340], "excluded_lines": []}, "CodeReviewAssistant._check_constitutional_compliance": {"executed_lines": [], "summary": {"covered_lines": 0, "num_statements": 9, "percent_covered": 0.0, "percent_covered_display": "0", "missing_lines": 9, "excluded_lines": 0}, "missing_lines": [352, 355, 356, 357, 360, 361, 364, 367, 369], "excluded_lines": []}, "CodeReviewAssistant._check_commit_message_format": {"executed_lines": [], "summary": {"covered_lines": 0, "num_statements": 4, "percent_covered": 0.0, "percent_covered_display": "0", "missing_lines": 4, "excluded_lines": 0}, "missing_lines": [373, 379, 382, 383], "excluded_lines": []}, "CodeReviewAssistant._add_finding": {"executed_lines": [], "summary": {"covered_lines": 0, "num_statements": 6, "percent_covered": 0.0, "percent_covered_display": "0", "missing_lines": 6, "excluded_lines": 0}, "missing_lines": [390, 399, 401, 402, 403, 404], "excluded_lines": []}, "CodeReviewAssistant._generate_report": {"executed_lines": [], "summary": {"covered_lines": 0, "num_statements": 15, "percent_covered": 0.0, "percent_covered_display": "0", "missing_lines": 15, "excluded_lines": 0}, "missing_lines": [409, 410, 412, 413, 414, 415, 418, 419, 420, 421, 422, 423, 425, 428, 430], "excluded_lines": []}, "CodeReviewAssistant._generate_recommendations": {"executed_lines": [], "summary": {"covered_lines": 0, "num_statements": 21, "percent_covered": 0.0, "percent_covered_display": "0", "missing_lines": 21, "excluded_lines": 0}, "missing_lines": [443, 446, 447, 448, 449, 450, 453, 454, 456, 457, 459, 460, 462, 463, 464, 465, 468, 469, 471, 472, 474], "excluded_lines": []}, "format_report": {"executed_lines": [], "summary": {"covered_lines": 0, "num_statements": 43, "percent_covered": 0.0, "percent_covered_display": "0", "missing_lines": 43, "excluded_lines": 0}, "missing_lines": [479, 480, 483, 484, 485, 486, 487, 488, 489, 490, 493, 494, 495, 496, 499, 500, 501, 502, 503, 506, 507, 509, 510, 511, 513, 514, 515, 516, 517, 518, 520, 521, 522, 523, 525, 526, 528, 531, 532, 533, 534, 536, 538], "excluded_lines": []}, "main": {"executed_lines": [], "summary": {"covered_lines": 0, "num_statements": 18, "percent_covered": 0.0, "percent_covered_display": "0", "missing_lines": 18, "excluded_lines": 0}, "missing_lines": [543, 545, 546, 547, 548, 549, 551, 554, 555, 558, 561, 562, 563, 564, 566, 569, 570, 571], "excluded_lines": []}, "": {"executed_lines": [], "summary": {"covered_lines": 0, "num_statements": 54, "percent_covered": 0.0, "percent_covered_display": "0", "missing_lines": 54, "excluded_lines": 0}, "missing_lines": [24, 25, 26, 27, 28, 29, 30, 31, 32, 35, 36, 38, 39, 40, 41, 42, 43, 44, 47, 48, 50, 51, 52, 53, 54, 55, 56, 57, 60, 64, 81, 90, 99, 109, 127, 137, 147, 153, 173, 183, 193, 231, 282, 297, 324, 350, 371, 385, 406, 441, 477, 541, 574, 575], "excluded_lines": []}}, "classes": {"ReviewFinding": {"executed_lines": [], "summary": {"covered_lines": 0, "num_statements": 0, "percent_covered": 100.0, "percent_covered_display": "100", "missing_lines": 0, "excluded_lines": 0}, "missing_lines": [], "excluded_lines": []}, "ReviewReport": {"executed_lines": [], "summary": {"covered_lines": 0, "num_statements": 0, "percent_covered": 100.0, "percent_covered_display": "100", "missing_lines": 0, "excluded_lines": 0}, "missing_lines": [], "excluded_lines": []}, "CodeReviewAssistant": {"executed_lines": [], "summary": {"covered_lines": 0, "num_statements": 144, "percent_covered": 0.0, "percent_covered_display": "0", "missing_lines": 144, "excluded_lines": 0}, "missing_lines": [101, 102, 112, 113, 116, 117, 118, 119, 122, 125, 129, 135, 139, 145, 150, 151, 156, 159, 160, 161, 164, 165, 166, 167, 168, 171, 175, 181, 185, 186, 187, 188, 189, 190, 191, 195, 197, 199, 200, 210, 211, 221, 222, 233, 234, 236, 237, 239, 240, 242, 243, 244, 255, 256, 257, 258, 259, 260, 261, 262, 263, 264, 265, 266, 268, 269, 279, 280, 284, 285, 286, 287, 288, 299, 300, 303, 304, 314, 315, 326, 328, 329, 331, 332, 333, 336, 337, 338, 340, 352, 355, 356, 357, 360, 361, 364, 367, 369, 373, 379, 382, 383, 390, 399, 401, 402, 403, 404, 409, 410, 412, 413, 414, 415, 418, 419, 420, 421, 422, 423, 425, 428, 430, 443, 446, 447, 448, 449, 450, 453, 454, 456, 457, 459, 460, 462, 463, 464, 465, 468, 469, 471, 472, 474], "excluded_lines": []}, "": {"executed_lines": [], "summary": {"covered_lines": 0, "num_statements": 115, "percent_covered": 0.0, "percent_covered_display": "0", "missing_lines": 115, "excluded_lines": 0}, "missing_lines": [24, 25, 26, 27, 28, 29, 30, 31, 32, 35, 36, 38, 39, 40, 41, 42, 43, 44, 47, 48, 50, 51, 52, 53, 54, 55, 56, 57, 60, 64, 81, 90, 99, 109, 127, 137, 147, 153, 173, 183, 193, 231, 282, 297, 324, 350, 371, 385, 406, 441, 477, 479, 480, 483, 484, 485, 486, 487, 488, 489, 490, 493, 494, 495, 496, 499, 500, 501, 502, 503, 506, 507, 509, 510, 511, 513, 514, 515, 516, 517, 518, 520, 521, 522, 523, 525, 526, 528, 531, 532, 533, 534, 536, 538, 541, 543, 545, 546, 547, 548, 549, 551, 554, 555, 558, 561, 562, 563, 564, 566, 569, 570, 571, 574, 575], "excluded_lines": []}}}, "scripts\\codex_auto_init.py": {"executed_lines": [], "summary": {"covered_lines": 0, "num_statements": 58, "percent_covered": 0.0, "percent_covered_display": "0", "missing_lines": 58, "excluded_lines": 0}, "missing_lines": [7, 8, 9, 10, 13, 16, 17, 20, 23, 25, 26, 27, 30, 32, 34, 35, 36, 39, 40, 43, 46, 47, 48, 49, 50, 51, 53, 55, 68, 69, 70, 72, 74, 76, 77, 79, 81, 93, 95, 99, 103, 105, 108, 110, 113, 115, 118, 120, 124, 125, 126, 127, 128, 129, 130, 132, 133, 134], "excluded_lines": [], "functions": {"CodexSession.__init__": {"executed_lines": [], "summary": {"covered_lines": 0, "num_statements": 4, "percent_covered": 0.0, "percent_covered_display": "0", "missing_lines": 4, "excluded_lines": 0}, "missing_lines": [25, 26, 27, 30], "excluded_lines": []}, "CodexSession._auto_init": {"executed_lines": [], "summary": {"covered_lines": 0, "num_statements": 12, "percent_covered": 0.0, "percent_covered_display": "0", "missing_lines": 12, "excluded_lines": 0}, "missing_lines": [34, 35, 36, 39, 40, 43, 46, 47, 48, 49, 50, 51], "excluded_lines": []}, "CodexSession.create_handoff": {"executed_lines": [], "summary": {"covered_lines": 0, "num_statements": 5, "percent_covered": 0.0, "percent_covered_display": "0", "missing_lines": 5, "excluded_lines": 0}, "missing_lines": [55, 68, 69, 70, 72], "excluded_lines": []}, "CodexSession.get_context_hash": {"executed_lines": [], "summary": {"covered_lines": 0, "num_statements": 2, "percent_covered": 0.0, "percent_covered_display": "0", "missing_lines": 2, "excluded_lines": 0}, "missing_lines": [76, 77], "excluded_lines": []}, "CodexSession.update_status": {"executed_lines": [], "summary": {"covered_lines": 0, "num_statements": 1, "percent_covered": 0.0, "percent_covered_display": "0", "missing_lines": 1, "excluded_lines": 0}, "missing_lines": [81], "excluded_lines": []}, "CodexSession.get_instructions": {"executed_lines": [], "summary": {"covered_lines": 0, "num_statements": 1, "percent_covered": 0.0, "percent_covered_display": "0", "missing_lines": 1, "excluded_lines": 0}, "missing_lines": [95], "excluded_lines": []}, "create_handoff": {"executed_lines": [], "summary": {"covered_lines": 0, "num_statements": 1, "percent_covered": 0.0, "percent_covered_display": "0", "missing_lines": 1, "excluded_lines": 0}, "missing_lines": [105], "excluded_lines": []}, "get_context_hash": {"executed_lines": [], "summary": {"covered_lines": 0, "num_statements": 1, "percent_covered": 0.0, "percent_covered_display": "0", "missing_lines": 1, "excluded_lines": 0}, "missing_lines": [110], "excluded_lines": []}, "get_instructions": {"executed_lines": [], "summary": {"covered_lines": 0, "num_statements": 1, "percent_covered": 0.0, "percent_covered_display": "0", "missing_lines": 1, "excluded_lines": 0}, "missing_lines": [115], "excluded_lines": []}, "update_status": {"executed_lines": [], "summary": {"covered_lines": 0, "num_statements": 1, "percent_covered": 0.0, "percent_covered_display": "0", "missing_lines": 1, "excluded_lines": 0}, "missing_lines": [120], "excluded_lines": []}, "": {"executed_lines": [], "summary": {"covered_lines": 0, "num_statements": 29, "percent_covered": 0.0, "percent_covered_display": "0", "missing_lines": 29, "excluded_lines": 0}, "missing_lines": [7, 8, 9, 10, 13, 16, 17, 20, 23, 32, 53, 74, 79, 93, 99, 103, 108, 113, 118, 124, 125, 126, 127, 128, 129, 130, 132, 133, 134], "excluded_lines": []}}, "classes": {"CodexSession": {"executed_lines": [], "summary": {"covered_lines": 0, "num_statements": 25, "percent_covered": 0.0, "percent_covered_display": "0", "missing_lines": 25, "excluded_lines": 0}, "missing_lines": [25, 26, 27, 30, 34, 35, 36, 39, 40, 43, 46, 47, 48, 49, 50, 51, 55, 68, 69, 70, 72, 76, 77, 81, 95], "excluded_lines": []}, "": {"executed_lines": [], "summary": {"covered_lines": 0, "num_statements": 33, "percent_covered": 0.0, "percent_covered_display": "0", "missing_lines": 33, "excluded_lines": 0}, "missing_lines": [7, 8, 9, 10, 13, 16, 17, 20, 23, 32, 53, 74, 79, 93, 99, 103, 105, 108, 110, 113, 115, 118, 120, 124, 125, 126, 127, 128, 129, 130, 132, 133, 134], "excluded_lines": []}}}, "scripts\\consolidate_dashboards.py": {"executed_lines": [], "summary": {"covered_lines": 0, "num_statements": 102, "percent_covered": 0.0, "percent_covered_display": "0", "missing_lines": 102, "excluded_lines": 0}, "missing_lines": [9, 10, 11, 14, 17, 18, 19, 20, 22, 24, 35, 36, 37, 38, 39, 41, 42, 43, 44, 45, 46, 47, 48, 49, 50, 51, 52, 54, 56, 58, 60, 61, 64, 66, 67, 68, 69, 70, 71, 72, 73, 75, 76, 79, 82, 85, 94, 95, 96, 97, 98, 99, 100, 101, 102, 103, 104, 105, 108, 109, 110, 111, 112, 113, 114, 115, 116, 117, 118, 119, 120, 123, 126, 128, 129, 130, 131, 132, 133, 135, 137, 172, 173, 174, 176, 178, 222, 223, 224, 225, 228, 230, 232, 233, 234, 235, 237, 238, 239, 241, 244, 245], "excluded_lines": [], "functions": {"DashboardConsolidator.__init__": {"executed_lines": [], "summary": {"covered_lines": 0, "num_statements": 3, "percent_covered": 0.0, "percent_covered_display": "0", "missing_lines": 3, "excluded_lines": 0}, "missing_lines": [18, 19, 20], "excluded_lines": []}, "DashboardConsolidator.analyze_dashboard_files": {"executed_lines": [], "summary": {"covered_lines": 0, "num_statements": 20, "percent_covered": 0.0, "percent_covered_display": "0", "missing_lines": 20, "excluded_lines": 0}, "missing_lines": [24, 35, 36, 37, 38, 39, 41, 42, 43, 44, 45, 46, 47, 48, 49, 50, 51, 52, 54, 56], "excluded_lines": []}, "DashboardConsolidator.consolidate": {"executed_lines": [], "summary": {"covered_lines": 0, "num_statements": 49, "percent_covered": 0.0, "percent_covered_display": "0", "missing_lines": 49, "excluded_lines": 0}, "missing_lines": [60, 61, 64, 66, 67, 68, 69, 70, 71, 72, 73, 75, 76, 79, 82, 85, 94, 95, 96, 97, 98, 99, 100, 101, 102, 103, 104, 105, 108, 109, 110, 111, 112, 113, 114, 115, 116, 117, 118, 119, 120, 123, 126, 128, 129, 130, 131, 132, 133], "excluded_lines": []}, "DashboardConsolidator._create_unified_launcher": {"executed_lines": [], "summary": {"covered_lines": 0, "num_statements": 4, "percent_covered": 0.0, "percent_covered_display": "0", "missing_lines": 4, "excluded_lines": 0}, "missing_lines": [137, 172, 173, 174], "excluded_lines": []}, "DashboardConsolidator._create_dashboard_readme": {"executed_lines": [], "summary": {"covered_lines": 0, "num_statements": 5, "percent_covered": 0.0, "percent_covered_display": "0", "missing_lines": 5, "excluded_lines": 0}, "missing_lines": [178, 222, 223, 224, 225], "excluded_lines": []}, "main": {"executed_lines": [], "summary": {"covered_lines": 0, "num_statements": 9, "percent_covered": 0.0, "percent_covered_display": "0", "missing_lines": 9, "excluded_lines": 0}, "missing_lines": [230, 232, 233, 234, 235, 237, 238, 239, 241], "excluded_lines": []}, "": {"executed_lines": [], "summary": {"covered_lines": 0, "num_statements": 12, "percent_covered": 0.0, "percent_covered_display": "0", "missing_lines": 12, "excluded_lines": 0}, "missing_lines": [9, 10, 11, 14, 17, 22, 58, 135, 176, 228, 244, 245], "excluded_lines": []}}, "classes": {"DashboardConsolidator": {"executed_lines": [], "summary": {"covered_lines": 0, "num_statements": 81, "percent_covered": 0.0, "percent_covered_display": "0", "missing_lines": 81, "excluded_lines": 0}, "missing_lines": [18, 19, 20, 24, 35, 36, 37, 38, 39, 41, 42, 43, 44, 45, 46, 47, 48, 49, 50, 51, 52, 54, 56, 60, 61, 64, 66, 67, 68, 69, 70, 71, 72, 73, 75, 76, 79, 82, 85, 94, 95, 96, 97, 98, 99, 100, 101, 102, 103, 104, 105, 108, 109, 110, 111, 112, 113, 114, 115, 116, 117, 118, 119, 120, 123, 126, 128, 129, 130, 131, 132, 133, 137, 172, 173, 174, 178, 222, 223, 224, 225], "excluded_lines": []}, "": {"executed_lines": [], "summary": {"covered_lines": 0, "num_statements": 21, "percent_covered": 0.0, "percent_covered_display": "0", "missing_lines": 21, "excluded_lines": 0}, "missing_lines": [9, 10, 11, 14, 17, 22, 58, 135, 176, 228, 230, 232, 233, 234, 235, 237, 238, 239, 241, 244, 245], "excluded_lines": []}}}, "scripts\\constitution_pdf_reporter.py": {"executed_lines": [], "summary": {"covered_lines": 0, "num_statements": 217, "percent_covered": 0.0, "percent_covered_display": "0", "missing_lines": 217, "excluded_lines": 0}, "missing_lines": [12, 13, 14, 15, 16, 17, 18, 19, 20, 21, 24, 41, 52, 55, 57, 58, 60, 61, 63, 65, 76, 87, 89, 91, 92, 93, 95, 97, 98, 99, 105, 106, 108, 110, 111, 113, 114, 115, 116, 118, 119, 120, 121, 123, 125, 141, 143, 145, 146, 147, 148, 149, 150, 151, 152, 153, 154, 155, 156, 157, 158, 159, 160, 161, 162, 164, 166, 167, 168, 169, 171, 175, 176, 177, 180, 181, 183, 192, 195, 196, 197, 198, 199, 202, 203, 204, 206, 210, 211, 212, 214, 215, 217, 218, 221, 222, 225, 227, 236, 237, 251, 252, 255, 257, 258, 259, 260, 261, 263, 264, 275, 278, 279, 280, 282, 286, 287, 288, 290, 291, 293, 294, 297, 298, 299, 302, 303, 310, 311, 314, 315, 316, 317, 319, 320, 331, 334, 335, 336, 338, 340, 341, 342, 344, 353, 356, 357, 358, 359, 360, 361, 362, 363, 366, 367, 375, 376, 377, 380, 381, 387, 388, 391, 398, 399, 401, 404, 405, 406, 407, 410, 411, 412, 414, 416, 417, 418, 419, 421, 423, 425, 427, 428, 429, 430, 434, 435, 436, 440, 441, 443, 445, 447, 463, 465, 487, 489, 506, 508, 510, 511, 512, 515, 516, 518, 519, 521, 522, 524, 525, 527, 528, 529, 530, 532, 540, 541], "excluded_lines": [], "functions": {"ConstitutionPDFReporter.__init__": {"executed_lines": [], "summary": {"covered_lines": 0, "num_statements": 4, "percent_covered": 0.0, "percent_covered_display": "0", "missing_lines": 4, "excluded_lines": 0}, "missing_lines": [57, 58, 60, 61], "excluded_lines": []}, "ConstitutionPDFReporter._add_custom_styles": {"executed_lines": [], "summary": {"covered_lines": 0, "num_statements": 3, "percent_covered": 0.0, "percent_covered_display": "0", "missing_lines": 3, "excluded_lines": 0}, "missing_lines": [65, 76, 87], "excluded_lines": []}, "ConstitutionPDFReporter._create_title_section": {"executed_lines": [], "summary": {"covered_lines": 0, "num_statements": 3, "percent_covered": 0.0, "percent_covered_display": "0", "missing_lines": 3, "excluded_lines": 0}, "missing_lines": [91, 92, 93], "excluded_lines": []}, "ConstitutionPDFReporter._create_executive_summary": {"executed_lines": [], "summary": {"covered_lines": 0, "num_statements": 5, "percent_covered": 0.0, "percent_covered_display": "0", "missing_lines": 5, "excluded_lines": 0}, "missing_lines": [97, 98, 99, 105, 106], "excluded_lines": []}, "ConstitutionPDFReporter._create_compliance_table": {"executed_lines": [], "summary": {"covered_lines": 0, "num_statements": 10, "percent_covered": 0.0, "percent_covered_display": "0", "missing_lines": 10, "excluded_lines": 0}, "missing_lines": [110, 111, 113, 114, 115, 116, 118, 119, 120, 121], "excluded_lines": []}, "ConstitutionPDFReporter._get_table_style": {"executed_lines": [], "summary": {"covered_lines": 0, "num_statements": 1, "percent_covered": 0.0, "percent_covered_display": "0", "missing_lines": 1, "excluded_lines": 0}, "missing_lines": [125], "excluded_lines": []}, "ConstitutionPDFReporter._create_compliance_chart": {"executed_lines": [], "summary": {"covered_lines": 0, "num_statements": 19, "percent_covered": 0.0, "percent_covered_display": "0", "missing_lines": 19, "excluded_lines": 0}, "missing_lines": [143, 145, 146, 147, 148, 149, 150, 151, 152, 153, 154, 155, 156, 157, 158, 159, 160, 161, 162], "excluded_lines": []}, "ConstitutionPDFReporter._create_recommendations_section": {"executed_lines": [], "summary": {"covered_lines": 0, "num_statements": 4, "percent_covered": 0.0, "percent_covered_display": "0", "missing_lines": 4, "excluded_lines": 0}, "missing_lines": [166, 167, 168, 169], "excluded_lines": []}, "ConstitutionPDFReporter.generate_constitution_compliance_report": {"executed_lines": [], "summary": {"covered_lines": 0, "num_statements": 15, "percent_covered": 0.0, "percent_covered_display": "0", "missing_lines": 15, "excluded_lines": 0}, "missing_lines": [175, 176, 177, 180, 181, 183, 192, 195, 196, 197, 198, 199, 202, 203, 204], "excluded_lines": []}, "ConstitutionPDFReporter.generate_quality_metrics_report": {"executed_lines": [], "summary": {"covered_lines": 0, "num_statements": 27, "percent_covered": 0.0, "percent_covered_display": "0", "missing_lines": 27, "excluded_lines": 0}, "missing_lines": [210, 211, 212, 214, 215, 217, 218, 221, 222, 225, 227, 236, 237, 251, 252, 255, 257, 258, 259, 260, 261, 263, 264, 275, 278, 279, 280], "excluded_lines": []}, "ConstitutionPDFReporter.generate_session_analysis_report": {"executed_lines": [], "summary": {"covered_lines": 0, "num_statements": 24, "percent_covered": 0.0, "percent_covered_display": "0", "missing_lines": 24, "excluded_lines": 0}, "missing_lines": [286, 287, 288, 290, 291, 293, 294, 297, 298, 299, 302, 303, 310, 311, 314, 315, 316, 317, 319, 320, 331, 334, 335, 336], "excluded_lines": []}, "ConstitutionPDFReporter.generate_comprehensive_report": {"executed_lines": [], "summary": {"covered_lines": 0, "num_statements": 33, "percent_covered": 0.0, "percent_covered_display": "0", "missing_lines": 33, "excluded_lines": 0}, "missing_lines": [340, 341, 342, 344, 353, 356, 357, 358, 359, 360, 361, 362, 363, 366, 367, 375, 376, 377, 380, 381, 387, 388, 391, 398, 399, 401, 404, 405, 406, 407, 410, 411, 412], "excluded_lines": []}, "ConstitutionPDFReporter._get_status_emoji": {"executed_lines": [], "summary": {"covered_lines": 0, "num_statements": 5, "percent_covered": 0.0, "percent_covered_display": "0", "missing_lines": 5, "excluded_lines": 0}, "missing_lines": [416, 417, 418, 419, 421], "excluded_lines": []}, "ConstitutionPDFReporter._generate_recommendations": {"executed_lines": [], "summary": {"covered_lines": 0, "num_statements": 11, "percent_covered": 0.0, "percent_covered_display": "0", "missing_lines": 11, "excluded_lines": 0}, "missing_lines": [425, 427, 428, 429, 430, 434, 435, 436, 440, 441, 443], "excluded_lines": []}, "ConstitutionPDFReporter._get_sample_compliance_data": {"executed_lines": [], "summary": {"covered_lines": 0, "num_statements": 1, "percent_covered": 0.0, "percent_covered_display": "0", "missing_lines": 1, "excluded_lines": 0}, "missing_lines": [447], "excluded_lines": []}, "ConstitutionPDFReporter._get_sample_metrics_data": {"executed_lines": [], "summary": {"covered_lines": 0, "num_statements": 1, "percent_covered": 0.0, "percent_covered_display": "0", "missing_lines": 1, "excluded_lines": 0}, "missing_lines": [465], "excluded_lines": []}, "ConstitutionPDFReporter._get_sample_session_data": {"executed_lines": [], "summary": {"covered_lines": 0, "num_statements": 1, "percent_covered": 0.0, "percent_covered_display": "0", "missing_lines": 1, "excluded_lines": 0}, "missing_lines": [489], "excluded_lines": []}, "main": {"executed_lines": [], "summary": {"covered_lines": 0, "num_statements": 17, "percent_covered": 0.0, "percent_covered_display": "0", "missing_lines": 17, "excluded_lines": 0}, "missing_lines": [508, 510, 511, 512, 515, 516, 518, 519, 521, 522, 524, 525, 527, 528, 529, 530, 532], "excluded_lines": []}, "": {"executed_lines": [], "summary": {"covered_lines": 0, "num_statements": 33, "percent_covered": 0.0, "percent_covered_display": "0", "missing_lines": 33, "excluded_lines": 0}, "missing_lines": [12, 13, 14, 15, 16, 17, 18, 19, 20, 21, 24, 41, 52, 55, 63, 89, 95, 108, 123, 141, 164, 171, 206, 282, 338, 414, 423, 445, 463, 487, 506, 540, 541], "excluded_lines": []}}, "classes": {"ConstitutionPDFReporter": {"executed_lines": [], "summary": {"covered_lines": 0, "num_statements": 167, "percent_covered": 0.0, "percent_covered_display": "0", "missing_lines": 167, "excluded_lines": 0}, "missing_lines": [57, 58, 60, 61, 65, 76, 87, 91, 92, 93, 97, 98, 99, 105, 106, 110, 111, 113, 114, 115, 116, 118, 119, 120, 121, 125, 143, 145, 146, 147, 148, 149, 150, 151, 152, 153, 154, 155, 156, 157, 158, 159, 160, 161, 162, 166, 167, 168, 169, 175, 176, 177, 180, 181, 183, 192, 195, 196, 197, 198, 199, 202, 203, 204, 210, 211, 212, 214, 215, 217, 218, 221, 222, 225, 227, 236, 237, 251, 252, 255, 257, 258, 259, 260, 261, 263, 264, 275, 278, 279, 280, 286, 287, 288, 290, 291, 293, 294, 297, 298, 299, 302, 303, 310, 311, 314, 315, 316, 317, 319, 320, 331, 334, 335, 336, 340, 341, 342, 344, 353, 356, 357, 358, 359, 360, 361, 362, 363, 366, 367, 375, 376, 377, 380, 381, 387, 388, 391, 398, 399, 401, 404, 405, 406, 407, 410, 411, 412, 416, 417, 418, 419, 421, 425, 427, 428, 429, 430, 434, 435, 436, 440, 441, 443, 447, 465, 489], "excluded_lines": []}, "": {"executed_lines": [], "summary": {"covered_lines": 0, "num_statements": 50, "percent_covered": 0.0, "percent_covered_display": "0", "missing_lines": 50, "excluded_lines": 0}, "missing_lines": [12, 13, 14, 15, 16, 17, 18, 19, 20, 21, 24, 41, 52, 55, 63, 89, 95, 108, 123, 141, 164, 171, 206, 282, 338, 414, 423, 445, 463, 487, 506, 508, 510, 511, 512, 515, 516, 518, 519, 521, 522, 524, 525, 527, 528, 529, 530, 532, 540, 541], "excluded_lines": []}}}, "scripts\\constitutional_guards.py": {"executed_lines": [2, 16, 17, 18, 19, 22, 23, 24, 26, 27, 30, 31, 32, 34, 35, 36, 37, 38, 41, 42, 44, 47, 48, 57, 58, 73, 74, 89, 90, 122, 123, 167, 168, 193, 194, 255, 271, 292], "summary": {"covered_lines": 33, "num_statements": 101, "percent_covered": 32.67326732673267, "percent_covered_display": "33", "missing_lines": 68, "excluded_lines": 0}, "missing_lines": [69, 70, 71, 85, 86, 87, 103, 104, 106, 108, 114, 115, 120, 135, 152, 153, 154, 156, 157, 162, 164, 165, 178, 180, 181, 182, 184, 185, 186, 188, 209, 219, 227, 228, 229, 232, 233, 234, 237, 238, 239, 241, 242, 243, 249, 251, 252, 266, 267, 268, 282, 283, 284, 287, 288, 289, 294, 296, 297, 300, 301, 304, 305, 308, 312, 313, 315, 316], "excluded_lines": [], "functions": {"ConstitutionalGuard.against_null_or_undefined": {"executed_lines": [], "summary": {"covered_lines": 0, "num_statements": 3, "percent_covered": 0.0, "percent_covered_display": "0", "missing_lines": 3, "excluded_lines": 0}, "missing_lines": [69, 70, 71], "excluded_lines": []}, "ConstitutionalGuard.against_empty_string": {"executed_lines": [], "summary": {"covered_lines": 0, "num_statements": 3, "percent_covered": 0.0, "percent_covered_display": "0", "missing_lines": 3, "excluded_lines": 0}, "missing_lines": [85, 86, 87], "excluded_lines": []}, "ConstitutionalGuard.against_implementation_before_tests": {"executed_lines": [], "summary": {"covered_lines": 0, "num_statements": 7, "percent_covered": 0.0, "percent_covered_display": "0", "missing_lines": 7, "excluded_lines": 0}, "missing_lines": [103, 104, 106, 108, 114, 115, 120], "excluded_lines": []}, "ConstitutionalGuard.against_emoji_in_files": {"executed_lines": [], "summary": {"covered_lines": 0, "num_statements": 9, "percent_covered": 0.0, "percent_covered_display": "0", "missing_lines": 9, "excluded_lines": 0}, "missing_lines": [135, 152, 153, 154, 156, 157, 162, 164, 165], "excluded_lines": []}, "ConstitutionalGuard.against_missing_tests": {"executed_lines": [], "summary": {"covered_lines": 0, "num_statements": 8, "percent_covered": 0.0, "percent_covered_display": "0", "missing_lines": 8, "excluded_lines": 0}, "missing_lines": [178, 180, 181, 182, 184, 185, 186, 188], "excluded_lines": []}, "ConstitutionalGuard.against_hardcoded_secrets": {"executed_lines": [], "summary": {"covered_lines": 0, "num_statements": 17, "percent_covered": 0.0, "percent_covered_display": "0", "missing_lines": 17, "excluded_lines": 0}, "missing_lines": [209, 219, 227, 228, 229, 232, 233, 234, 237, 238, 239, 241, 242, 243, 249, 251, 252], "excluded_lines": []}, "validate_task_list": {"executed_lines": [], "summary": {"covered_lines": 0, "num_statements": 3, "percent_covered": 0.0, "percent_covered_display": "0", "missing_lines": 3, "excluded_lines": 0}, "missing_lines": [266, 267, 268], "excluded_lines": []}, "validate_file": {"executed_lines": [], "summary": {"covered_lines": 0, "num_statements": 6, "percent_covered": 0.0, "percent_covered_display": "0", "missing_lines": 6, "excluded_lines": 0}, "missing_lines": [282, 283, 284, 287, 288, 289], "excluded_lines": []}, "": {"executed_lines": [2, 16, 17, 18, 19, 22, 23, 24, 26, 27, 30, 31, 32, 34, 35, 36, 37, 38, 41, 42, 44, 47, 48, 57, 58, 73, 74, 89, 90, 122, 123, 167, 168, 193, 194, 255, 271, 292], "summary": {"covered_lines": 33, "num_statements": 45, "percent_covered": 73.33333333333333, "percent_covered_display": "73", "missing_lines": 12, "excluded_lines": 0}, "missing_lines": [294, 296, 297, 300, 301, 304, 305, 308, 312, 313, 315, 316], "excluded_lines": []}}, "classes": {"GuardResult": {"executed_lines": [], "summary": {"covered_lines": 0, "num_statements": 0, "percent_covered": 100.0, "percent_covered_display": "100", "missing_lines": 0, "excluded_lines": 0}, "missing_lines": [], "excluded_lines": []}, "Task": {"executed_lines": [], "summary": {"covered_lines": 0, "num_statements": 0, "percent_covered": 100.0, "percent_covered_display": "100", "missing_lines": 0, "excluded_lines": 0}, "missing_lines": [], "excluded_lines": []}, "ConstitutionalViolationError": {"executed_lines": [], "summary": {"covered_lines": 0, "num_statements": 0, "percent_covered": 100.0, "percent_covered_display": "100", "missing_lines": 0, "excluded_lines": 0}, "missing_lines": [], "excluded_lines": []}, "ConstitutionalGuard": {"executed_lines": [], "summary": {"covered_lines": 0, "num_statements": 47, "percent_covered": 0.0, "percent_covered_display": "0", "missing_lines": 47, "excluded_lines": 0}, "missing_lines": [69, 70, 71, 85, 86, 87, 103, 104, 106, 108, 114, 115, 120, 135, 152, 153, 154, 156, 157, 162, 164, 165, 178, 180, 181, 182, 184, 185, 186, 188, 209, 219, 227, 228, 229, 232, 233, 234, 237, 238, 239, 241, 242, 243, 249, 251, 252], "excluded_lines": []}, "": {"executed_lines": [2, 16, 17, 18, 19, 22, 23, 24, 26, 27, 30, 31, 32, 34, 35, 36, 37, 38, 41, 42, 44, 47, 48, 57, 58, 73, 74, 89, 90, 122, 123, 167, 168, 193, 194, 255, 271, 292], "summary": {"covered_lines": 33, "num_statements": 54, "percent_covered": 61.111111111111114, "percent_covered_display": "61", "missing_lines": 21, "excluded_lines": 0}, "missing_lines": [266, 267, 268, 282, 283, 284, 287, 288, 289, 294, 296, 297, 300, 301, 304, 305, 308, 312, 313, 315, 316], "excluded_lines": []}}}, "scripts\\constitutional_validator.py": {"executed_lines": [1, 7, 8, 9, 10, 13, 14
[...]
ines": 1, "excluded_lines": 0}, "missing_lines": [464], "excluded_lines": []}, "VerificationCache._deserialize_result": {"executed_lines": [], "summary": {"covered_lines": 0, "num_statements": 2, "percent_covered": 0.0, "percent_covered_display": "0", "missing_lines": 2, "excluded_lines": 0}, "missing_lines": [490, 492], "excluded_lines": []}, "VerificationCache._ensure_cache_dir": {"executed_lines": [], "summary": {"covered_lines": 0, "num_statements": 4, "percent_covered": 0.0, "percent_covered_display": "0", "missing_lines": 4, "excluded_lines": 0}, "missing_lines": [505, 506, 507, 508], "excluded_lines": []}, "VerificationCache._load_cache": {"executed_lines": [], "summary": {"covered_lines": 0, "num_statements": 20, "percent_covered": 0.0, "percent_covered_display": "0", "missing_lines": 20, "excluded_lines": 0}, "missing_lines": [518, 519, 520, 522, 523, 524, 527, 528, 529, 530, 531, 532, 533, 534, 536, 538, 539, 540, 542, 543], "excluded_lines": []}, "VerificationCache._save_cache": {"executed_lines": [], "summary": {"covered_lines": 0, "num_statements": 9, "percent_covered": 0.0, "percent_covered_display": "0", "missing_lines": 9, "excluded_lines": 0}, "missing_lines": [551, 553, 556, 558, 559, 562, 564, 566, 567], "excluded_lines": []}, "main": {"executed_lines": [], "summary": {"covered_lines": 0, "num_statements": 46, "percent_covered": 0.0, "percent_covered_display": "0", "missing_lines": 46, "excluded_lines": 0}, "missing_lines": [572, 573, 575, 576, 577, 578, 579, 580, 581, 584, 587, 588, 590, 593, 594, 595, 596, 597, 598, 599, 600, 601, 602, 604, 605, 606, 607, 609, 610, 611, 613, 615, 616, 617, 618, 619, 621, 622, 625, 627, 628, 630, 633, 641, 642, 644], "excluded_lines": []}, "": {"executed_lines": [1, 34, 35, 36, 37, 38, 39, 40, 41, 42, 44, 47, 48, 49, 51, 52, 53, 54, 55, 58, 59, 60, 62, 63, 64, 65, 66, 68, 69, 74, 75, 76, 86, 87, 88, 89, 90, 93, 94, 108, 147, 212, 258, 273, 327, 337, 346, 365, 407, 424, 440, 455, 481, 500, 510, 545, 570, 647], "summary": {"covered_lines": 53, "num_statements": 54, "percent_covered": 98.14814814814815, "percent_covered_display": "98", "missing_lines": 1, "excluded_lines": 0}, "missing_lines": [648], "excluded_lines": []}}, "classes": {"RuffViolation": {"executed_lines": [], "summary": {"covered_lines": 0, "num_statements": 0, "percent_covered": 100.0, "percent_covered_display": "100", "missing_lines": 0, "excluded_lines": 0}, "missing_lines": [], "excluded_lines": []}, "VerificationResult": {"executed_lines": [], "summary": {"covered_lines": 0, "num_statements": 1, "percent_covered": 0.0, "percent_covered_display": "0", "missing_lines": 1, "excluded_lines": 0}, "missing_lines": [71], "excluded_lines": []}, "CacheEntry": {"executed_lines": [], "summary": {"covered_lines": 0, "num_statements": 0, "percent_covered": 100.0, "percent_covered_display": "100", "missing_lines": 0, "excluded_lines": 0}, "missing_lines": [], "excluded_lines": []}, "VerificationCache": {"executed_lines": [], "summary": {"covered_lines": 0, "num_statements": 159, "percent_covered": 0.0, "percent_covered_display": "0", "missing_lines": 159, "excluded_lines": 0}, "missing_lines": [121, 122, 123, 126, 130, 134, 137, 140, 143, 145, 163, 165, 166, 167, 170, 171, 172, 175, 176, 178, 179, 180, 183, 184, 189, 190, 193, 194, 196, 197, 200, 201, 204, 206, 210, 226, 228, 229, 230, 231, 234, 237, 246, 247, 248, 251, 254, 256, 266, 267, 268, 269, 270, 271, 284, 285, 287, 289, 290, 293, 294, 295, 296, 297, 300, 301, 302, 303, 304, 305, 308, 309, 310, 311, 312, 313, 316, 317, 318, 321, 322, 323, 325, 332, 333, 334, 335, 343, 344, 352, 353, 355, 378, 380, 381, 382, 385, 386, 387, 389, 392, 395, 396, 399, 401, 403, 404, 405, 416, 417, 418, 419, 420, 422, 433, 434, 435, 436, 437, 438, 446, 448, 449, 464, 490, 492, 505, 506, 507, 508, 518, 519, 520, 522, 523, 524, 527, 528, 529, 530, 531, 532, 533, 534, 536, 538, 539, 540, 542, 543, 551, 553, 556, 558, 559, 562, 564, 566, 567], "excluded_lines": []}, "": {"executed_lines": [1, 34, 35, 36, 37, 38, 39, 40, 41, 42, 44, 47, 48, 49, 51, 52, 53, 54, 55, 58, 59, 60, 62, 63, 64, 65, 66, 68, 69, 74, 75, 76, 86, 87, 88, 89, 90, 93, 94, 108, 147, 212, 258, 273, 327, 337, 346, 365, 407, 424, 440, 455, 481, 500, 510, 545, 570, 647], "summary": {"covered_lines": 53, "num_statements": 100, "percent_covered": 53.0, "percent_covered_display": "53", "missing_lines": 47, "excluded_lines": 0}, "missing_lines": [572, 573, 575, 576, 577, 578, 579, 580, 581, 584, 587, 588, 590, 593, 594, 595, 596, 597, 598, 599, 600, 601, 602, 604, 605, 606, 607, 609, 610, 611, 613, 615, 616, 617, 618, 619, 621, 622, 625, 627, 628, 630, 633, 641, 642, 644, 648], "excluded_lines": []}}}, "scripts\\verify_with_gemini.py": {"executed_lines": [], "summary": {"covered_lines": 0, "num_statements": 49, "percent_covered": 0.0, "percent_covered_display": "0", "missing_lines": 49, "excluded_lines": 0}, "missing_lines": [6, 7, 8, 11, 13, 14, 15, 16, 19, 21, 22, 25, 26, 35, 36, 37, 40, 146, 147, 148, 150, 151, 152, 155, 156, 157, 159, 160, 161, 162, 163, 165, 167, 168, 169, 172, 174, 175, 176, 179, 180, 181, 182, 183, 184, 185, 187, 190, 191], "excluded_lines": [], "functions": {"read_file": {"executed_lines": [], "summary": {"covered_lines": 0, "num_statements": 4, "percent_covered": 0.0, "percent_covered_display": "0", "missing_lines": 4, "excluded_lines": 0}, "missing_lines": [13, 14, 15, 16], "excluded_lines": []}, "analyze_with_gemini": {"executed_lines": [], "summary": {"covered_lines": 0, "num_statements": 26, "percent_covered": 0.0, "percent_covered_display": "0", "missing_lines": 26, "excluded_lines": 0}, "missing_lines": [21, 22, 25, 26, 35, 36, 37, 40, 146, 147, 148, 150, 151, 152, 155, 156, 157, 159, 160, 161, 162, 163, 165, 167, 168, 169], "excluded_lines": []}, "main": {"executed_lines": [], "summary": {"covered_lines": 0, "num_statements": 11, "percent_covered": 0.0, "percent_covered_display": "0", "missing_lines": 11, "excluded_lines": 0}, "missing_lines": [174, 175, 176, 179, 180, 181, 182, 183, 184, 185, 187], "excluded_lines": []}, "": {"executed_lines": [], "summary": {"covered_lines": 0, "num_statements": 8, "percent_covered": 0.0, "percent_covered_display": "0", "missing_lines": 8, "excluded_lines": 0}, "missing_lines": [6, 7, 8, 11, 19, 172, 190, 191], "excluded_lines": []}}, "classes": {"": {"executed_lines": [], "summary": {"covered_lines": 0, "num_statements": 49, "percent_covered": 0.0, "percent_covered_display": "0", "missing_lines": 49, "excluded_lines": 0}, "missing_lines": [6, 7, 8, 11, 13, 14, 15, 16, 19, 21, 22, 25, 26, 35, 36, 37, 40, 146, 147, 148, 150, 151, 152, 155, 156, 157, 159, 160, 161, 162, 163, 165, 167, 168, 169, 172, 174, 175, 176, 179, 180, 181, 182, 183, 184, 185, 187, 190, 191], "excluded_lines": []}}}, "scripts\\view_logs.py": {"executed_lines": [], "summary": {"covered_lines": 0, "num_statements": 151, "percent_covered": 0.0, "percent_covered_display": "0", "missing_lines": 151, "excluded_lines": 0}, "missing_lines": [20, 21, 22, 23, 24, 25, 28, 31, 32, 34, 36, 38, 39, 41, 43, 45, 47, 48, 50, 51, 53, 54, 55, 56, 62, 63, 65, 67, 69, 71, 72, 73, 74, 75, 81, 82, 84, 86, 88, 90, 91, 92, 93, 94, 95, 102, 103, 105, 107, 109, 111, 112, 114, 117, 119, 120, 121, 122, 123, 124, 127, 129, 130, 131, 132, 134, 135, 136, 138, 141, 143, 144, 145, 146, 148, 149, 150, 152, 153, 154, 155, 156, 158, 161, 163, 164, 165, 166, 168, 169, 170, 172, 175, 177, 178, 179, 180, 181, 182, 185, 186, 187, 188, 191, 193, 196, 198, 201, 202, 203, 204, 206, 208, 209, 210, 211, 213, 214, 215, 217, 219, 220, 221, 222, 224, 226, 227, 228, 229, 231, 233, 234, 235, 236, 238, 242, 243, 246, 247, 248, 251, 252, 253, 256, 257, 258, 261, 262, 263, 266, 267], "excluded_lines": [], "functions": {"LogViewer.__init__": {"executed_lines": [], "summary": {"covered_lines": 0, "num_statements": 1, "percent_covered": 0.0, "percent_covered_display": "0", "missing_lines": 1, "excluded_lines": 0}, "missing_lines": [32], "excluded_lines": []}, "LogViewer.view_dev_assistant_logs": {"executed_lines": [], "summary": {"covered_lines": 0, "num_statements": 4, "percent_covered": 0.0, "percent_covered_display": "0", "missing_lines": 4, "excluded_lines": 0}, "missing_lines": [36, 38, 39, 41], "excluded_lines": []}, "LogViewer.view_evidence_logs": {"executed_lines": [], "summary": {"covered_lines": 0, "num_statements": 12, "percent_covered": 0.0, "percent_covered_display": "0", "missing_lines": 12, "excluded_lines": 0}, "missing_lines": [45, 47, 48, 50, 51, 53, 54, 55, 56, 62, 63, 65], "excluded_lines": []}, "LogViewer.view_compression_reports": {"executed_lines": [], "summary": {"covered_lines": 0, "num_statements": 9, "percent_covered": 0.0, "percent_covered_display": "0", "missing_lines": 9, "excluded_lines": 0}, "missing_lines": [69, 71, 72, 73, 74, 75, 81, 82, 84], "excluded_lines": []}, "LogViewer.view_task_states": {"executed_lines": [], "summary": {"covered_lines": 0, "num_statements": 10, "percent_covered": 0.0, "percent_covered_display": "0", "missing_lines": 10, "excluded_lines": 0}, "missing_lines": [88, 90, 91, 92, 93, 94, 95, 102, 103, 105], "excluded_lines": []}, "LogViewer.view_stats": {"executed_lines": [], "summary": {"covered_lines": 0, "num_statements": 4, "percent_covered": 0.0, "percent_covered_display": "0", "missing_lines": 4, "excluded_lines": 0}, "missing_lines": [109, 111, 112, 114], "excluded_lines": []}, "format_dev_assistant_logs": {"executed_lines": [], "summary": {"covered_lines": 0, "num_statements": 6, "percent_covered": 0.0, "percent_covered_display": "0", "missing_lines": 6, "excluded_lines": 0}, "missing_lines": [119, 120, 121, 122, 123, 124], "excluded_lines": []}, "format_evidence_logs": {"executed_lines": [], "summary": {"covered_lines": 0, "num_statements": 8, "percent_covered": 0.0, "percent_covered_display": "0", "missing_lines": 8, "excluded_lines": 0}, "missing_lines": [129, 130, 131, 132, 134, 135, 136, 138], "excluded_lines": []}, "format_compression_reports": {"executed_lines": [], "summary": {"covered_lines": 0, "num_statements": 13, "percent_covered": 0.0, "percent_covered_display": "0", "missing_lines": 13, "excluded_lines": 0}, "missing_lines": [143, 144, 145, 146, 148, 149, 150, 152, 153, 154, 155, 156, 158], "excluded_lines": []}, "format_task_states": {"executed_lines": [], "summary": {"covered_lines": 0, "num_statements": 8, "percent_covered": 0.0, "percent_covered_display": "0", "missing_lines": 8, "excluded_lines": 0}, "missing_lines": [163, 164, 165, 166, 168, 169, 170, 172], "excluded_lines": []}, "format_stats": {"executed_lines": [], "summary": {"covered_lines": 0, "num_statements": 6, "percent_covered": 0.0, "percent_covered_display": "0", "missing_lines": 6, "excluded_lines": 0}, "missing_lines": [177, 178, 179, 180, 181, 182], "excluded_lines": []}, "main": {"executed_lines": [], "summary": {"covered_lines": 0, "num_statements": 49, "percent_covered": 0.0, "percent_covered_display": "0", "missing_lines": 49, "excluded_lines": 0}, "missing_lines": [186, 187, 188, 191, 193, 196, 198, 201, 202, 203, 204, 206, 208, 209, 210, 211, 213, 214, 215, 217, 219, 220, 221, 222, 224, 226, 227, 228, 229, 231, 233, 234, 235, 236, 238, 242, 243, 246, 247, 248, 251, 252, 253, 256, 257, 258, 261, 262, 263], "excluded_lines": []}, "": {"executed_lines": [], "summary": {"covered_lines": 0, "num_statements": 21, "percent_covered": 0.0, "percent_covered_display": "0", "missing_lines": 21, "excluded_lines": 0}, "missing_lines": [20, 21, 22, 23, 24, 25, 28, 31, 34, 43, 67, 86, 107, 117, 127, 141, 161, 175, 185, 266, 267], "excluded_lines": []}}, "classes": {"LogViewer": {"executed_lines": [], "summary": {"covered_lines": 0, "num_statements": 40, "percent_covered": 0.0, "percent_covered_display": "0", "missing_lines": 40, "excluded_lines": 0}, "missing_lines": [32, 36, 38, 39, 41, 45, 47, 48, 50, 51, 53, 54, 55, 56, 62, 63, 65, 69, 71, 72, 73, 74, 75, 81, 82, 84, 88, 90, 91, 92, 93, 94, 95, 102, 103, 105, 109, 111, 112, 114], "excluded_lines": []}, "": {"executed_lines": [], "summary": {"covered_lines": 0, "num_statements": 111, "percent_covered": 0.0, "percent_covered_display": "0", "missing_lines": 111, "excluded_lines": 0}, "missing_lines": [20, 21, 22, 23, 24, 25, 28, 31, 34, 43, 67, 86, 107, 117, 119, 120, 121, 122, 123, 124, 127, 129, 130, 131, 132, 134, 135, 136, 138, 141, 143, 144, 145, 146, 148, 149, 150, 152, 153, 154, 155, 156, 158, 161, 163, 164, 165, 166, 168, 169, 170, 172, 175, 177, 178, 179, 180, 181, 182, 185, 186, 187, 188, 191, 193, 196, 198, 201, 202, 203, 204, 206, 208, 209, 210, 211, 213, 214, 215, 217, 219, 220, 221, 222, 224, 226, 227, 228, 229, 231, 233, 234, 235, 236, 238, 242, 243, 246, 247, 248, 251, 252, 253, 256, 257, 258, 261, 262, 263, 266, 267], "excluded_lines": []}}}, "scripts\\worker_pool.py": {"executed_lines": [2, 32, 33, 34, 35, 36, 37, 38, 39, 41, 44, 45, 47, 48, 49, 52, 53, 54, 56, 57, 58, 60, 67, 68, 79, 108, 128, 158, 187, 220, 240, 275, 302, 303, 313, 342, 399], "summary": {"covered_lines": 32, "num_statements": 167, "percent_covered": 19.161676646706585, "percent_covered_display": "19", "missing_lines": 135, "excluded_lines": 0}, "missing_lines": [62, 63, 64, 92, 93, 94, 95, 96, 97, 98, 101, 102, 103, 104, 106, 110, 111, 112, 114, 115, 117, 118, 123, 124, 126, 138, 139, 140, 142, 148, 150, 151, 152, 153, 154, 155, 156, 169, 170, 172, 178, 179, 180, 181, 182, 183, 184, 185, 196, 197, 199, 200, 203, 204, 205, 206, 207, 208, 210, 211, 212, 213, 215, 216, 217, 218, 226, 227, 228, 230, 242, 243, 245, 246, 248, 251, 252, 253, 255, 256, 258, 259, 263, 264, 267, 269, 271, 273, 284, 285, 287, 288, 289, 290, 291, 292, 295, 296, 297, 298, 299, 328, 333, 334, 345, 348, 349, 351, 357, 359, 360, 361, 364, 365, 367, 370, 371, 372, 375, 376, 379, 380, 381, 382, 383, 384, 385, 388, 391, 392, 393, 394, 395, 396, 400], "excluded_lines": [], "functions": {"WorkItem.__lt__": {"executed_lines": [], "summary": {"covered_lines": 0, "num_statements": 3, "percent_covered": 0.0, "percent_covered_display": "0", "missing_lines": 3, "excluded_lines": 0}, "missing_lines": [62, 63, 64], "excluded_lines": []}, "WorkerPool.__init__": {"executed_lines": [], "summary": {"covered_lines": 0, "num_statements": 12, "percent_covered": 0.0, "percent_covered_display": "0", "missing_lines": 12, "excluded_lines": 0}, "missing_lines": [92, 93, 94, 95, 96, 97, 98, 101, 102, 103, 104, 106], "excluded_lines": []}, "WorkerPool.start": {"executed_lines": [], "summary": {"covered_lines": 0, "num_statements": 10, "percent_covered": 0.0, "percent_covered_display": "0", "missing_lines": 10, "excluded_lines": 0}, "missing_lines": [110, 111, 112, 114, 115, 117, 118, 123, 124, 126], "excluded_lines": []}, "WorkerPool.submit": {"executed_lines": [], "summary": {"covered_lines": 0, "num_statements": 12, "percent_covered": 0.0, "percent_covered_display": "0", "missing_lines": 12, "excluded_lines": 0}, "missing_lines": [138, 139, 140, 142, 148, 150, 151, 152, 153, 154, 155, 156], "excluded_lines": []}, "WorkerPool.submit_blocking": {"executed_lines": [], "summary": {"covered_lines": 0, "num_statements": 11, "percent_covered": 0.0, "percent_covered_display": "0", "missing_lines": 11, "excluded_lines": 0}, "missing_lines": [169, 170, 172, 178, 179, 180, 181, 182, 183, 184, 185], "excluded_lines": []}, "WorkerPool.shutdown": {"executed_lines": [], "summary": {"covered_lines": 0, "num_statements": 18, "percent_covered": 0.0, "percent_covered_display": "0", "missing_lines": 18, "excluded_lines": 0}, "missing_lines": [196, 197, 199, 200, 203, 204, 205, 206, 207, 208, 210, 211, 212, 213, 215, 216, 217, 218], "excluded_lines": []}, "WorkerPool.get_stats": {"executed_lines": [], "summary": {"covered_lines": 0, "num_statements": 4, "percent_covered": 0.0, "percent_covered_display": "0", "missing_lines": 4, "excluded_lines": 0}, "missing_lines": [226, 227, 228, 230], "excluded_lines": []}, "WorkerPool._worker_loop": {"executed_lines": [], "summary": {"covered_lines": 0, "num_statements": 18, "percent_covered": 0.0, "percent_covered_display": "0", "missing_lines": 18, "excluded_lines": 0}, "missing_lines": [242, 243, 245, 246, 248, 251, 252, 253, 255, 256, 258, 259, 263, 264, 267, 269, 271, 273], "excluded_lines": []}, "WorkerPool.wait_completion": {"executed_lines": [], "summary": {"covered_lines": 0, "num_statements": 13, "percent_covered": 0.0, "percent_covered_display": "0", "missing_lines": 13, "excluded_lines": 0}, "missing_lines": [284, 285, 287, 288, 289, 290, 291, 292, 295, 296, 297, 298, 299], "excluded_lines": []}, "AdaptiveWorkerPool.__init__": {"executed_lines": [], "summary": {"covered_lines": 0, "num_statements": 3, "percent_covered": 0.0, "percent_covered_display": "0", "missing_lines": 3, "excluded_lines": 0}, "missing_lines": [328, 333, 334], "excluded_lines": []}, "demo": {"executed_lines": [], "summary": {"covered_lines": 0, "num_statements": 28, "percent_covered": 0.0, "percent_covered_display": "0", "missing_lines": 28, "excluded_lines": 0}, "missing_lines": [345, 351, 357, 359, 360, 361, 364, 365, 367, 370, 371, 372, 375, 376, 379, 380, 381, 382, 383, 384, 385, 388, 391, 392, 393, 394, 395, 396], "excluded_lines": []}, "demo.mock_worker": {"executed_lines": [], "summary": {"covered_lines": 0, "num_statements": 2, "percent_covered": 0.0, "percent_covered_display": "0", "missing_lines": 2, "excluded_lines": 0}, "missing_lines": [348, 349], "excluded_lines": []}, "": {"executed_lines": [2, 32, 33, 34, 35, 36, 37, 38, 39, 41, 44, 45, 47, 48, 49, 52, 53, 54, 56, 57, 58, 60, 67, 68, 79, 108, 128, 158, 187, 220, 240, 275, 302, 303, 313, 342, 399], "summary": {"covered_lines": 32, "num_statements": 33, "percent_covered": 96.96969696969697, "percent_covered_display": "97", "missing_lines": 1, "excluded_lines": 0}, "missing_lines": [400], "excluded_lines": []}}, "classes": {"Priority": {"executed_lines": [], "summary": {"covered_lines": 0, "num_statements": 0, "percent_covered": 100.0, "percent_covered_display": "100", "missing_lines": 0, "excluded_lines": 0}, "missing_lines": [], "excluded_lines": []}, "WorkItem": {"executed_lines": [], "summary": {"covered_lines": 0, "num_statements": 3, "percent_covered": 0.0, "percent_covered_display": "0", "missing_lines": 3, "excluded_lines": 0}, "missing_lines": [62, 63, 64], "excluded_lines": []}, "WorkerPool": {"executed_lines": [], "summary": {"covered_lines": 0, "num_statements": 98, "percent_covered": 0.0, "percent_covered_display": "0", "missing_lines": 98, "excluded_lines": 0}, "missing_lines": [92, 93, 94, 95, 96, 97, 98, 101, 102, 103, 104, 106, 110, 111, 112, 114, 115, 117, 118, 123, 124, 126, 138, 139, 140, 142, 148, 150, 151, 152, 153, 154, 155, 156, 169, 170, 172, 178, 179, 180, 181, 182, 183, 184, 185, 196, 197, 199, 200, 203, 204, 205, 206, 207, 208, 210, 211, 212, 213, 215, 216, 217, 218, 226, 227, 228, 230, 242, 243, 245, 246, 248, 251, 252, 253, 255, 256, 258, 259, 263, 264, 267, 269, 271, 273, 284, 285, 287, 288, 289, 290, 291, 292, 295, 296, 297, 298, 299], "excluded_lines": []}, "AdaptiveWorkerPool": {"executed_lines": [], "summary": {"covered_lines": 0, "num_statements": 3, "percent_covered": 0.0, "percent_covered_display": "0", "missing_lines": 3, "excluded_lines": 0}, "missing_lines": [328, 333, 334], "excluded_lines": []}, "": {"executed_lines": [2, 32, 33, 34, 35, 36, 37, 38, 39, 41, 44, 45, 47, 48, 49, 52, 53, 54, 56, 57, 58, 60, 67, 68, 79, 108, 128, 158, 187, 220, 240, 275, 302, 303, 313, 342, 399], "summary": {"covered_lines": 32, "num_statements": 63, "percent_covered": 50.79365079365079, "percent_covered_display": "51", "missing_lines": 31, "excluded_lines": 0}, "missing_lines": [345, 348, 349, 351, 357, 359, 360, 361, 364, 365, 367, 370, 371, 372, 375, 376, 379, 380, 381, 382, 383, 384, 385, 388, 391, 392, 393, 394, 395, 396, 400], "excluded_lines": []}}}}, "totals": {"covered_lines": 1581, "num_statements": 17948, "percent_covered": 8.808780922665479, "percent_covered_display": "9", "missing_lines": 16367, "excluded_lines": 20}}
